<?xml version="1.0" encoding="UTF-8"?>
<robot generator="Robot 3.1.2 (Python 3.6.9 on linux)" generated="20200406 13:23:50.724" rpa="false">
<suite id="s1" name="Goto Goback" source="/home/elsys/Documents/vscode_robot_git/robot_frame_SDET/TestCase_012/goto_goback.robot">
<test id="s1-t1" name="LoginTest">
<kw name="openbrowserpath_application">
<kw name="Evaluate" library="BuiltIn">
<doc>Evaluates the given expression in Python and returns the results.</doc>
<arguments>
<arg>sys.modules['selenium.webdriver'].common.desired_capabilities.DesiredCapabilities.FIREFOX</arg>
<arg>sys, selenium.webdriver</arg>
</arguments>
<assign>
<var>${ff default caps}</var>
</assign>
<msg timestamp="20200406 13:23:50.838" level="INFO">${ff default caps} = {'browserName': 'firefox', 'marionette': True, 'acceptInsecureCerts': True}</msg>
<status status="PASS" starttime="20200406 13:23:50.837" endtime="20200406 13:23:50.838"></status>
</kw>
<kw name="Set To Dictionary" library="Collections">
<doc>Adds the given ``key_value_pairs`` and ``items`` to the ``dictionary``.</doc>
<arguments>
<arg>${ff default caps}</arg>
<arg>marionette =${True}</arg>
</arguments>
<status status="PASS" starttime="20200406 13:23:50.838" endtime="20200406 13:23:50.838"></status>
</kw>
<kw name="Create Webdriver" library="Selenium2Library">
<doc>Creates an instance of Selenium WebDriver.</doc>
<arguments>
<arg>Firefox</arg>
<arg>executable_path=/home/elsys/PycharmProjects/robot_frame/TestCases/geckodriver</arg>
</arguments>
<msg timestamp="20200406 13:23:50.838" level="INFO">Creating an instance of the Firefox WebDriver.</msg>
<status status="PASS" starttime="20200406 13:23:50.838" endtime="20200406 13:23:52.786"></status>
</kw>
<kw name="Maximize Browser Window" library="Selenium2Library">
<doc>Maximizes current browser window.</doc>
<status status="PASS" starttime="20200406 13:23:52.787" endtime="20200406 13:23:53.079"></status>
</kw>
<kw name="Sleep" library="BuiltIn">
<doc>Pauses the test executed for the given time.</doc>
<arguments>
<arg>3seconds</arg>
</arguments>
<msg timestamp="20200406 13:23:56.080" level="INFO">Slept 3 seconds</msg>
<status status="PASS" starttime="20200406 13:23:53.079" endtime="20200406 13:23:56.081"></status>
</kw>
<status status="PASS" starttime="20200406 13:23:50.837" endtime="20200406 13:23:56.081"></status>
</kw>
<kw name="Go To" library="Selenium2Library">
<doc>Navigates the active browser instance to the provided ``url``.</doc>
<arguments>
<arg>${url}</arg>
</arguments>
<msg timestamp="20200406 13:23:56.083" level="INFO">Opening url 'https://www.google.com'</msg>
<status status="PASS" starttime="20200406 13:23:56.082" endtime="20200406 13:23:59.506"></status>
</kw>
<kw name="Sleep" library="BuiltIn">
<doc>Pauses the test executed for the given time.</doc>
<arguments>
<arg>2</arg>
</arguments>
<msg timestamp="20200406 13:24:01.507" level="INFO">Slept 2 seconds</msg>
<status status="PASS" starttime="20200406 13:23:59.507" endtime="20200406 13:24:01.508"></status>
</kw>
<kw name="Get Location" library="Selenium2Library">
<doc>Returns the current browser URL.</doc>
<assign>
<var>${locat}</var>
</assign>
<msg timestamp="20200406 13:24:01.515" level="INFO">${locat} = https://www.google.com/</msg>
<status status="PASS" starttime="20200406 13:24:01.508" endtime="20200406 13:24:01.515"></status>
</kw>
<kw name="Log To Console" library="BuiltIn">
<doc>Logs the given message to the console.</doc>
<arguments>
<arg>${locat}</arg>
</arguments>
<status status="PASS" starttime="20200406 13:24:01.516" endtime="20200406 13:24:01.517"></status>
</kw>
<kw name="Log" library="BuiltIn">
<doc>Logs the given message with the given level.</doc>
<arguments>
<arg>${locat}</arg>
</arguments>
<msg timestamp="20200406 13:24:01.518" level="INFO">https://www.google.com/</msg>
<status status="PASS" starttime="20200406 13:24:01.517" endtime="20200406 13:24:01.518"></status>
</kw>
<kw name="closebrowser_application">
<kw name="Sleep" library="BuiltIn">
<doc>Pauses the test executed for the given time.</doc>
<arguments>
<arg>5seconds</arg>
</arguments>
<msg timestamp="20200406 13:24:06.520" level="INFO">Slept 5 seconds</msg>
<status status="PASS" starttime="20200406 13:24:01.519" endtime="20200406 13:24:06.520"></status>
</kw>
<kw name="Close All Browsers" library="Selenium2Library">
<doc>Closes all open browsers and resets the browser cache.</doc>
<status status="PASS" starttime="20200406 13:24:06.521" endtime="20200406 13:24:12.280"></status>
</kw>
<status status="PASS" starttime="20200406 13:24:01.518" endtime="20200406 13:24:12.281"></status>
</kw>
<status status="PASS" starttime="20200406 13:23:50.837" endtime="20200406 13:24:12.281" critical="yes"></status>
</test>
<doc>Input Boxes performance</doc>
<status status="PASS" starttime="20200406 13:23:50.724" endtime="20200406 13:24:12.284"></status>
</suite>
<statistics>
<total>
<stat pass="1" fail="0">Critical Tests</stat>
<stat pass="1" fail="0">All Tests</stat>
</total>
<tag>
</tag>
<suite>
<stat pass="1" fail="0" id="s1" name="Goto Goback">Goto Goback</stat>
</suite>
</statistics>
<errors>
</errors>
</robot>
