<?xml version="1.0" encoding="UTF-8"?>
<robot generator="Robot 3.1.2 (Python 3.6.9 on linux)" generated="20200406 13:50:29.409" rpa="false">
<suite id="s1" name="Goto Goback" source="/home/elsys/Documents/vscode_robot_git/robot_frame_SDET/TestCase_012/goto_goback.robot">
<test id="s1-t1" name="LoginTest">
<kw name="openbrowserpath_application">
<kw name="Evaluate" library="BuiltIn">
<doc>Evaluates the given expression in Python and returns the results.</doc>
<arguments>
<arg>sys.modules['selenium.webdriver'].common.desired_capabilities.DesiredCapabilities.FIREFOX</arg>
<arg>sys, selenium.webdriver</arg>
</arguments>
<assign>
<var>${ff default caps}</var>
</assign>
<msg timestamp="20200406 13:50:29.524" level="INFO">${ff default caps} = {'browserName': 'firefox', 'marionette': True, 'acceptInsecureCerts': True}</msg>
<status status="PASS" starttime="20200406 13:50:29.523" endtime="20200406 13:50:29.524"></status>
</kw>
<kw name="Set To Dictionary" library="Collections">
<doc>Adds the given ``key_value_pairs`` and ``items`` to the ``dictionary``.</doc>
<arguments>
<arg>${ff default caps}</arg>
<arg>marionette =${True}</arg>
</arguments>
<status status="PASS" starttime="20200406 13:50:29.524" endtime="20200406 13:50:29.524"></status>
</kw>
<kw name="Create Webdriver" library="Selenium2Library">
<doc>Creates an instance of Selenium WebDriver.</doc>
<arguments>
<arg>Firefox</arg>
<arg>executable_path=/home/elsys/PycharmProjects/robot_frame/TestCases/geckodriver</arg>
</arguments>
<msg timestamp="20200406 13:50:29.524" level="INFO">Creating an instance of the Firefox WebDriver.</msg>
<status status="PASS" starttime="20200406 13:50:29.524" endtime="20200406 13:50:31.523"></status>
</kw>
<kw name="Maximize Browser Window" library="Selenium2Library">
<doc>Maximizes current browser window.</doc>
<status status="PASS" starttime="20200406 13:50:31.523" endtime="20200406 13:50:31.815"></status>
</kw>
<kw name="Sleep" library="BuiltIn">
<doc>Pauses the test executed for the given time.</doc>
<arguments>
<arg>3seconds</arg>
</arguments>
<msg timestamp="20200406 13:50:34.816" level="INFO">Slept 3 seconds</msg>
<status status="PASS" starttime="20200406 13:50:31.815" endtime="20200406 13:50:34.816"></status>
</kw>
<status status="PASS" starttime="20200406 13:50:29.523" endtime="20200406 13:50:34.817"></status>
</kw>
<kw name="Go To" library="Selenium2Library">
<doc>Navigates the active browser instance to the provided ``url``.</doc>
<arguments>
<arg>${url}</arg>
</arguments>
<msg timestamp="20200406 13:50:34.819" level="INFO">Opening url 'https://www.google.com'</msg>
<status status="PASS" starttime="20200406 13:50:34.818" endtime="20200406 13:50:38.095"></status>
</kw>
<kw name="Sleep" library="BuiltIn">
<doc>Pauses the test executed for the given time.</doc>
<arguments>
<arg>2</arg>
</arguments>
<msg timestamp="20200406 13:50:40.096" level="INFO">Slept 2 seconds</msg>
<status status="PASS" starttime="20200406 13:50:38.095" endtime="20200406 13:50:40.096"></status>
</kw>
<kw name="Get Location" library="Selenium2Library">
<doc>Returns the current browser URL.</doc>
<assign>
<var>${locat}</var>
</assign>
<msg timestamp="20200406 13:50:40.105" level="INFO">${locat} = https://www.google.com/</msg>
<status status="PASS" starttime="20200406 13:50:40.097" endtime="20200406 13:50:40.105"></status>
</kw>
<kw name="Log To Console" library="BuiltIn">
<doc>Logs the given message to the console.</doc>
<arguments>
<arg>${locat}</arg>
</arguments>
<status status="PASS" starttime="20200406 13:50:40.106" endtime="20200406 13:50:40.107"></status>
</kw>
<kw name="Log" library="BuiltIn">
<doc>Logs the given message with the given level.</doc>
<arguments>
<arg>${locat}</arg>
</arguments>
<msg timestamp="20200406 13:50:40.108" level="INFO">https://www.google.com/</msg>
<status status="PASS" starttime="20200406 13:50:40.108" endtime="20200406 13:50:40.108"></status>
</kw>
<kw name="Sleep" library="BuiltIn">
<doc>Pauses the test executed for the given time.</doc>
<arguments>
<arg>2</arg>
</arguments>
<msg timestamp="20200406 13:50:42.110" level="INFO">Slept 2 seconds</msg>
<status status="PASS" starttime="20200406 13:50:40.109" endtime="20200406 13:50:42.111"></status>
</kw>
<kw name="Go To" library="Selenium2Library">
<doc>Navigates the active browser instance to the provided ``url``.</doc>
<arguments>
<arg>${url2}</arg>
</arguments>
<msg timestamp="20200406 13:50:42.112" level="INFO">Opening url 'https://www.bing.com'</msg>
<status status="PASS" starttime="20200406 13:50:42.111" endtime="20200406 13:50:43.774"></status>
</kw>
<kw name="Get Location" library="Selenium2Library">
<doc>Returns the current browser URL.</doc>
<assign>
<var>${locat2}</var>
</assign>
<msg timestamp="20200406 13:50:43.784" level="INFO">${locat2} = https://www.bing.com/</msg>
<status status="PASS" starttime="20200406 13:50:43.774" endtime="20200406 13:50:43.784"></status>
</kw>
<kw name="Log To Console" library="BuiltIn">
<doc>Logs the given message to the console.</doc>
<arguments>
<arg>${locat2}</arg>
</arguments>
<status status="PASS" starttime="20200406 13:50:43.785" endtime="20200406 13:50:43.785"></status>
</kw>
<kw name="Log" library="BuiltIn">
<doc>Logs the given message with the given level.</doc>
<arguments>
<arg>${locat2}</arg>
</arguments>
<msg timestamp="20200406 13:50:43.786" level="INFO">https://www.bing.com/</msg>
<status status="PASS" starttime="20200406 13:50:43.786" endtime="20200406 13:50:43.786"></status>
</kw>
<kw name="Sleep" library="BuiltIn">
<doc>Pauses the test executed for the given time.</doc>
<arguments>
<arg>2</arg>
</arguments>
<msg timestamp="20200406 13:50:45.787" level="INFO">Slept 2 seconds</msg>
<status status="PASS" starttime="20200406 13:50:43.787" endtime="20200406 13:50:45.788"></status>
</kw>
<kw name="Go Back" library="Selenium2Library">
<doc>Simulates the user clicking the back button on their browser.</doc>
<status status="PASS" starttime="20200406 13:50:45.789" endtime="20200406 13:50:45.910"></status>
</kw>
<kw name="Get Location" library="Selenium2Library">
<doc>Returns the current browser URL.</doc>
<assign>
<var>${locat}</var>
</assign>
<msg timestamp="20200406 13:50:45.915" level="INFO">${locat} = https://www.google.com/</msg>
<status status="PASS" starttime="20200406 13:50:45.910" endtime="20200406 13:50:45.915"></status>
</kw>
<kw name="Log To Console" library="BuiltIn">
<doc>Logs the given message to the console.</doc>
<arguments>
<arg>${locat}</arg>
</arguments>
<status status="PASS" starttime="20200406 13:50:45.915" endtime="20200406 13:50:45.915"></status>
</kw>
<kw name="Log" library="BuiltIn">
<doc>Logs the given message with the given level.</doc>
<arguments>
<arg>${locat}</arg>
</arguments>
<msg timestamp="20200406 13:50:45.916" level="INFO">https://www.google.com/</msg>
<status status="PASS" starttime="20200406 13:50:45.916" endtime="20200406 13:50:45.916"></status>
</kw>
<kw name="closebrowser_application">
<kw name="Sleep" library="BuiltIn">
<doc>Pauses the test executed for the given time.</doc>
<arguments>
<arg>5seconds</arg>
</arguments>
<msg timestamp="20200406 13:50:50.917" level="INFO">Slept 5 seconds</msg>
<status status="PASS" starttime="20200406 13:50:45.916" endtime="20200406 13:50:50.918"></status>
</kw>
<kw name="Close All Browsers" library="Selenium2Library">
<doc>Closes all open browsers and resets the browser cache.</doc>
<status status="PASS" starttime="20200406 13:50:50.918" endtime="20200406 13:50:53.675"></status>
</kw>
<status status="PASS" starttime="20200406 13:50:45.916" endtime="20200406 13:50:53.676"></status>
</kw>
<status status="PASS" starttime="20200406 13:50:29.523" endtime="20200406 13:50:53.676" critical="yes"></status>
</test>
<doc>Input Boxes performance</doc>
<status status="PASS" starttime="20200406 13:50:29.410" endtime="20200406 13:50:53.679"></status>
</suite>
<statistics>
<total>
<stat pass="1" fail="0">Critical Tests</stat>
<stat pass="1" fail="0">All Tests</stat>
</total>
<tag>
</tag>
<suite>
<stat pass="1" fail="0" id="s1" name="Goto Goback">Goto Goback</stat>
</suite>
</statistics>
<errors>
</errors>
</robot>
