<?xml version="1.0" encoding="UTF-8"?>
<robot generator="Robot 3.1.2 (Python 3.6.9 on linux)" generated="20200406 13:44:29.621" rpa="false">
<suite id="s1" name="Goto Goback" source="/home/elsys/Documents/vscode_robot_git/robot_frame_SDET/TestCase_012/goto_goback.robot">
<test id="s1-t1" name="LoginTest">
<kw name="openbrowserpath_application">
<kw name="Evaluate" library="BuiltIn">
<doc>Evaluates the given expression in Python and returns the results.</doc>
<arguments>
<arg>sys.modules['selenium.webdriver'].common.desired_capabilities.DesiredCapabilities.FIREFOX</arg>
<arg>sys, selenium.webdriver</arg>
</arguments>
<assign>
<var>${ff default caps}</var>
</assign>
<msg timestamp="20200406 13:44:29.740" level="INFO">${ff default caps} = {'browserName': 'firefox', 'marionette': True, 'acceptInsecureCerts': True}</msg>
<status status="PASS" starttime="20200406 13:44:29.739" endtime="20200406 13:44:29.740"></status>
</kw>
<kw name="Set To Dictionary" library="Collections">
<doc>Adds the given ``key_value_pairs`` and ``items`` to the ``dictionary``.</doc>
<arguments>
<arg>${ff default caps}</arg>
<arg>marionette =${True}</arg>
</arguments>
<status status="PASS" starttime="20200406 13:44:29.740" endtime="20200406 13:44:29.740"></status>
</kw>
<kw name="Create Webdriver" library="Selenium2Library">
<doc>Creates an instance of Selenium WebDriver.</doc>
<arguments>
<arg>Firefox</arg>
<arg>executable_path=/home/elsys/PycharmProjects/robot_frame/TestCases/geckodriver</arg>
</arguments>
<msg timestamp="20200406 13:44:29.740" level="INFO">Creating an instance of the Firefox WebDriver.</msg>
<status status="PASS" starttime="20200406 13:44:29.740" endtime="20200406 13:44:31.797"></status>
</kw>
<kw name="Maximize Browser Window" library="Selenium2Library">
<doc>Maximizes current browser window.</doc>
<status status="PASS" starttime="20200406 13:44:31.797" endtime="20200406 13:44:32.089"></status>
</kw>
<kw name="Sleep" library="BuiltIn">
<doc>Pauses the test executed for the given time.</doc>
<arguments>
<arg>3seconds</arg>
</arguments>
<msg timestamp="20200406 13:44:35.091" level="INFO">Slept 3 seconds</msg>
<status status="PASS" starttime="20200406 13:44:32.090" endtime="20200406 13:44:35.091"></status>
</kw>
<status status="PASS" starttime="20200406 13:44:29.739" endtime="20200406 13:44:35.091"></status>
</kw>
<kw name="Go To" library="Selenium2Library">
<doc>Navigates the active browser instance to the provided ``url``.</doc>
<arguments>
<arg>${url}</arg>
</arguments>
<msg timestamp="20200406 13:44:35.092" level="INFO">Opening url 'https://www.google.com'</msg>
<status status="PASS" starttime="20200406 13:44:35.092" endtime="20200406 13:44:37.941"></status>
</kw>
<kw name="Sleep" library="BuiltIn">
<doc>Pauses the test executed for the given time.</doc>
<arguments>
<arg>2</arg>
</arguments>
<msg timestamp="20200406 13:44:39.941" level="INFO">Slept 2 seconds</msg>
<status status="PASS" starttime="20200406 13:44:37.941" endtime="20200406 13:44:39.942"></status>
</kw>
<kw name="Get Location" library="Selenium2Library">
<doc>Returns the current browser URL.</doc>
<assign>
<var>${locat}</var>
</assign>
<msg timestamp="20200406 13:44:39.951" level="INFO">${locat} = https://www.google.com/</msg>
<status status="PASS" starttime="20200406 13:44:39.943" endtime="20200406 13:44:39.951"></status>
</kw>
<kw name="Log To Console" library="BuiltIn">
<doc>Logs the given message to the console.</doc>
<arguments>
<arg>${locat}</arg>
</arguments>
<status status="PASS" starttime="20200406 13:44:39.952" endtime="20200406 13:44:39.953"></status>
</kw>
<kw name="Log" library="BuiltIn">
<doc>Logs the given message with the given level.</doc>
<arguments>
<arg>${locat}</arg>
</arguments>
<msg timestamp="20200406 13:44:39.955" level="INFO">https://www.google.com/</msg>
<status status="PASS" starttime="20200406 13:44:39.954" endtime="20200406 13:44:39.955"></status>
</kw>
<kw name="Sleep" library="BuiltIn">
<doc>Pauses the test executed for the given time.</doc>
<arguments>
<arg>2</arg>
</arguments>
<msg timestamp="20200406 13:44:41.956" level="INFO">Slept 2 seconds</msg>
<status status="PASS" starttime="20200406 13:44:39.955" endtime="20200406 13:44:41.957"></status>
</kw>
<kw name="Go To" library="Selenium2Library">
<doc>Navigates the active browser instance to the provided ``url``.</doc>
<arguments>
<arg>${url2}</arg>
</arguments>
<msg timestamp="20200406 13:44:41.959" level="INFO">Opening url 'https://www.bing.com'</msg>
<status status="PASS" starttime="20200406 13:44:41.958" endtime="20200406 13:44:43.441"></status>
</kw>
<kw name="Get Location" library="Selenium2Library">
<doc>Returns the current browser URL.</doc>
<assign>
<var>${locat2}</var>
</assign>
<msg timestamp="20200406 13:44:43.453" level="INFO">${locat2} = https://www.bing.com/</msg>
<status status="PASS" starttime="20200406 13:44:43.441" endtime="20200406 13:44:43.453"></status>
</kw>
<kw name="Log To Console" library="BuiltIn">
<doc>Logs the given message to the console.</doc>
<arguments>
<arg>${locat2}</arg>
</arguments>
<status status="PASS" starttime="20200406 13:44:43.454" endtime="20200406 13:44:43.455"></status>
</kw>
<kw name="Log" library="BuiltIn">
<doc>Logs the given message with the given level.</doc>
<arguments>
<arg>${locat2}</arg>
</arguments>
<msg timestamp="20200406 13:44:43.456" level="INFO">https://www.bing.com/</msg>
<status status="PASS" starttime="20200406 13:44:43.455" endtime="20200406 13:44:43.456"></status>
</kw>
<kw name="Sleep" library="BuiltIn">
<doc>Pauses the test executed for the given time.</doc>
<arguments>
<arg>2</arg>
</arguments>
<msg timestamp="20200406 13:44:45.457" level="INFO">Slept 2 seconds</msg>
<status status="PASS" starttime="20200406 13:44:43.456" endtime="20200406 13:44:45.458"></status>
</kw>
<kw name="Go Back" library="Selenium2Library">
<doc>Simulates the user clicking the back button on their browser.</doc>
<status status="PASS" starttime="20200406 13:44:45.459" endtime="20200406 13:44:45.566"></status>
</kw>
<kw name="Get Location" library="Selenium2Library">
<doc>Returns the current browser URL.</doc>
<assign>
<var>${locat}</var>
</assign>
<msg timestamp="20200406 13:44:45.570" level="INFO">${locat} = https://www.google.com/</msg>
<status status="PASS" starttime="20200406 13:44:45.566" endtime="20200406 13:44:45.571"></status>
</kw>
<kw name="Log To Console" library="BuiltIn">
<doc>Logs the given message to the console.</doc>
<arguments>
<arg>${locat}</arg>
</arguments>
<status status="PASS" starttime="20200406 13:44:45.571" endtime="20200406 13:44:45.571"></status>
</kw>
<kw name="Log" library="BuiltIn">
<doc>Logs the given message with the given level.</doc>
<arguments>
<arg>${locat}</arg>
</arguments>
<msg timestamp="20200406 13:44:45.572" level="INFO">https://www.google.com/</msg>
<status status="PASS" starttime="20200406 13:44:45.572" endtime="20200406 13:44:45.572"></status>
</kw>
<kw name="closebrowser_application">
<kw name="Sleep" library="BuiltIn">
<doc>Pauses the test executed for the given time.</doc>
<arguments>
<arg>5seconds</arg>
</arguments>
<msg timestamp="20200406 13:44:50.573" level="INFO">Slept 5 seconds</msg>
<status status="PASS" starttime="20200406 13:44:45.573" endtime="20200406 13:44:50.574"></status>
</kw>
<kw name="Close All Browsers" library="Selenium2Library">
<doc>Closes all open browsers and resets the browser cache.</doc>
<status status="PASS" starttime="20200406 13:44:50.574" endtime="20200406 13:44:56.302"></status>
</kw>
<status status="PASS" starttime="20200406 13:44:45.572" endtime="20200406 13:44:56.302"></status>
</kw>
<status status="PASS" starttime="20200406 13:44:29.738" endtime="20200406 13:44:56.302" critical="yes"></status>
</test>
<doc>Input Boxes performance</doc>
<status status="PASS" starttime="20200406 13:44:29.622" endtime="20200406 13:44:56.303"></status>
</suite>
<statistics>
<total>
<stat pass="1" fail="0">Critical Tests</stat>
<stat pass="1" fail="0">All Tests</stat>
</total>
<tag>
</tag>
<suite>
<stat pass="1" fail="0" id="s1" name="Goto Goback">Goto Goback</stat>
</suite>
</statistics>
<errors>
</errors>
</robot>
