<?xml version="1.0" encoding="UTF-8"?>
<robot generator="Robot 3.1.2 (Python 3.6.9 on linux)" generated="20200409 20:35:19.544" rpa="false">
<suite id="s1" name="Data Driver Test" source="/home/elsys/Documents/vscode_robot_git/robot_frame_SDET/TestCase_019/data_driver_test.robot">
<kw name="Open Browser" library="login_resources" type="setup">
<kw name="openbrowserpath_application" library="login_resources">
<arguments>
<arg>${browser}</arg>
<arg>${url}</arg>
</arguments>
<assign>
<var>${page_title_main}</var>
</assign>
<kw name="Evaluate" library="BuiltIn">
<doc>Evaluates the given expression in Python and returns the results.</doc>
<arguments>
<arg>sys.modules['selenium.webdriver'].common.desired_capabilities.DesiredCapabilities.FIREFOX</arg>
<arg>sys, selenium.webdriver</arg>
</arguments>
<assign>
<var>${ff default caps}</var>
</assign>
<msg timestamp="20200409 20:35:19.664" level="INFO">${ff default caps} = {'browserName': 'firefox', 'marionette': True, 'acceptInsecureCerts': True}</msg>
<status status="PASS" starttime="20200409 20:35:19.664" endtime="20200409 20:35:19.664"></status>
</kw>
<kw name="Set To Dictionary" library="Collections">
<doc>Adds the given ``key_value_pairs`` and ``items`` to the ``dictionary``.</doc>
<arguments>
<arg>${ff default caps}</arg>
<arg>marionette =${True}</arg>
</arguments>
<status status="PASS" starttime="20200409 20:35:19.664" endtime="20200409 20:35:19.665"></status>
</kw>
<kw name="Create Webdriver" library="Selenium2Library">
<doc>Creates an instance of Selenium WebDriver.</doc>
<arguments>
<arg>${app_browser}</arg>
<arg>executable_path=/home/elsys/PycharmProjects/robot_frame/TestCases/geckodriver</arg>
</arguments>
<msg timestamp="20200409 20:35:19.665" level="INFO">Creating an instance of the Firefox WebDriver.</msg>
<status status="PASS" starttime="20200409 20:35:19.665" endtime="20200409 20:35:21.914"></status>
</kw>
<kw name="Maximize Browser Window" library="Selenium2Library">
<doc>Maximizes current browser window.</doc>
<status status="PASS" starttime="20200409 20:35:21.914" endtime="20200409 20:35:22.201"></status>
</kw>
<kw name="Sleep" library="BuiltIn">
<doc>Pauses the test executed for the given time.</doc>
<arguments>
<arg>3seconds</arg>
</arguments>
<msg timestamp="20200409 20:35:25.202" level="INFO">Slept 3 seconds</msg>
<status status="PASS" starttime="20200409 20:35:22.202" endtime="20200409 20:35:25.203"></status>
</kw>
<kw name="Go To" library="Selenium2Library">
<doc>Navigates the active browser instance to the provided ``url``.</doc>
<arguments>
<arg>${app_url}</arg>
</arguments>
<msg timestamp="20200409 20:35:25.204" level="INFO">Opening url 'https://admin-demo.nopcommerce.com'</msg>
<status status="PASS" starttime="20200409 20:35:25.203" endtime="20200409 20:35:36.367"></status>
</kw>
<kw name="Sleep" library="BuiltIn">
<doc>Pauses the test executed for the given time.</doc>
<arguments>
<arg>2</arg>
</arguments>
<msg timestamp="20200409 20:35:38.369" level="INFO">Slept 2 seconds</msg>
<status status="PASS" starttime="20200409 20:35:36.368" endtime="20200409 20:35:38.369"></status>
</kw>
<kw name="Set Selenium Speed" library="Selenium2Library">
<doc>Sets the delay that is waited after each Selenium command.</doc>
<arguments>
<arg>0.1</arg>
</arguments>
<status status="PASS" starttime="20200409 20:35:38.370" endtime="20200409 20:35:38.370"></status>
</kw>
<kw name="Get Location" library="Selenium2Library">
<doc>Returns the current browser URL.</doc>
<assign>
<var>${locat}</var>
</assign>
<msg timestamp="20200409 20:35:38.479" level="INFO">${locat} = https://admin-demo.nopcommerce.com/login?ReturnUrl=%2Fadmin%2F</msg>
<status status="PASS" starttime="20200409 20:35:38.371" endtime="20200409 20:35:38.479"></status>
</kw>
<kw name="Log" library="BuiltIn">
<doc>Logs the given message with the given level.</doc>
<arguments>
<arg>${locat}</arg>
</arguments>
<msg timestamp="20200409 20:35:38.481" level="INFO">https://admin-demo.nopcommerce.com/login?ReturnUrl=%2Fadmin%2F</msg>
<status status="PASS" starttime="20200409 20:35:38.479" endtime="20200409 20:35:38.481"></status>
</kw>
<kw name="Get Title" library="Selenium2Library">
<doc>Returns the title of current page.</doc>
<assign>
<var>${title_page}</var>
</assign>
<msg timestamp="20200409 20:35:38.590" level="INFO">${title_page} = Your store. Login</msg>
<status status="PASS" starttime="20200409 20:35:38.482" endtime="20200409 20:35:38.591"></status>
</kw>
<kw name="Log" library="BuiltIn">
<doc>Logs the given message with the given level.</doc>
<arguments>
<arg>${title_page}</arg>
</arguments>
<msg timestamp="20200409 20:35:38.592" level="INFO">Your store. Login</msg>
<status status="PASS" starttime="20200409 20:35:38.591" endtime="20200409 20:35:38.592"></status>
</kw>
<msg timestamp="20200409 20:35:38.593" level="INFO">${page_title_main} = Your store. Login</msg>
<status status="PASS" starttime="20200409 20:35:19.664" endtime="20200409 20:35:38.593"></status>
</kw>
<kw name="Log" library="BuiltIn">
<doc>Logs the given message with the given level.</doc>
<arguments>
<arg>${page_title_main}</arg>
</arguments>
<msg timestamp="20200409 20:35:38.594" level="INFO">Your store. Login</msg>
<status status="PASS" starttime="20200409 20:35:38.593" endtime="20200409 20:35:38.594"></status>
</kw>
<status status="PASS" starttime="20200409 20:35:19.663" endtime="20200409 20:35:38.595"></status>
</kw>
<test id="s1-t1" name="Right user empty pass">
<kw name="Invalid login">
<arguments>
<arg>admin@yourstore.com</arg>
<arg>${EMPTY}</arg>
</arguments>
<kw name="input_username_application" library="login_resources">
<arguments>
<arg>${username}</arg>
</arguments>
<kw name="Input Text" library="Selenium2Library">
<doc>Types the given ``text`` into text field identified by ``locator``.</doc>
<arguments>
<arg>id:Email</arg>
<arg>${username}</arg>
</arguments>
<msg timestamp="20200409 20:35:38.601" level="INFO">Typing text 'admin@yourstore.com' into text field 'id:Email'.</msg>
<status status="PASS" starttime="20200409 20:35:38.600" endtime="20200409 20:35:38.998"></status>
</kw>
<status status="PASS" starttime="20200409 20:35:38.599" endtime="20200409 20:35:38.998"></status>
</kw>
<kw name="input_password_application" library="login_resources">
<arguments>
<arg>${password}</arg>
</arguments>
<kw name="Input Text" library="Selenium2Library">
<doc>Types the given ``text`` into text field identified by ``locator``.</doc>
<arguments>
<arg>id:Password</arg>
<arg>${password}</arg>
</arguments>
<msg timestamp="20200409 20:35:39.001" level="INFO">Typing text '' into text field 'id:Password'.</msg>
<status status="PASS" starttime="20200409 20:35:39.000" endtime="20200409 20:35:39.382"></status>
</kw>
<status status="PASS" starttime="20200409 20:35:38.999" endtime="20200409 20:35:39.382"></status>
</kw>
<kw name="click_login_application" library="login_resources">
<kw name="Click Element" library="Selenium2Library">
<doc>Click element identified by ``locator``.</doc>
<arguments>
<arg>xpath://input[@class='button-1 login-button']</arg>
</arguments>
<msg timestamp="20200409 20:35:39.384" level="INFO">Clicking element 'xpath://input[@class='button-1 login-button']'.</msg>
<status status="PASS" starttime="20200409 20:35:39.384" endtime="20200409 20:35:40.210"></status>
</kw>
<status status="PASS" starttime="20200409 20:35:39.383" endtime="20200409 20:35:40.210"></status>
</kw>
<kw name="Error_message_login_application" library="login_resources">
<kw name="Page Should Contain" library="Selenium2Library">
<doc>Verifies that current page contains ``text``.</doc>
<arguments>
<arg>Login was unsuccessful</arg>
</arguments>
<msg timestamp="20200409 20:35:40.440" level="INFO">Current page contains text 'Login was unsuccessful'.</msg>
<status status="PASS" starttime="20200409 20:35:40.211" endtime="20200409 20:35:40.441"></status>
</kw>
<status status="PASS" starttime="20200409 20:35:40.210" endtime="20200409 20:35:40.441"></status>
</kw>
<status status="PASS" starttime="20200409 20:35:38.597" endtime="20200409 20:35:40.441"></status>
</kw>
<status status="PASS" starttime="20200409 20:35:38.595" endtime="20200409 20:35:40.442" critical="yes"></status>
</test>
<test id="s1-t2" name="Right user wrong pass">
<kw name="Invalid login">
<arguments>
<arg>admin@yourstore.com</arg>
<arg>xyz</arg>
</arguments>
<kw name="input_username_application" library="login_resources">
<arguments>
<arg>${username}</arg>
</arguments>
<kw name="Input Text" library="Selenium2Library">
<doc>Types the given ``text`` into text field identified by ``locator``.</doc>
<arguments>
<arg>id:Email</arg>
<arg>${username}</arg>
</arguments>
<msg timestamp="20200409 20:35:40.449" level="INFO">Typing text 'admin@yourstore.com' into text field 'id:Email'.</msg>
<status status="PASS" starttime="20200409 20:35:40.449" endtime="20200409 20:35:40.834"></status>
</kw>
<status status="PASS" starttime="20200409 20:35:40.447" endtime="20200409 20:35:40.834"></status>
</kw>
<kw name="input_password_application" library="login_resources">
<arguments>
<arg>${password}</arg>
</arguments>
<kw name="Input Text" library="Selenium2Library">
<doc>Types the given ``text`` into text field identified by ``locator``.</doc>
<arguments>
<arg>id:Password</arg>
<arg>${password}</arg>
</arguments>
<msg timestamp="20200409 20:35:40.836" level="INFO">Typing text 'xyz' into text field 'id:Password'.</msg>
<status status="PASS" starttime="20200409 20:35:40.835" endtime="20200409 20:35:41.213"></status>
</kw>
<status status="PASS" starttime="20200409 20:35:40.834" endtime="20200409 20:35:41.214"></status>
</kw>
<kw name="click_login_application" library="login_resources">
<kw name="Click Element" library="Selenium2Library">
<doc>Click element identified by ``locator``.</doc>
<arguments>
<arg>xpath://input[@class='button-1 login-button']</arg>
</arguments>
<msg timestamp="20200409 20:35:41.216" level="INFO">Clicking element 'xpath://input[@class='button-1 login-button']'.</msg>
<status status="PASS" starttime="20200409 20:35:41.215" endtime="20200409 20:35:42.109"></status>
</kw>
<status status="PASS" starttime="20200409 20:35:41.214" endtime="20200409 20:35:42.109"></status>
</kw>
<kw name="Error_message_login_application" library="login_resources">
<kw name="Page Should Contain" library="Selenium2Library">
<doc>Verifies that current page contains ``text``.</doc>
<arguments>
<arg>Login was unsuccessful</arg>
</arguments>
<msg timestamp="20200409 20:35:42.337" level="INFO">Current page contains text 'Login was unsuccessful'.</msg>
<status status="PASS" starttime="20200409 20:35:42.110" endtime="20200409 20:35:42.337"></status>
</kw>
<status status="PASS" starttime="20200409 20:35:42.109" endtime="20200409 20:35:42.338"></status>
</kw>
<status status="PASS" starttime="20200409 20:35:40.446" endtime="20200409 20:35:42.338"></status>
</kw>
<status status="PASS" starttime="20200409 20:35:40.445" endtime="20200409 20:35:42.338" critical="yes"></status>
</test>
<test id="s1-t3" name="wrong user right pass">
<kw name="Invalid login">
<arguments>
<arg>admin@yourstore1.com</arg>
<arg>admin</arg>
</arguments>
<kw name="input_username_application" library="login_resources">
<arguments>
<arg>${username}</arg>
</arguments>
<kw name="Input Text" library="Selenium2Library">
<doc>Types the given ``text`` into text field identified by ``locator``.</doc>
<arguments>
<arg>id:Email</arg>
<arg>${username}</arg>
</arguments>
<msg timestamp="20200409 20:35:42.344" level="INFO">Typing text 'admin@yourstore1.com' into text field 'id:Email'.</msg>
<status status="PASS" starttime="20200409 20:35:42.343" endtime="20200409 20:35:42.747"></status>
</kw>
<status status="PASS" starttime="20200409 20:35:42.342" endtime="20200409 20:35:42.748"></status>
</kw>
<kw name="input_password_application" library="login_resources">
<arguments>
<arg>${password}</arg>
</arguments>
<kw name="Input Text" library="Selenium2Library">
<doc>Types the given ``text`` into text field identified by ``locator``.</doc>
<arguments>
<arg>id:Password</arg>
<arg>${password}</arg>
</arguments>
<msg timestamp="20200409 20:35:42.750" level="INFO">Typing text 'admin' into text field 'id:Password'.</msg>
<status status="PASS" starttime="20200409 20:35:42.749" endtime="20200409 20:35:43.130"></status>
</kw>
<status status="PASS" starttime="20200409 20:35:42.748" endtime="20200409 20:35:43.130"></status>
</kw>
<kw name="click_login_application" library="login_resources">
<kw name="Click Element" library="Selenium2Library">
<doc>Click element identified by ``locator``.</doc>
<arguments>
<arg>xpath://input[@class='button-1 login-button']</arg>
</arguments>
<msg timestamp="20200409 20:35:43.132" level="INFO">Clicking element 'xpath://input[@class='button-1 login-button']'.</msg>
<status status="PASS" starttime="20200409 20:35:43.132" endtime="20200409 20:35:44.046"></status>
</kw>
<status status="PASS" starttime="20200409 20:35:43.131" endtime="20200409 20:35:44.046"></status>
</kw>
<kw name="Error_message_login_application" library="login_resources">
<kw name="Page Should Contain" library="Selenium2Library">
<doc>Verifies that current page contains ``text``.</doc>
<arguments>
<arg>Login was unsuccessful</arg>
</arguments>
<msg timestamp="20200409 20:35:44.275" level="INFO">Current page contains text 'Login was unsuccessful'.</msg>
<status status="PASS" starttime="20200409 20:35:44.048" endtime="20200409 20:35:44.276"></status>
</kw>
<status status="PASS" starttime="20200409 20:35:44.047" endtime="20200409 20:35:44.276"></status>
</kw>
<status status="PASS" starttime="20200409 20:35:42.341" endtime="20200409 20:35:44.277"></status>
</kw>
<status status="PASS" starttime="20200409 20:35:42.340" endtime="20200409 20:35:44.277" critical="yes"></status>
</test>
<test id="s1-t4" name="wrong user empty pass">
<kw name="Invalid login">
<arguments>
<arg>admin@yourstore1.com</arg>
<arg>${EMPTY}</arg>
</arguments>
<kw name="input_username_application" library="login_resources">
<arguments>
<arg>${username}</arg>
</arguments>
<kw name="Input Text" library="Selenium2Library">
<doc>Types the given ``text`` into text field identified by ``locator``.</doc>
<arguments>
<arg>id:Email</arg>
<arg>${username}</arg>
</arguments>
<msg timestamp="20200409 20:35:44.284" level="INFO">Typing text 'admin@yourstore1.com' into text field 'id:Email'.</msg>
<status status="PASS" starttime="20200409 20:35:44.283" endtime="20200409 20:35:44.685"></status>
</kw>
<status status="PASS" starttime="20200409 20:35:44.282" endtime="20200409 20:35:44.686"></status>
</kw>
<kw name="input_password_application" library="login_resources">
<arguments>
<arg>${password}</arg>
</arguments>
<kw name="Input Text" library="Selenium2Library">
<doc>Types the given ``text`` into text field identified by ``locator``.</doc>
<arguments>
<arg>id:Password</arg>
<arg>${password}</arg>
</arguments>
<msg timestamp="20200409 20:35:44.688" level="INFO">Typing text '' into text field 'id:Password'.</msg>
<status status="PASS" starttime="20200409 20:35:44.687" endtime="20200409 20:35:45.061"></status>
</kw>
<status status="PASS" starttime="20200409 20:35:44.686" endtime="20200409 20:35:45.061"></status>
</kw>
<kw name="click_login_application" library="login_resources">
<kw name="Click Element" library="Selenium2Library">
<doc>Click element identified by ``locator``.</doc>
<arguments>
<arg>xpath://input[@class='button-1 login-button']</arg>
</arguments>
<msg timestamp="20200409 20:35:45.063" level="INFO">Clicking element 'xpath://input[@class='button-1 login-button']'.</msg>
<status status="PASS" starttime="20200409 20:35:45.063" endtime="20200409 20:35:45.856"></status>
</kw>
<status status="PASS" starttime="20200409 20:35:45.062" endtime="20200409 20:35:45.857"></status>
</kw>
<kw name="Error_message_login_application" library="login_resources">
<kw name="Page Should Contain" library="Selenium2Library">
<doc>Verifies that current page contains ``text``.</doc>
<arguments>
<arg>Login was unsuccessful</arg>
</arguments>
<msg timestamp="20200409 20:35:46.086" level="INFO">Current page contains text 'Login was unsuccessful'.</msg>
<status status="PASS" starttime="20200409 20:35:45.858" endtime="20200409 20:35:46.087"></status>
</kw>
<status status="PASS" starttime="20200409 20:35:45.857" endtime="20200409 20:35:46.088"></status>
</kw>
<status status="PASS" starttime="20200409 20:35:44.280" endtime="20200409 20:35:46.088"></status>
</kw>
<status status="PASS" starttime="20200409 20:35:44.279" endtime="20200409 20:35:46.089" critical="yes"></status>
</test>
<test id="s1-t5" name="worng user wrong pass">
<kw name="Invalid login">
<arguments>
<arg>admin@yourstore1.com</arg>
<arg>admin1</arg>
</arguments>
<kw name="input_username_application" library="login_resources">
<arguments>
<arg>${username}</arg>
</arguments>
<kw name="Input Text" library="Selenium2Library">
<doc>Types the given ``text`` into text field identified by ``locator``.</doc>
<arguments>
<arg>id:Email</arg>
<arg>${username}</arg>
</arguments>
<msg timestamp="20200409 20:35:46.097" level="INFO">Typing text 'admin@yourstore1.com' into text field 'id:Email'.</msg>
<status status="PASS" starttime="20200409 20:35:46.096" endtime="20200409 20:35:46.498"></status>
</kw>
<status status="PASS" starttime="20200409 20:35:46.094" endtime="20200409 20:35:46.499"></status>
</kw>
<kw name="input_password_application" library="login_resources">
<arguments>
<arg>${password}</arg>
</arguments>
<kw name="Input Text" library="Selenium2Library">
<doc>Types the given ``text`` into text field identified by ``locator``.</doc>
<arguments>
<arg>id:Password</arg>
<arg>${password}</arg>
</arguments>
<msg timestamp="20200409 20:35:46.501" level="INFO">Typing text 'admin1' into text field 'id:Password'.</msg>
<status status="PASS" starttime="20200409 20:35:46.501" endtime="20200409 20:35:46.875"></status>
</kw>
<status status="PASS" starttime="20200409 20:35:46.499" endtime="20200409 20:35:46.876"></status>
</kw>
<kw name="click_login_application" library="login_resources">
<kw name="Click Element" library="Selenium2Library">
<doc>Click element identified by ``locator``.</doc>
<arguments>
<arg>xpath://input[@class='button-1 login-button']</arg>
</arguments>
<msg timestamp="20200409 20:35:46.878" level="INFO">Clicking element 'xpath://input[@class='button-1 login-button']'.</msg>
<status status="PASS" starttime="20200409 20:35:46.878" endtime="20200409 20:35:48.186"></status>
</kw>
<status status="PASS" starttime="20200409 20:35:46.876" endtime="20200409 20:35:48.187"></status>
</kw>
<kw name="Error_message_login_application" library="login_resources">
<kw name="Page Should Contain" library="Selenium2Library">
<doc>Verifies that current page contains ``text``.</doc>
<arguments>
<arg>Login was unsuccessful</arg>
</arguments>
<msg timestamp="20200409 20:35:48.419" level="INFO">Current page contains text 'Login was unsuccessful'.</msg>
<status status="PASS" starttime="20200409 20:35:48.188" endtime="20200409 20:35:48.419"></status>
</kw>
<status status="PASS" starttime="20200409 20:35:48.187" endtime="20200409 20:35:48.419"></status>
</kw>
<status status="PASS" starttime="20200409 20:35:46.093" endtime="20200409 20:35:48.420"></status>
</kw>
<status status="PASS" starttime="20200409 20:35:46.091" endtime="20200409 20:35:48.420" critical="yes"></status>
</test>
<kw name="close_browser_application" library="login_resources" type="teardown">
<kw name="Sleep" library="BuiltIn">
<doc>Pauses the test executed for the given time.</doc>
<arguments>
<arg>3</arg>
</arguments>
<msg timestamp="20200409 20:35:51.425" level="INFO">Slept 3 seconds</msg>
<status status="PASS" starttime="20200409 20:35:48.424" endtime="20200409 20:35:51.425"></status>
</kw>
<kw name="Close All Browsers" library="Selenium2Library">
<doc>Closes all open browsers and resets the browser cache.</doc>
<status status="PASS" starttime="20200409 20:35:51.426" endtime="20200409 20:35:54.217"></status>
</kw>
<status status="PASS" starttime="20200409 20:35:48.423" endtime="20200409 20:35:54.217"></status>
</kw>
<doc>Resources Files and Keywords</doc>
<status status="PASS" starttime="20200409 20:35:19.545" endtime="20200409 20:35:54.217"></status>
</suite>
<statistics>
<total>
<stat pass="5" fail="0">Critical Tests</stat>
<stat pass="5" fail="0">All Tests</stat>
</total>
<tag>
</tag>
<suite>
<stat pass="5" fail="0" id="s1" name="Data Driver Test">Data Driver Test</stat>
</suite>
</statistics>
<errors>
</errors>
</robot>
