<?xml version="1.0" encoding="UTF-8"?>
<robot generator="Robot 3.1.2 (Python 3.6.9 on linux)" generated="20200404 22:13:10.882" rpa="false">
<suite id="s1" name="Waits Time Out" source="/home/elsys/Desktop/Teste/robot_frame/TestCase_04/waits_time_out.robot">
<test id="s1-t1" name="LoginTest">
<kw name="Get Selenium Speed" library="Selenium2Library">
<doc>Gets the delay that is waited after each Selenium command.</doc>
<assign>
<var>${speed_selenium}</var>
</assign>
<msg timestamp="20200404 22:13:10.994" level="INFO">${speed_selenium} = 0 seconds</msg>
<status status="PASS" starttime="20200404 22:13:10.994" endtime="20200404 22:13:10.994"></status>
</kw>
<kw name="Log To Console" library="BuiltIn">
<doc>Logs the given message to the console.</doc>
<arguments>
<arg>${speed_selenium}</arg>
</arguments>
<status status="PASS" starttime="20200404 22:13:10.994" endtime="20200404 22:13:10.995"></status>
</kw>
<kw name="openbrowserpathapplication">
<kw name="Evaluate" library="BuiltIn">
<doc>Evaluates the given expression in Python and returns the results.</doc>
<arguments>
<arg>sys.modules['selenium.webdriver'].common.desired_capabilities.DesiredCapabilities.FIREFOX</arg>
<arg>sys, selenium.webdriver</arg>
</arguments>
<assign>
<var>${ff default caps}</var>
</assign>
<msg timestamp="20200404 22:13:10.996" level="INFO">${ff default caps} = {'browserName': 'firefox', 'marionette': True, 'acceptInsecureCerts': True}</msg>
<status status="PASS" starttime="20200404 22:13:10.995" endtime="20200404 22:13:10.996"></status>
</kw>
<kw name="Set To Dictionary" library="Collections">
<doc>Adds the given ``key_value_pairs`` and ``items`` to the ``dictionary``.</doc>
<arguments>
<arg>${ff default caps}</arg>
<arg>marionette =${True}</arg>
</arguments>
<status status="PASS" starttime="20200404 22:13:10.996" endtime="20200404 22:13:10.996"></status>
</kw>
<kw name="Create Webdriver" library="Selenium2Library">
<doc>Creates an instance of Selenium WebDriver.</doc>
<arguments>
<arg>Firefox</arg>
<arg>executable_path=/home/elsys/PycharmProjects/robot_frame/TestCases/geckodriver</arg>
</arguments>
<msg timestamp="20200404 22:13:10.997" level="INFO">Creating an instance of the Firefox WebDriver.</msg>
<status status="PASS" starttime="20200404 22:13:10.996" endtime="20200404 22:13:12.848"></status>
</kw>
<kw name="Maximize Browser Window" library="Selenium2Library">
<doc>Maximizes current browser window.</doc>
<status status="PASS" starttime="20200404 22:13:12.848" endtime="20200404 22:13:13.132"></status>
</kw>
<kw name="Sleep" library="BuiltIn">
<doc>Pauses the test executed for the given time.</doc>
<arguments>
<arg>3seconds</arg>
</arguments>
<msg timestamp="20200404 22:13:16.133" level="INFO">Slept 3 seconds</msg>
<status status="PASS" starttime="20200404 22:13:13.132" endtime="20200404 22:13:16.134"></status>
</kw>
<kw name="Set Selenium Speed" library="Selenium2Library">
<doc>Sets the delay that is waited after each Selenium command.</doc>
<arguments>
<arg>0.35seconds</arg>
</arguments>
<status status="PASS" starttime="20200404 22:13:16.134" endtime="20200404 22:13:16.135"></status>
</kw>
<status status="PASS" starttime="20200404 22:13:10.995" endtime="20200404 22:13:16.136"></status>
</kw>
<kw name="Go To" library="Selenium2Library">
<doc>Navigates the active browser instance to the provided ``url``.</doc>
<arguments>
<arg>${url}</arg>
</arguments>
<msg timestamp="20200404 22:13:16.137" level="INFO">Opening url 'http://demowebshop.tricentis.com/register'</msg>
<status status="PASS" starttime="20200404 22:13:16.136" endtime="20200404 22:13:19.231"></status>
</kw>
<kw name="userandpasswordapplication">
<kw name="Select Radio Button" library="Selenium2Library">
<doc>Sets radio button group ``group_name`` to ``value``.</doc>
<arguments>
<arg>Gender</arg>
<arg>M</arg>
</arguments>
<msg timestamp="20200404 22:13:19.233" level="INFO">Selecting 'M' from radio button 'Gender'.</msg>
<status status="PASS" starttime="20200404 22:13:19.233" endtime="20200404 22:13:20.579"></status>
</kw>
<kw name="Input Text" library="Selenium2Library">
<doc>Types the given ``text`` into text field identified by ``locator``.</doc>
<arguments>
<arg>name:FirstName</arg>
<arg>Vinicius Miranda de</arg>
</arguments>
<msg timestamp="20200404 22:13:20.580" level="INFO">Typing text 'Vinicius Miranda de' into text field 'name:FirstName'.</msg>
<status status="PASS" starttime="20200404 22:13:20.579" endtime="20200404 22:13:21.712"></status>
</kw>
<kw name="Input Text" library="Selenium2Library">
<doc>Types the given ``text`` into text field identified by ``locator``.</doc>
<arguments>
<arg>name:LastName</arg>
<arg>Pinho</arg>
</arguments>
<msg timestamp="20200404 22:13:21.713" level="INFO">Typing text 'Pinho' into text field 'name:LastName'.</msg>
<status status="PASS" starttime="20200404 22:13:21.712" endtime="20200404 22:13:22.842"></status>
</kw>
<kw name="Input Text" library="Selenium2Library">
<doc>Types the given ``text`` into text field identified by ``locator``.</doc>
<arguments>
<arg>name:Email</arg>
<arg>vinicius.mpinho@gmail.com</arg>
</arguments>
<msg timestamp="20200404 22:13:22.843" level="INFO">Typing text 'vinicius.mpinho@gmail.com' into text field 'name:Email'.</msg>
<status status="PASS" starttime="20200404 22:13:22.842" endtime="20200404 22:13:23.960"></status>
</kw>
<kw name="Input Text" library="Selenium2Library">
<doc>Types the given ``text`` into text field identified by ``locator``.</doc>
<arguments>
<arg>name:Password</arg>
<arg>123mudar</arg>
</arguments>
<msg timestamp="20200404 22:13:23.961" level="INFO">Typing text '123mudar' into text field 'name:Password'.</msg>
<status status="PASS" starttime="20200404 22:13:23.961" endtime="20200404 22:13:25.090"></status>
</kw>
<kw name="Input Text" library="Selenium2Library">
<doc>Types the given ``text`` into text field identified by ``locator``.</doc>
<arguments>
<arg>name:ConfirmPassword</arg>
<arg>123mudar</arg>
</arguments>
<msg timestamp="20200404 22:13:25.092" level="INFO">Typing text '123mudar' into text field 'name:ConfirmPassword'.</msg>
<status status="PASS" starttime="20200404 22:13:25.091" endtime="20200404 22:13:26.212"></status>
</kw>
<kw name="Get Selenium Speed" library="Selenium2Library">
<doc>Gets the delay that is waited after each Selenium command.</doc>
<assign>
<var>${speed_selenium}</var>
</assign>
<msg timestamp="20200404 22:13:26.213" level="INFO">${speed_selenium} = 350 milliseconds</msg>
<status status="PASS" starttime="20200404 22:13:26.213" endtime="20200404 22:13:26.213"></status>
</kw>
<kw name="Log To Console" library="BuiltIn">
<doc>Logs the given message to the console.</doc>
<arguments>
<arg>${speed_selenium}</arg>
</arguments>
<status status="PASS" starttime="20200404 22:13:26.213" endtime="20200404 22:13:26.214"></status>
</kw>
<kw name="Log" library="BuiltIn">
<doc>Logs the given message with the given level.</doc>
<arguments>
<arg>${speed_selenium}</arg>
</arguments>
<msg timestamp="20200404 22:13:26.214" level="INFO">350 milliseconds</msg>
<status status="PASS" starttime="20200404 22:13:26.214" endtime="20200404 22:13:26.214"></status>
</kw>
<kw name="Log" library="BuiltIn">
<doc>Logs the given message with the given level.</doc>
<arguments>
<arg>${magic}</arg>
</arguments>
<msg timestamp="20200404 22:13:26.215" level="INFO">Lenovo New report LOG test</msg>
<status status="PASS" starttime="20200404 22:13:26.214" endtime="20200404 22:13:26.215"></status>
</kw>
<kw name="Sleep" library="BuiltIn">
<doc>Pauses the test executed for the given time.</doc>
<arguments>
<arg>2second</arg>
</arguments>
<msg timestamp="20200404 22:13:28.215" level="INFO">Slept 2 seconds</msg>
<status status="PASS" starttime="20200404 22:13:26.215" endtime="20200404 22:13:28.215"></status>
</kw>
<kw name="Close Browser" library="Selenium2Library">
<doc>Closes the current browser.</doc>
<status status="PASS" starttime="20200404 22:13:28.215" endtime="20200404 22:13:31.165"></status>
</kw>
<status status="PASS" starttime="20200404 22:13:19.231" endtime="20200404 22:13:31.165"></status>
</kw>
<status status="PASS" starttime="20200404 22:13:10.993" endtime="20200404 22:13:31.166" critical="yes"></status>
</test>
<doc>Input Boxes performance</doc>
<status status="PASS" starttime="20200404 22:13:10.883" endtime="20200404 22:13:31.170"></status>
</suite>
<statistics>
<total>
<stat pass="1" fail="0">Critical Tests</stat>
<stat pass="1" fail="0">All Tests</stat>
</total>
<tag>
</tag>
<suite>
<stat pass="1" fail="0" id="s1" name="Waits Time Out">Waits Time Out</stat>
</suite>
</statistics>
<errors>
</errors>
</robot>
