<?xml version="1.0" encoding="UTF-8"?>
<robot generator="Robot 3.1.2 (Python 3.6.9 on linux)" generated="20200408 21:38:20.840" rpa="false">
<suite id="s1" name="Title Test" source="/home/elsys/Documents/vscode_robot_git/robot_frame_SDET/Link_4G/title_test.robot">
<test id="s1-t1" name="Open Browser">
<kw name="openbrowserpath_application">
<arguments>
<arg>${browser}</arg>
<arg>${url}</arg>
</arguments>
<assign>
<var>${page_title_main}</var>
</assign>
<kw name="Evaluate" library="BuiltIn">
<doc>Evaluates the given expression in Python and returns the results.</doc>
<arguments>
<arg>sys.modules['selenium.webdriver'].common.desired_capabilities.DesiredCapabilities.FIREFOX</arg>
<arg>sys, selenium.webdriver</arg>
</arguments>
<assign>
<var>${ff default caps}</var>
</assign>
<msg timestamp="20200408 21:38:20.954" level="INFO">${ff default caps} = {'browserName': 'firefox', 'marionette': True, 'acceptInsecureCerts': True}</msg>
<status status="PASS" starttime="20200408 21:38:20.953" endtime="20200408 21:38:20.954"></status>
</kw>
<kw name="Set To Dictionary" library="Collections">
<doc>Adds the given ``key_value_pairs`` and ``items`` to the ``dictionary``.</doc>
<arguments>
<arg>${ff default caps}</arg>
<arg>marionette =${True}</arg>
</arguments>
<status status="PASS" starttime="20200408 21:38:20.954" endtime="20200408 21:38:20.954"></status>
</kw>
<kw name="Create Webdriver" library="Selenium2Library">
<doc>Creates an instance of Selenium WebDriver.</doc>
<arguments>
<arg>${app_browser}</arg>
<arg>executable_path=/home/elsys/PycharmProjects/robot_frame/TestCases/geckodriver</arg>
</arguments>
<msg timestamp="20200408 21:38:20.954" level="INFO">Creating an instance of the Firefox WebDriver.</msg>
<status status="PASS" starttime="20200408 21:38:20.954" endtime="20200408 21:38:23.106"></status>
</kw>
<kw name="Maximize Browser Window" library="Selenium2Library">
<doc>Maximizes current browser window.</doc>
<status status="PASS" starttime="20200408 21:38:23.107" endtime="20200408 21:38:23.397"></status>
</kw>
<kw name="Sleep" library="BuiltIn">
<doc>Pauses the test executed for the given time.</doc>
<arguments>
<arg>3seconds</arg>
</arguments>
<msg timestamp="20200408 21:38:26.398" level="INFO">Slept 3 seconds</msg>
<status status="PASS" starttime="20200408 21:38:23.397" endtime="20200408 21:38:26.399"></status>
</kw>
<kw name="Go To" library="Selenium2Library">
<doc>Navigates the active browser instance to the provided ``url``.</doc>
<arguments>
<arg>${app_url}</arg>
</arguments>
<msg timestamp="20200408 21:38:26.400" level="INFO">Opening url 'http://192.168.10.254/index.html?link'</msg>
<status status="PASS" starttime="20200408 21:38:26.399" endtime="20200408 21:38:26.686"></status>
</kw>
<kw name="Sleep" library="BuiltIn">
<doc>Pauses the test executed for the given time.</doc>
<arguments>
<arg>2</arg>
</arguments>
<msg timestamp="20200408 21:38:28.687" level="INFO">Slept 2 seconds</msg>
<status status="PASS" starttime="20200408 21:38:26.686" endtime="20200408 21:38:28.688"></status>
</kw>
<kw name="Get Location" library="Selenium2Library">
<doc>Returns the current browser URL.</doc>
<assign>
<var>${locat}</var>
</assign>
<msg timestamp="20200408 21:38:28.695" level="INFO">${locat} = http://192.168.10.254/index.html?link</msg>
<status status="PASS" starttime="20200408 21:38:28.688" endtime="20200408 21:38:28.695"></status>
</kw>
<kw name="Log" library="BuiltIn">
<doc>Logs the given message with the given level.</doc>
<arguments>
<arg>${locat}</arg>
</arguments>
<msg timestamp="20200408 21:38:28.696" level="INFO">http://192.168.10.254/index.html?link</msg>
<status status="PASS" starttime="20200408 21:38:28.695" endtime="20200408 21:38:28.696"></status>
</kw>
<kw name="Get Title" library="Selenium2Library">
<doc>Returns the title of current page.</doc>
<assign>
<var>${title_page}</var>
</assign>
<msg timestamp="20200408 21:38:28.708" level="INFO">${title_page} = Elsys - AmpliMAX</msg>
<status status="PASS" starttime="20200408 21:38:28.697" endtime="20200408 21:38:28.708"></status>
</kw>
<kw name="Log" library="BuiltIn">
<doc>Logs the given message with the given level.</doc>
<arguments>
<arg>${title_page}</arg>
</arguments>
<msg timestamp="20200408 21:38:28.709" level="INFO">Elsys - AmpliMAX</msg>
<status status="PASS" starttime="20200408 21:38:28.709" endtime="20200408 21:38:28.710"></status>
</kw>
<msg timestamp="20200408 21:38:28.710" level="INFO">${page_title_main} = Elsys - AmpliMAX</msg>
<status status="PASS" starttime="20200408 21:38:20.953" endtime="20200408 21:38:28.710"></status>
</kw>
<kw name="Log" library="BuiltIn">
<doc>Logs the given message with the given level.</doc>
<arguments>
<arg>${page_title_main}</arg>
</arguments>
<msg timestamp="20200408 21:38:28.711" level="INFO">Elsys - AmpliMAX</msg>
<status status="PASS" starttime="20200408 21:38:28.711" endtime="20200408 21:38:28.712"></status>
</kw>
<status status="PASS" starttime="20200408 21:38:20.952" endtime="20200408 21:38:28.712" critical="yes"></status>
</test>
<test id="s1-t2" name="Commands inside the browser">
<kw name="userandpassword_application">
<kw name="Get Title" library="Selenium2Library">
<doc>Returns the title of current page.</doc>
<assign>
<var>${title_page_one}</var>
</assign>
<msg timestamp="20200408 21:38:28.727" level="INFO">${title_page_one} = Elsys - AmpliMAX</msg>
<status status="PASS" starttime="20200408 21:38:28.718" endtime="20200408 21:38:28.728"></status>
</kw>
<kw name="Log" library="BuiltIn">
<doc>Logs the given message with the given level.</doc>
<arguments>
<arg>${title_page_one}</arg>
</arguments>
<msg timestamp="20200408 21:38:28.729" level="INFO">Elsys - AmpliMAX</msg>
<status status="PASS" starttime="20200408 21:38:28.728" endtime="20200408 21:38:28.729"></status>
</kw>
<kw name="Title Should Be" library="Selenium2Library">
<doc>Verifies that current page title equals ``title``.</doc>
<arguments>
<arg>Elsys - AmpliMAX</arg>
</arguments>
<msg timestamp="20200408 21:38:28.733" level="INFO">Page title is 'Elsys - AmpliMAX'.</msg>
<status status="PASS" starttime="20200408 21:38:28.729" endtime="20200408 21:38:28.734"></status>
</kw>
<kw name="Select From List By Label" library="Selenium2Library">
<doc>Selects options from selection list ``locator`` by ``labels``.</doc>
<arguments>
<arg>antena3g</arg>
<arg>Interna</arg>
</arguments>
<msg timestamp="20200408 21:38:28.734" level="INFO">Selecting options from selection list 'antena3g' by label Interna.</msg>
<status status="PASS" starttime="20200408 21:38:28.734" endtime="20200408 21:38:28.766"></status>
</kw>
<kw name="Element Should Contain" library="Selenium2Library">
<doc>Verifies that element ``locator`` contains text ``expected``.</doc>
<arguments>
<arg>xpath://select[@name='antena3g']</arg>
<arg>Interna</arg>
</arguments>
<msg timestamp="20200408 21:38:28.789" level="INFO">Element 'xpath://select[@name='antena3g']' contains text 'Interna'.</msg>
<status status="PASS" starttime="20200408 21:38:28.766" endtime="20200408 21:38:28.789"></status>
</kw>
<kw name="Element Should Contain" library="Selenium2Library">
<doc>Verifies that element ``locator`` contains text ``expected``.</doc>
<arguments>
<arg>xpath://select[@name='antena3g']</arg>
<arg>Externa</arg>
</arguments>
<msg timestamp="20200408 21:38:28.804" level="INFO">Element 'xpath://select[@name='antena3g']' contains text 'Externa'.</msg>
<status status="PASS" starttime="20200408 21:38:28.789" endtime="20200408 21:38:28.804"></status>
</kw>
<status status="PASS" starttime="20200408 21:38:28.717" endtime="20200408 21:38:28.804"></status>
</kw>
<status status="PASS" starttime="20200408 21:38:28.715" endtime="20200408 21:38:28.804" critical="yes"></status>
</test>
<test id="s1-t3" name="Status do sistema - tipo da antena3g">
<kw name="statusdosistemaeantena_application">
<kw name="Sleep" library="BuiltIn">
<doc>Pauses the test executed for the given time.</doc>
<arguments>
<arg>1</arg>
</arguments>
<msg timestamp="20200408 21:38:29.806" level="INFO">Slept 1 second</msg>
<status status="PASS" starttime="20200408 21:38:28.805" endtime="20200408 21:38:29.807"></status>
</kw>
<kw name="Click Element" library="Selenium2Library">
<doc>Click element identified by ``locator``.</doc>
<arguments>
<arg>id:menu_status</arg>
</arguments>
<msg timestamp="20200408 21:38:29.808" level="INFO">Clicking element 'id:menu_status'.</msg>
<status status="PASS" starttime="20200408 21:38:29.807" endtime="20200408 21:38:30.127"></status>
</kw>
<kw name="Sleep" library="BuiltIn">
<doc>Pauses the test executed for the given time.</doc>
<arguments>
<arg>4</arg>
</arguments>
<msg timestamp="20200408 21:38:34.128" level="INFO">Slept 4 seconds</msg>
<status status="PASS" starttime="20200408 21:38:30.127" endtime="20200408 21:38:34.129"></status>
</kw>
<kw name="Element Should Contain" library="Selenium2Library">
<doc>Verifies that element ``locator`` contains text ``expected``.</doc>
<arguments>
<arg>xpath://span[@class='tipo_de_antena']</arg>
<arg>Interna</arg>
</arguments>
<msg timestamp="20200408 21:38:34.157" level="INFO">Element 'xpath://span[@class='tipo_de_antena']' contains text 'Interna'.</msg>
<status status="PASS" starttime="20200408 21:38:34.129" endtime="20200408 21:38:34.157"></status>
</kw>
<kw name="Element Should Contain" library="Selenium2Library">
<doc>Verifies that element ``locator`` contains text ``expected``.</doc>
<arguments>
<arg>xpath://span[@class='banda']</arg>
<arg>900 MHz</arg>
</arguments>
<msg timestamp="20200408 21:38:34.173" level="INFO">Element 'xpath://span[@class='banda']' contains text '900 MHz'.</msg>
<status status="PASS" starttime="20200408 21:38:34.157" endtime="20200408 21:38:34.174"></status>
</kw>
<kw name="Element Should Contain" library="Selenium2Library">
<doc>Verifies that element ``locator`` contains text ``expected``.</doc>
<arguments>
<arg>xpath://span[@class='freq_3G']</arg>
<arg>932.4 MHz</arg>
</arguments>
<msg timestamp="20200408 21:38:34.189" level="INFO">Element 'xpath://span[@class='freq_3G']' contains text '932.4 MHz'.</msg>
<status status="PASS" starttime="20200408 21:38:34.174" endtime="20200408 21:38:34.189"></status>
</kw>
<kw name="Get WebElement" library="Selenium2Library">
<doc>Returns the first WebElement matching the given ``locator``.</doc>
<arguments>
<arg>xpath://span[contains(text(),'Nível de Sinal:')]</arg>
</arguments>
<assign>
<var>${nivel_de_sinal}</var>
</assign>
<msg timestamp="20200408 21:38:34.195" level="INFO">${nivel_de_sinal} = &lt;selenium.webdriver.firefox.webelement.FirefoxWebElement (session="3f506a31-a07d-4e4a-a2cd-79194113819d", element="1e8d6fa1-d991-4d2c-94e9-3f598df176a0")&gt;</msg>
<status status="PASS" starttime="20200408 21:38:34.189" endtime="20200408 21:38:34.195"></status>
</kw>
<kw name="Log To Console" library="BuiltIn">
<doc>Logs the given message to the console.</doc>
<arguments>
<arg>${nivel_de_sinal.text}</arg>
</arguments>
<status status="PASS" starttime="20200408 21:38:34.195" endtime="20200408 21:38:34.204"></status>
</kw>
<kw name="Get WebElement" library="Selenium2Library">
<doc>Returns the first WebElement matching the given ``locator``.</doc>
<arguments>
<arg>xpath://span[@class='titulo_azul nivel_sinal_quality']</arg>
</arguments>
<assign>
<var>${nivel_de_sinal2}</var>
</assign>
<msg timestamp="20200408 21:38:34.209" level="INFO">${nivel_de_sinal2} = &lt;selenium.webdriver.firefox.webelement.FirefoxWebElement (session="3f506a31-a07d-4e4a-a2cd-79194113819d", element="d8fc2af7-f676-4e82-a422-bb0e271555f2")&gt;</msg>
<status status="PASS" starttime="20200408 21:38:34.204" endtime="20200408 21:38:34.209"></status>
</kw>
<kw name="Log To Console" library="BuiltIn">
<doc>Logs the given message to the console.</doc>
<arguments>
<arg>${nivel_de_sinal2.text}</arg>
</arguments>
<status status="PASS" starttime="20200408 21:38:34.209" endtime="20200408 21:38:34.218"></status>
</kw>
<kw name="Get WebElement" library="Selenium2Library">
<doc>Returns the first WebElement matching the given ``locator``.</doc>
<arguments>
<arg>xpath://span[@class='titulo_azul nivel-3g-percent']</arg>
</arguments>
<assign>
<var>${nivel_de_sinal3}</var>
</assign>
<msg timestamp="20200408 21:38:34.223" level="INFO">${nivel_de_sinal3} = &lt;selenium.webdriver.firefox.webelement.FirefoxWebElement (session="3f506a31-a07d-4e4a-a2cd-79194113819d", element="895d9840-fcfb-46f6-ab09-d2a6cbd80353")&gt;</msg>
<status status="PASS" starttime="20200408 21:38:34.218" endtime="20200408 21:38:34.223"></status>
</kw>
<kw name="Get Text" library="Selenium2Library">
<doc>Returns the text value of element identified by ``locator``.</doc>
<arguments>
<arg>${nivel_de_sinal3}</arg>
</arguments>
<assign>
<var>${mytext}</var>
</assign>
<msg timestamp="20200408 21:38:34.228" level="INFO">${mytext} = 75%</msg>
<status status="PASS" starttime="20200408 21:38:34.223" endtime="20200408 21:38:34.228"></status>
</kw>
<kw name="Log To Console" library="BuiltIn">
<doc>Logs the given message to the console.</doc>
<arguments>
<arg>${mytext[0:2]}</arg>
</arguments>
<status status="PASS" starttime="20200408 21:38:34.229" endtime="20200408 21:38:34.229"></status>
</kw>
<kw name="Should Be True" library="BuiltIn">
<doc>Fails if the given condition is not true.</doc>
<arguments>
<arg>${mytext[0:2]} &gt; ${60}</arg>
</arguments>
<status status="PASS" starttime="20200408 21:38:34.229" endtime="20200408 21:38:34.229"></status>
</kw>
<kw name="Log" library="BuiltIn">
<doc>Logs the given message with the given level.</doc>
<arguments>
<arg>True</arg>
</arguments>
<msg timestamp="20200408 21:38:34.229" level="INFO">True</msg>
<status status="PASS" starttime="20200408 21:38:34.229" endtime="20200408 21:38:34.229"></status>
</kw>
<kw name="Page Should Contain Image" library="Selenium2Library">
<doc>Verifies image identified by ``locator`` is found from current page.</doc>
<arguments>
<arg>assets/img/icon_3g_on.png</arg>
</arguments>
<msg timestamp="20200408 21:38:34.235" level="INFO">Current page contains image 'assets/img/icon_3g_on.png'.</msg>
<status status="PASS" starttime="20200408 21:38:34.230" endtime="20200408 21:38:34.235"></status>
</kw>
<status status="PASS" starttime="20200408 21:38:28.805" endtime="20200408 21:38:34.235"></status>
</kw>
<status status="PASS" starttime="20200408 21:38:28.805" endtime="20200408 21:38:34.235" critical="yes"></status>
</test>
<test id="s1-t4" name="Close all navigator">
<kw name="closebrowser_application">
<kw name="Sleep" library="BuiltIn">
<doc>Pauses the test executed for the given time.</doc>
<arguments>
<arg>5seconds</arg>
</arguments>
<msg timestamp="20200408 21:38:39.237" level="INFO">Slept 5 seconds</msg>
<status status="PASS" starttime="20200408 21:38:34.236" endtime="20200408 21:38:39.237"></status>
</kw>
<kw name="Close All Browsers" library="Selenium2Library">
<doc>Closes all open browsers and resets the browser cache.</doc>
<status status="PASS" starttime="20200408 21:38:39.238" endtime="20200408 21:38:39.788"></status>
</kw>
<status status="PASS" starttime="20200408 21:38:34.236" endtime="20200408 21:38:39.788"></status>
</kw>
<status status="PASS" starttime="20200408 21:38:34.236" endtime="20200408 21:38:39.788" critical="yes"></status>
</test>
<doc>Resources Files and Keywords</doc>
<status status="PASS" starttime="20200408 21:38:20.841" endtime="20200408 21:38:39.789"></status>
</suite>
<statistics>
<total>
<stat pass="4" fail="0">Critical Tests</stat>
<stat pass="4" fail="0">All Tests</stat>
</total>
<tag>
</tag>
<suite>
<stat pass="4" fail="0" id="s1" name="Title Test">Title Test</stat>
</suite>
</statistics>
<errors>
</errors>
</robot>
