<?xml version="1.0" encoding="UTF-8"?>
<robot generator="Robot 3.1.2 (Python 3.6.9 on linux)" generated="20200405 11:00:23.343" rpa="false">
<suite id="s1" name="Handle Alerts Frame" source="/home/elsys/Desktop/Teste/robot_frame/TestCase_08/handle_alerts_frame.robot">
<test id="s1-t1" name="LoginTest">
<kw name="openbrowserpath_application">
<kw name="Evaluate" library="BuiltIn">
<doc>Evaluates the given expression in Python and returns the results.</doc>
<arguments>
<arg>sys.modules['selenium.webdriver'].common.desired_capabilities.DesiredCapabilities.FIREFOX</arg>
<arg>sys, selenium.webdriver</arg>
</arguments>
<assign>
<var>${ff default caps}</var>
</assign>
<msg timestamp="20200405 11:00:23.461" level="INFO">${ff default caps} = {'browserName': 'firefox', 'marionette': True, 'acceptInsecureCerts': True}</msg>
<status status="PASS" starttime="20200405 11:00:23.460" endtime="20200405 11:00:23.461"></status>
</kw>
<kw name="Set To Dictionary" library="Collections">
<doc>Adds the given ``key_value_pairs`` and ``items`` to the ``dictionary``.</doc>
<arguments>
<arg>${ff default caps}</arg>
<arg>marionette =${True}</arg>
</arguments>
<status status="PASS" starttime="20200405 11:00:23.461" endtime="20200405 11:00:23.461"></status>
</kw>
<kw name="Create Webdriver" library="Selenium2Library">
<doc>Creates an instance of Selenium WebDriver.</doc>
<arguments>
<arg>Firefox</arg>
<arg>executable_path=/home/elsys/PycharmProjects/robot_frame/TestCases/geckodriver</arg>
</arguments>
<msg timestamp="20200405 11:00:23.461" level="INFO">Creating an instance of the Firefox WebDriver.</msg>
<status status="PASS" starttime="20200405 11:00:23.461" endtime="20200405 11:00:25.518"></status>
</kw>
<kw name="Maximize Browser Window" library="Selenium2Library">
<doc>Maximizes current browser window.</doc>
<status status="PASS" starttime="20200405 11:00:25.518" endtime="20200405 11:00:25.832"></status>
</kw>
<kw name="Sleep" library="BuiltIn">
<doc>Pauses the test executed for the given time.</doc>
<arguments>
<arg>3seconds</arg>
</arguments>
<msg timestamp="20200405 11:00:28.832" level="INFO">Slept 3 seconds</msg>
<status status="PASS" starttime="20200405 11:00:25.832" endtime="20200405 11:00:28.833"></status>
</kw>
<status status="PASS" starttime="20200405 11:00:23.460" endtime="20200405 11:00:28.833"></status>
</kw>
<kw name="Go To" library="Selenium2Library">
<doc>Navigates the active browser instance to the provided ``url``.</doc>
<arguments>
<arg>${url}</arg>
</arguments>
<msg timestamp="20200405 11:00:28.835" level="INFO">Opening url 'http://testautomationpractice.blogspot.com'</msg>
<status status="PASS" starttime="20200405 11:00:28.834" endtime="20200405 11:00:36.174"></status>
</kw>
<kw name="Sleep" library="BuiltIn">
<doc>Pauses the test executed for the given time.</doc>
<arguments>
<arg>2</arg>
</arguments>
<msg timestamp="20200405 11:00:38.174" level="INFO">Slept 2 seconds</msg>
<status status="PASS" starttime="20200405 11:00:36.174" endtime="20200405 11:00:38.175"></status>
</kw>
<kw name="userandpassword_application">
<kw name="Sleep" library="BuiltIn">
<doc>Pauses the test executed for the given time.</doc>
<arguments>
<arg>5</arg>
</arguments>
<msg timestamp="20200405 11:00:43.176" level="INFO">Slept 5 seconds</msg>
<status status="PASS" starttime="20200405 11:00:38.176" endtime="20200405 11:00:43.177"></status>
</kw>
<kw name="Click Element" library="Selenium2Library">
<doc>Click element identified by ``locator``.</doc>
<arguments>
<arg>xpath://button[contains(text(),'Click Me')]</arg>
</arguments>
<msg timestamp="20200405 11:00:43.179" level="INFO">Clicking element 'xpath://button[contains(text(),'Click Me')]'.</msg>
<status status="PASS" starttime="20200405 11:00:43.178" endtime="20200405 11:00:43.253"></status>
</kw>
<kw name="Sleep" library="BuiltIn">
<doc>Pauses the test executed for the given time.</doc>
<arguments>
<arg>4</arg>
</arguments>
<msg timestamp="20200405 11:00:47.254" level="INFO">Slept 4 seconds</msg>
<status status="PASS" starttime="20200405 11:00:43.253" endtime="20200405 11:00:47.255"></status>
</kw>
<kw name="Alert Should Be Present" library="Selenium2Library">
<doc>Verifies that an alert is present and, by default, accepts it.</doc>
<arguments>
<arg>Press a button!</arg>
</arguments>
<status status="PASS" starttime="20200405 11:00:47.255" endtime="20200405 11:00:47.310"></status>
</kw>
<status status="PASS" starttime="20200405 11:00:38.175" endtime="20200405 11:00:47.311"></status>
</kw>
<kw name="closebrowser_application">
<kw name="Sleep" library="BuiltIn">
<doc>Pauses the test executed for the given time.</doc>
<arguments>
<arg>3seconds</arg>
</arguments>
<msg timestamp="20200405 11:00:50.312" level="INFO">Slept 3 seconds</msg>
<status status="PASS" starttime="20200405 11:00:47.311" endtime="20200405 11:00:50.312"></status>
</kw>
<kw name="Close All Browsers" library="Selenium2Library">
<doc>Closes all open browsers and resets the browser cache.</doc>
<status status="PASS" starttime="20200405 11:00:50.313" endtime="20200405 11:00:54.140"></status>
</kw>
<status status="PASS" starttime="20200405 11:00:47.311" endtime="20200405 11:00:54.140"></status>
</kw>
<status status="PASS" starttime="20200405 11:00:23.459" endtime="20200405 11:00:54.141" critical="yes"></status>
</test>
<doc>Input Boxes performance</doc>
<status status="PASS" starttime="20200405 11:00:23.343" endtime="20200405 11:00:54.144"></status>
</suite>
<statistics>
<total>
<stat pass="1" fail="0">Critical Tests</stat>
<stat pass="1" fail="0">All Tests</stat>
</total>
<tag>
</tag>
<suite>
<stat pass="1" fail="0" id="s1" name="Handle Alerts Frame">Handle Alerts Frame</stat>
</suite>
</statistics>
<errors>
</errors>
</robot>
