<?xml version="1.0" encoding="UTF-8"?>
<robot generator="Robot 3.1.2 (Python 3.6.9 on linux)" generated="20200409 08:33:12.504" rpa="false">
<suite id="s1" name="Scrolling Page" source="/home/elsys/Documents/vscode_robot_git/robot_frame_SDET/TestCase_018/scrolling_page.robot">
<test id="s1-t1" name="Open Navigator">
<kw name="openbrowserpath_application">
<kw name="Evaluate" library="BuiltIn">
<doc>Evaluates the given expression in Python and returns the results.</doc>
<arguments>
<arg>sys.modules['selenium.webdriver'].common.desired_capabilities.DesiredCapabilities.FIREFOX</arg>
<arg>sys, selenium.webdriver</arg>
</arguments>
<assign>
<var>${ff default caps}</var>
</assign>
<msg timestamp="20200409 08:33:12.624" level="INFO">${ff default caps} = {'browserName': 'firefox', 'marionette': True, 'acceptInsecureCerts': True}</msg>
<status status="PASS" starttime="20200409 08:33:12.623" endtime="20200409 08:33:12.624"></status>
</kw>
<kw name="Set To Dictionary" library="Collections">
<doc>Adds the given ``key_value_pairs`` and ``items`` to the ``dictionary``.</doc>
<arguments>
<arg>${ff default caps}</arg>
<arg>marionette =${True}</arg>
</arguments>
<status status="PASS" starttime="20200409 08:33:12.624" endtime="20200409 08:33:12.624"></status>
</kw>
<kw name="Create Webdriver" library="Selenium2Library">
<doc>Creates an instance of Selenium WebDriver.</doc>
<arguments>
<arg>Firefox</arg>
<arg>executable_path=/home/elsys/PycharmProjects/robot_frame/TestCases/geckodriver</arg>
</arguments>
<msg timestamp="20200409 08:33:12.624" level="INFO">Creating an instance of the Firefox WebDriver.</msg>
<status status="PASS" starttime="20200409 08:33:12.624" endtime="20200409 08:33:14.875"></status>
</kw>
<kw name="Maximize Browser Window" library="Selenium2Library">
<doc>Maximizes current browser window.</doc>
<status status="PASS" starttime="20200409 08:33:14.875" endtime="20200409 08:33:15.166"></status>
</kw>
<kw name="Sleep" library="BuiltIn">
<doc>Pauses the test executed for the given time.</doc>
<arguments>
<arg>3seconds</arg>
</arguments>
<msg timestamp="20200409 08:33:18.168" level="INFO">Slept 3 seconds</msg>
<status status="PASS" starttime="20200409 08:33:15.167" endtime="20200409 08:33:18.169"></status>
</kw>
<status status="PASS" starttime="20200409 08:33:12.623" endtime="20200409 08:33:18.169"></status>
</kw>
<kw name="Go To" library="Selenium2Library">
<doc>Navigates the active browser instance to the provided ``url``.</doc>
<arguments>
<arg>${url}</arg>
</arguments>
<msg timestamp="20200409 08:33:18.171" level="INFO">Opening url 'https://www.countries-ofthe-world.com/flags-of-the-world.html'</msg>
<status status="PASS" starttime="20200409 08:33:18.170" endtime="20200409 08:33:22.910"></status>
</kw>
<kw name="Sleep" library="BuiltIn">
<doc>Pauses the test executed for the given time.</doc>
<arguments>
<arg>2</arg>
</arguments>
<msg timestamp="20200409 08:33:24.911" level="INFO">Slept 2 seconds</msg>
<status status="PASS" starttime="20200409 08:33:22.911" endtime="20200409 08:33:24.912"></status>
</kw>
<kw name="Get Location" library="Selenium2Library">
<doc>Returns the current browser URL.</doc>
<assign>
<var>${locat}</var>
</assign>
<msg timestamp="20200409 08:33:24.927" level="INFO">${locat} = https://www.countries-ofthe-world.com/flags-of-the-world.html</msg>
<status status="PASS" starttime="20200409 08:33:24.912" endtime="20200409 08:33:24.927"></status>
</kw>
<kw name="Log To Console" library="BuiltIn">
<doc>Logs the given message to the console.</doc>
<arguments>
<arg>${locat}</arg>
</arguments>
<status status="PASS" starttime="20200409 08:33:24.928" endtime="20200409 08:33:24.928"></status>
</kw>
<kw name="Log" library="BuiltIn">
<doc>Logs the given message with the given level.</doc>
<arguments>
<arg>${locat}</arg>
</arguments>
<msg timestamp="20200409 08:33:24.928" level="INFO">https://www.countries-ofthe-world.com/flags-of-the-world.html</msg>
<status status="PASS" starttime="20200409 08:33:24.928" endtime="20200409 08:33:24.929"></status>
</kw>
<status status="PASS" starttime="20200409 08:33:12.622" endtime="20200409 08:33:24.929" critical="yes"></status>
</test>
<test id="s1-t2" name="Test Commands">
<kw name="userandpassword_application">
<kw name="Execute Javascript" library="Selenium2Library">
<doc>Executes the given JavaScript code with possible arguments.</doc>
<arguments>
<arg>window.scrollTo(0, 5000)</arg>
</arguments>
<msg timestamp="20200409 08:33:24.932" level="INFO">Executing JavaScript:
window.scrollTo(0, 5000)
Without any arguments.</msg>
<status status="PASS" starttime="20200409 08:33:24.930" endtime="20200409 08:33:24.940"></status>
</kw>
<kw name="Sleep" library="BuiltIn">
<doc>Pauses the test executed for the given time.</doc>
<arguments>
<arg>1</arg>
</arguments>
<msg timestamp="20200409 08:33:25.941" level="INFO">Slept 1 second</msg>
<status status="PASS" starttime="20200409 08:33:24.940" endtime="20200409 08:33:25.941"></status>
</kw>
<status status="PASS" starttime="20200409 08:33:24.930" endtime="20200409 08:33:25.942"></status>
</kw>
<status status="PASS" starttime="20200409 08:33:24.930" endtime="20200409 08:33:25.942" critical="yes"></status>
</test>
<test id="s1-t3" name="Close navigator">
<kw name="closebrowser_application">
<kw name="Sleep" library="BuiltIn">
<doc>Pauses the test executed for the given time.</doc>
<arguments>
<arg>2seconds</arg>
</arguments>
<msg timestamp="20200409 08:33:27.947" level="INFO">Slept 2 seconds</msg>
<status status="PASS" starttime="20200409 08:33:25.946" endtime="20200409 08:33:27.948"></status>
</kw>
<kw name="Close All Browsers" library="Selenium2Library">
<doc>Closes all open browsers and resets the browser cache.</doc>
<status status="PASS" starttime="20200409 08:33:27.948" endtime="20200409 08:33:31.663"></status>
</kw>
<status status="PASS" starttime="20200409 08:33:25.945" endtime="20200409 08:33:31.664"></status>
</kw>
<status status="PASS" starttime="20200409 08:33:25.944" endtime="20200409 08:33:31.664" critical="yes"></status>
</test>
<doc>Input Boxes performance</doc>
<status status="PASS" starttime="20200409 08:33:12.504" endtime="20200409 08:33:31.665"></status>
</suite>
<statistics>
<total>
<stat pass="3" fail="0">Critical Tests</stat>
<stat pass="3" fail="0">All Tests</stat>
</total>
<tag>
</tag>
<suite>
<stat pass="3" fail="0" id="s1" name="Scrolling Page">Scrolling Page</stat>
</suite>
</statistics>
<errors>
</errors>
</robot>
