<?xml version="1.0" encoding="UTF-8"?>
<robot generator="Robot 3.1.2 (Python 3.6.9 on linux)" generated="20200405 09:20:14.958" rpa="false">
<suite id="s1" name="Implicit Wait" source="/home/elsys/Desktop/Teste/robot_frame/TestCase_06/implicit_wait.robot">
<test id="s1-t1" name="LoginTest">
<kw name="openbrowserpathapplication">
<kw name="Evaluate" library="BuiltIn">
<doc>Evaluates the given expression in Python and returns the results.</doc>
<arguments>
<arg>sys.modules['selenium.webdriver'].common.desired_capabilities.DesiredCapabilities.FIREFOX</arg>
<arg>sys, selenium.webdriver</arg>
</arguments>
<assign>
<var>${ff default caps}</var>
</assign>
<msg timestamp="20200405 09:20:15.074" level="INFO">${ff default caps} = {'browserName': 'firefox', 'marionette': True, 'acceptInsecureCerts': True}</msg>
<status status="PASS" starttime="20200405 09:20:15.074" endtime="20200405 09:20:15.074"></status>
</kw>
<kw name="Set To Dictionary" library="Collections">
<doc>Adds the given ``key_value_pairs`` and ``items`` to the ``dictionary``.</doc>
<arguments>
<arg>${ff default caps}</arg>
<arg>marionette =${True}</arg>
</arguments>
<status status="PASS" starttime="20200405 09:20:15.075" endtime="20200405 09:20:15.075"></status>
</kw>
<kw name="Create Webdriver" library="Selenium2Library">
<doc>Creates an instance of Selenium WebDriver.</doc>
<arguments>
<arg>Firefox</arg>
<arg>executable_path=/home/elsys/PycharmProjects/robot_frame/TestCases/geckodriver</arg>
</arguments>
<msg timestamp="20200405 09:20:15.075" level="INFO">Creating an instance of the Firefox WebDriver.</msg>
<status status="PASS" starttime="20200405 09:20:15.075" endtime="20200405 09:20:17.136"></status>
</kw>
<kw name="Maximize Browser Window" library="Selenium2Library">
<doc>Maximizes current browser window.</doc>
<status status="PASS" starttime="20200405 09:20:17.136" endtime="20200405 09:20:17.439"></status>
</kw>
<kw name="Sleep" library="BuiltIn">
<doc>Pauses the test executed for the given time.</doc>
<arguments>
<arg>3seconds</arg>
</arguments>
<msg timestamp="20200405 09:20:20.440" level="INFO">Slept 3 seconds</msg>
<status status="PASS" starttime="20200405 09:20:17.439" endtime="20200405 09:20:20.441"></status>
</kw>
<status status="PASS" starttime="20200405 09:20:15.074" endtime="20200405 09:20:20.441"></status>
</kw>
<kw name="Go To" library="Selenium2Library">
<doc>Navigates the active browser instance to the provided ``url``.</doc>
<arguments>
<arg>${url}</arg>
</arguments>
<msg timestamp="20200405 09:20:20.443" level="INFO">Opening url 'http://demowebshop.tricentis.com/register'</msg>
<status status="PASS" starttime="20200405 09:20:20.442" endtime="20200405 09:20:23.236"></status>
</kw>
<kw name="Sleep" library="BuiltIn">
<doc>Pauses the test executed for the given time.</doc>
<arguments>
<arg>2</arg>
</arguments>
<msg timestamp="20200405 09:20:25.238" level="INFO">Slept 2 seconds</msg>
<status status="PASS" starttime="20200405 09:20:23.236" endtime="20200405 09:20:25.238"></status>
</kw>
<kw name="userandpasswordapplication">
<kw name="Select Radio Button" library="Selenium2Library">
<doc>Sets radio button group ``group_name`` to ``value``.</doc>
<arguments>
<arg>Gender</arg>
<arg>M</arg>
</arguments>
<msg timestamp="20200405 09:20:25.241" level="INFO">Selecting 'M' from radio button 'Gender'.</msg>
<status status="PASS" starttime="20200405 09:20:25.240" endtime="20200405 09:20:25.504"></status>
</kw>
<kw name="Input Text" library="Selenium2Library">
<doc>Types the given ``text`` into text field identified by ``locator``.</doc>
<arguments>
<arg>name:FirstName</arg>
<arg>Vinicius Miranda de</arg>
</arguments>
<msg timestamp="20200405 09:20:25.505" level="INFO">Typing text 'Vinicius Miranda de' into text field 'name:FirstName'.</msg>
<status status="PASS" starttime="20200405 09:20:25.505" endtime="20200405 09:20:25.565"></status>
</kw>
<kw name="Set Selenium Implicit Wait" library="Selenium2Library">
<doc>Sets the implicit wait value used by Selenium.</doc>
<arguments>
<arg>10second</arg>
</arguments>
<status status="PASS" starttime="20200405 09:20:25.565" endtime="20200405 09:20:25.568"></status>
</kw>
<kw name="Get Selenium Implicit Wait" library="Selenium2Library">
<doc>Gets the implicit wait value used by Selenium.</doc>
<assign>
<var>${implicit_wait}</var>
</assign>
<msg timestamp="20200405 09:20:25.569" level="INFO">${implicit_wait} = 10 seconds</msg>
<status status="PASS" starttime="20200405 09:20:25.569" endtime="20200405 09:20:25.569"></status>
</kw>
<kw name="Input Text" library="Selenium2Library">
<doc>Types the given ``text`` into text field identified by ``locator``.</doc>
<arguments>
<arg>name:LastName</arg>
<arg>Pinho</arg>
</arguments>
<msg timestamp="20200405 09:20:25.569" level="INFO">Typing text 'Pinho' into text field 'name:LastName'.</msg>
<status status="PASS" starttime="20200405 09:20:25.569" endtime="20200405 09:20:25.617"></status>
</kw>
<kw name="Input Text" library="Selenium2Library">
<doc>Types the given ``text`` into text field identified by ``locator``.</doc>
<arguments>
<arg>name:Email</arg>
<arg>vinicius.mpinho@gmail.com</arg>
</arguments>
<msg timestamp="20200405 09:20:25.618" level="INFO">Typing text 'vinicius.mpinho@gmail.com' into text field 'name:Email'.</msg>
<status status="PASS" starttime="20200405 09:20:25.617" endtime="20200405 09:20:25.653"></status>
</kw>
<kw name="Input Text" library="Selenium2Library">
<doc>Types the given ``text`` into text field identified by ``locator``.</doc>
<arguments>
<arg>name:Password</arg>
<arg>123mudar</arg>
</arguments>
<msg timestamp="20200405 09:20:25.653" level="INFO">Typing text '123mudar' into text field 'name:Password'.</msg>
<status status="PASS" starttime="20200405 09:20:25.653" endtime="20200405 09:20:25.677"></status>
</kw>
<kw name="Input Text" library="Selenium2Library">
<doc>Types the given ``text`` into text field identified by ``locator``.</doc>
<arguments>
<arg>name:ConfirmPassword</arg>
<arg>123mudar</arg>
</arguments>
<msg timestamp="20200405 09:20:25.678" level="INFO">Typing text '123mudar' into text field 'name:ConfirmPassword'.</msg>
<status status="PASS" starttime="20200405 09:20:25.678" endtime="20200405 09:20:25.698"></status>
</kw>
<kw name="Log" library="BuiltIn">
<doc>Logs the given message with the given level.</doc>
<arguments>
<arg>${magic}</arg>
</arguments>
<msg timestamp="20200405 09:20:25.699" level="INFO">Lenovo New report LOG test</msg>
<status status="PASS" starttime="20200405 09:20:25.699" endtime="20200405 09:20:25.699"></status>
</kw>
<kw name="Log To Console" library="BuiltIn">
<doc>Logs the given message to the console.</doc>
<arguments>
<arg>${implicit_wait}</arg>
</arguments>
<status status="PASS" starttime="20200405 09:20:25.699" endtime="20200405 09:20:25.699"></status>
</kw>
<kw name="Log" library="BuiltIn">
<doc>Logs the given message with the given level.</doc>
<arguments>
<arg>${implicit_wait}</arg>
</arguments>
<msg timestamp="20200405 09:20:25.700" level="INFO">10 seconds</msg>
<status status="PASS" starttime="20200405 09:20:25.699" endtime="20200405 09:20:25.700"></status>
</kw>
<kw name="Sleep" library="BuiltIn">
<doc>Pauses the test executed for the given time.</doc>
<arguments>
<arg>2second</arg>
</arguments>
<msg timestamp="20200405 09:20:27.701" level="INFO">Slept 2 seconds</msg>
<status status="PASS" starttime="20200405 09:20:25.700" endtime="20200405 09:20:27.701"></status>
</kw>
<kw name="Close Browser" library="Selenium2Library">
<doc>Closes the current browser.</doc>
<status status="PASS" starttime="20200405 09:20:27.702" endtime="20200405 09:20:30.442"></status>
</kw>
<status status="PASS" starttime="20200405 09:20:25.239" endtime="20200405 09:20:30.443"></status>
</kw>
<status status="PASS" starttime="20200405 09:20:15.073" endtime="20200405 09:20:30.444" critical="yes"></status>
</test>
<doc>Input Boxes performance</doc>
<status status="PASS" starttime="20200405 09:20:14.958" endtime="20200405 09:20:30.447"></status>
</suite>
<statistics>
<total>
<stat pass="1" fail="0">Critical Tests</stat>
<stat pass="1" fail="0">All Tests</stat>
</total>
<tag>
</tag>
<suite>
<stat pass="1" fail="0" id="s1" name="Implicit Wait">Implicit Wait</stat>
</suite>
</statistics>
<errors>
</errors>
</robot>
