<?xml version="1.0" encoding="UTF-8"?>
<robot generator="Robot 3.1.2 (Python 3.6.9 on linux)" generated="20200406 11:14:10.518" rpa="false">
<suite id="s1" name="Tab Browserwindow" source="/home/elsys/Documents/vscode_robot_git/robot_frame_SDET/TestCase_010/tab_browserwindow.robot">
<test id="s1-t1" name="LoginTest">
<kw name="openbrowserpath_application">
<kw name="Evaluate" library="BuiltIn">
<doc>Evaluates the given expression in Python and returns the results.</doc>
<arguments>
<arg>sys.modules['selenium.webdriver'].common.desired_capabilities.DesiredCapabilities.FIREFOX</arg>
<arg>sys, selenium.webdriver</arg>
</arguments>
<assign>
<var>${ff default caps}</var>
</assign>
<msg timestamp="20200406 11:14:10.631" level="INFO">${ff default caps} = {'browserName': 'firefox', 'marionette': True, 'acceptInsecureCerts': True}</msg>
<status status="PASS" starttime="20200406 11:14:10.631" endtime="20200406 11:14:10.631"></status>
</kw>
<kw name="Set To Dictionary" library="Collections">
<doc>Adds the given ``key_value_pairs`` and ``items`` to the ``dictionary``.</doc>
<arguments>
<arg>${ff default caps}</arg>
<arg>marionette =${True}</arg>
</arguments>
<status status="PASS" starttime="20200406 11:14:10.632" endtime="20200406 11:14:10.632"></status>
</kw>
<kw name="Create Webdriver" library="Selenium2Library">
<doc>Creates an instance of Selenium WebDriver.</doc>
<arguments>
<arg>Firefox</arg>
<arg>executable_path=/home/elsys/PycharmProjects/robot_frame/TestCases/geckodriver</arg>
</arguments>
<msg timestamp="20200406 11:14:10.632" level="INFO">Creating an instance of the Firefox WebDriver.</msg>
<status status="PASS" starttime="20200406 11:14:10.632" endtime="20200406 11:14:12.578"></status>
</kw>
<kw name="Maximize Browser Window" library="Selenium2Library">
<doc>Maximizes current browser window.</doc>
<status status="PASS" starttime="20200406 11:14:12.578" endtime="20200406 11:14:12.866"></status>
</kw>
<kw name="Sleep" library="BuiltIn">
<doc>Pauses the test executed for the given time.</doc>
<arguments>
<arg>3seconds</arg>
</arguments>
<msg timestamp="20200406 11:14:15.867" level="INFO">Slept 3 seconds</msg>
<status status="PASS" starttime="20200406 11:14:12.866" endtime="20200406 11:14:15.868"></status>
</kw>
<status status="PASS" starttime="20200406 11:14:10.631" endtime="20200406 11:14:15.868"></status>
</kw>
<kw name="Go To" library="Selenium2Library">
<doc>Navigates the active browser instance to the provided ``url``.</doc>
<arguments>
<arg>${url}</arg>
</arguments>
<msg timestamp="20200406 11:14:15.870" level="INFO">Opening url 'http://demo.automationtesting.in/Windows.html'</msg>
<status status="PASS" starttime="20200406 11:14:15.869" endtime="20200406 11:14:27.349"></status>
</kw>
<kw name="Sleep" library="BuiltIn">
<doc>Pauses the test executed for the given time.</doc>
<arguments>
<arg>2</arg>
</arguments>
<msg timestamp="20200406 11:14:29.350" level="INFO">Slept 2 seconds</msg>
<status status="PASS" starttime="20200406 11:14:27.349" endtime="20200406 11:14:29.350"></status>
</kw>
<kw name="userandpassword_application">
<kw name="Click Button" library="Selenium2Library">
<doc>Clicks button identified by ``locator``.</doc>
<arguments>
<arg>xpath://div[@id='Tabbed']//button[@class='btn btn-info'][contains(text(),'click')]</arg>
</arguments>
<msg timestamp="20200406 11:14:29.351" level="INFO">Clicking button 'xpath://div[@id='Tabbed']//button[@class='btn btn-info'][contains(text(),'click')]'.</msg>
<status status="PASS" starttime="20200406 11:14:29.351" endtime="20200406 11:14:29.608"></status>
</kw>
<kw name="Sleep" library="BuiltIn">
<doc>Pauses the test executed for the given time.</doc>
<arguments>
<arg>15</arg>
</arguments>
<msg timestamp="20200406 11:14:44.609" level="INFO">Slept 15 seconds</msg>
<status status="PASS" starttime="20200406 11:14:29.608" endtime="20200406 11:14:44.609"></status>
</kw>
<kw name="Select Window" library="Selenium2Library">
<doc>Selects browser window matching ``locator``.</doc>
<arguments>
<arg>title=Sakinalium | Home</arg>
</arguments>
<status status="PASS" starttime="20200406 11:14:44.610" endtime="20200406 11:14:44.709"></status>
</kw>
<kw name="Sleep" library="BuiltIn">
<doc>Pauses the test executed for the given time.</doc>
<arguments>
<arg>3</arg>
</arguments>
<msg timestamp="20200406 11:14:47.710" level="INFO">Slept 3 seconds</msg>
<status status="PASS" starttime="20200406 11:14:44.709" endtime="20200406 11:14:47.710"></status>
</kw>
<kw name="Click Element" library="Selenium2Library">
<doc>Click element identified by ``locator``.</doc>
<arguments>
<arg>xpath://ul[@class='nav navbar-nav navbar-right']//a[contains(text(),'Contact')]</arg>
</arguments>
<msg timestamp="20200406 11:14:47.711" level="INFO">Clicking element 'xpath://ul[@class='nav navbar-nav navbar-right']//a[contains(text(),'Contact')]'.</msg>
<status status="PASS" starttime="20200406 11:14:47.711" endtime="20200406 11:14:49.556"></status>
</kw>
<status status="PASS" starttime="20200406 11:14:29.351" endtime="20200406 11:14:49.557"></status>
</kw>
<kw name="closebrowser_application">
<kw name="Sleep" library="BuiltIn">
<doc>Pauses the test executed for the given time.</doc>
<arguments>
<arg>5seconds</arg>
</arguments>
<msg timestamp="20200406 11:14:54.560" level="INFO">Slept 5 seconds</msg>
<status status="PASS" starttime="20200406 11:14:49.558" endtime="20200406 11:14:54.560"></status>
</kw>
<kw name="Close All Browsers" library="Selenium2Library">
<doc>Closes all open browsers and resets the browser cache.</doc>
<status status="PASS" starttime="20200406 11:14:54.560" endtime="20200406 11:14:58.278"></status>
</kw>
<status status="PASS" starttime="20200406 11:14:49.557" endtime="20200406 11:14:58.278"></status>
</kw>
<status status="PASS" starttime="20200406 11:14:10.630" endtime="20200406 11:14:58.278" critical="yes"></status>
</test>
<doc>Input Boxes performance</doc>
<status status="PASS" starttime="20200406 11:14:10.519" endtime="20200406 11:14:58.279"></status>
</suite>
<statistics>
<total>
<stat pass="1" fail="0">Critical Tests</stat>
<stat pass="1" fail="0">All Tests</stat>
</total>
<tag>
</tag>
<suite>
<stat pass="1" fail="0" id="s1" name="Tab Browserwindow">Tab Browserwindow</stat>
</suite>
</statistics>
<errors>
</errors>
</robot>
