<?xml version="1.0" encoding="UTF-8"?>
<robot generator="Robot 3.1.2 (Python 3.6.9 on linux)" generated="20200406 14:38:03.348" rpa="false">
<suite id="s1" name="Capture Elemen" source="/home/elsys/Documents/vscode_robot_git/robot_frame_SDET/TestCase_013/capture_elemen.robot">
<test id="s1-t1" name="LoginTest">
<kw name="openbrowserpath_application">
<kw name="Evaluate" library="BuiltIn">
<doc>Evaluates the given expression in Python and returns the results.</doc>
<arguments>
<arg>sys.modules['selenium.webdriver'].common.desired_capabilities.DesiredCapabilities.FIREFOX</arg>
<arg>sys, selenium.webdriver</arg>
</arguments>
<assign>
<var>${ff default caps}</var>
</assign>
<msg timestamp="20200406 14:38:03.463" level="INFO">${ff default caps} = {'browserName': 'firefox', 'marionette': True, 'acceptInsecureCerts': True}</msg>
<status status="PASS" starttime="20200406 14:38:03.462" endtime="20200406 14:38:03.463"></status>
</kw>
<kw name="Set To Dictionary" library="Collections">
<doc>Adds the given ``key_value_pairs`` and ``items`` to the ``dictionary``.</doc>
<arguments>
<arg>${ff default caps}</arg>
<arg>marionette =${True}</arg>
</arguments>
<status status="PASS" starttime="20200406 14:38:03.463" endtime="20200406 14:38:03.463"></status>
</kw>
<kw name="Create Webdriver" library="Selenium2Library">
<doc>Creates an instance of Selenium WebDriver.</doc>
<arguments>
<arg>Firefox</arg>
<arg>executable_path=/home/elsys/PycharmProjects/robot_frame/TestCases/geckodriver</arg>
</arguments>
<msg timestamp="20200406 14:38:03.463" level="INFO">Creating an instance of the Firefox WebDriver.</msg>
<status status="PASS" starttime="20200406 14:38:03.463" endtime="20200406 14:38:05.423"></status>
</kw>
<kw name="Maximize Browser Window" library="Selenium2Library">
<doc>Maximizes current browser window.</doc>
<status status="PASS" starttime="20200406 14:38:05.424" endtime="20200406 14:38:05.713"></status>
</kw>
<kw name="Sleep" library="BuiltIn">
<doc>Pauses the test executed for the given time.</doc>
<arguments>
<arg>3seconds</arg>
</arguments>
<msg timestamp="20200406 14:38:08.714" level="INFO">Slept 3 seconds</msg>
<status status="PASS" starttime="20200406 14:38:05.713" endtime="20200406 14:38:08.715"></status>
</kw>
<status status="PASS" starttime="20200406 14:38:03.462" endtime="20200406 14:38:08.715"></status>
</kw>
<kw name="Go To" library="Selenium2Library">
<doc>Navigates the active browser instance to the provided ``url``.</doc>
<arguments>
<arg>${url}</arg>
</arguments>
<msg timestamp="20200406 14:38:08.717" level="INFO">Opening url 'https://opensource-demo.orangehrmlive.com/'</msg>
<status status="PASS" starttime="20200406 14:38:08.716" endtime="20200406 14:38:20.889"></status>
</kw>
<kw name="Sleep" library="BuiltIn">
<doc>Pauses the test executed for the given time.</doc>
<arguments>
<arg>2</arg>
</arguments>
<msg timestamp="20200406 14:38:22.891" level="INFO">Slept 2 seconds</msg>
<status status="PASS" starttime="20200406 14:38:20.889" endtime="20200406 14:38:22.891"></status>
</kw>
<kw name="Get Location" library="Selenium2Library">
<doc>Returns the current browser URL.</doc>
<assign>
<var>${locat}</var>
</assign>
<msg timestamp="20200406 14:38:22.900" level="INFO">${locat} = https://opensource-demo.orangehrmlive.com/</msg>
<status status="PASS" starttime="20200406 14:38:22.892" endtime="20200406 14:38:22.900"></status>
</kw>
<kw name="Log To Console" library="BuiltIn">
<doc>Logs the given message to the console.</doc>
<arguments>
<arg>${locat}</arg>
</arguments>
<status status="PASS" starttime="20200406 14:38:22.901" endtime="20200406 14:38:22.903"></status>
</kw>
<kw name="Log" library="BuiltIn">
<doc>Logs the given message with the given level.</doc>
<arguments>
<arg>${locat}</arg>
</arguments>
<msg timestamp="20200406 14:38:22.904" level="INFO">https://opensource-demo.orangehrmlive.com/</msg>
<status status="PASS" starttime="20200406 14:38:22.903" endtime="20200406 14:38:22.904"></status>
</kw>
<kw name="userandpassword_application">
<kw name="Clear Element Text" library="Selenium2Library">
<doc>Clears the value of text entry element identified by ``locator``.</doc>
<arguments>
<arg>id:txtUsername</arg>
</arguments>
<status status="PASS" starttime="20200406 14:38:22.905" endtime="20200406 14:38:22.918"></status>
</kw>
<kw name="Sleep" library="BuiltIn">
<doc>Pauses the test executed for the given time.</doc>
<arguments>
<arg>0.2</arg>
</arguments>
<msg timestamp="20200406 14:38:23.119" level="INFO">Slept 200 milliseconds</msg>
<status status="PASS" starttime="20200406 14:38:22.919" endtime="20200406 14:38:23.120"></status>
</kw>
<kw name="Input Text" library="Selenium2Library">
<doc>Types the given ``text`` into text field identified by ``locator``.</doc>
<arguments>
<arg>id:txtUsername</arg>
<arg>Admin</arg>
</arguments>
<msg timestamp="20200406 14:38:23.121" level="INFO">Typing text 'Admin' into text field 'id:txtUsername'.</msg>
<status status="PASS" starttime="20200406 14:38:23.120" endtime="20200406 14:38:23.187"></status>
</kw>
<kw name="Sleep" library="BuiltIn">
<doc>Pauses the test executed for the given time.</doc>
<arguments>
<arg>3</arg>
</arguments>
<msg timestamp="20200406 14:38:26.188" level="INFO">Slept 3 seconds</msg>
<status status="PASS" starttime="20200406 14:38:23.188" endtime="20200406 14:38:26.189"></status>
</kw>
<kw name="Clear Element Text" library="Selenium2Library">
<doc>Clears the value of text entry element identified by ``locator``.</doc>
<arguments>
<arg>id:txtPassword</arg>
</arguments>
<status status="PASS" starttime="20200406 14:38:26.190" endtime="20200406 14:38:26.215"></status>
</kw>
<kw name="Sleep" library="BuiltIn">
<doc>Pauses the test executed for the given time.</doc>
<arguments>
<arg>0.2</arg>
</arguments>
<msg timestamp="20200406 14:38:26.417" level="INFO">Slept 200 milliseconds</msg>
<status status="PASS" starttime="20200406 14:38:26.216" endtime="20200406 14:38:26.417"></status>
</kw>
<kw name="Input Text" library="Selenium2Library">
<doc>Types the given ``text`` into text field identified by ``locator``.</doc>
<arguments>
<arg>id:txtPassword</arg>
<arg>admin123</arg>
</arguments>
<msg timestamp="20200406 14:38:26.418" level="INFO">Typing text 'admin123' into text field 'id:txtPassword'.</msg>
<status status="PASS" starttime="20200406 14:38:26.418" endtime="20200406 14:38:26.469"></status>
</kw>
<kw name="Sleep" library="BuiltIn">
<doc>Pauses the test executed for the given time.</doc>
<arguments>
<arg>3</arg>
</arguments>
<msg timestamp="20200406 14:38:29.470" level="INFO">Slept 3 seconds</msg>
<status status="PASS" starttime="20200406 14:38:26.469" endtime="20200406 14:38:29.470"></status>
</kw>
<kw name="Capture Element Screenshot" library="Selenium2Library">
<doc>Captures screenshot from the element identified by ``locator`` and embeds it into log file.</doc>
<arguments>
<arg>//div[@id='logInPanelHeading']</arg>
</arguments>
<msg timestamp="20200406 14:38:29.507" level="INFO" html="yes">&lt;/td&gt;&lt;/tr&gt;&lt;tr&gt;&lt;td colspan="3"&gt;&lt;a href="selenium-element-screenshot-7.png"&gt;&lt;img src="selenium-element-screenshot-7.png" width="400px"&gt;&lt;/a&gt;</msg>
<status status="PASS" starttime="20200406 14:38:29.471" endtime="20200406 14:38:29.507"></status>
</kw>
<kw name="Capture Page Screenshot" library="Selenium2Library">
<doc>Takes screenshot of the current page and embeds it into log file.</doc>
<arguments>
<arg>page_web.png</arg>
</arguments>
<msg timestamp="20200406 14:38:29.597" level="INFO" html="yes">&lt;/td&gt;&lt;/tr&gt;&lt;tr&gt;&lt;td colspan="3"&gt;&lt;a href="page_web.png"&gt;&lt;img src="page_web.png" width="800px"&gt;&lt;/a&gt;</msg>
<status status="PASS" starttime="20200406 14:38:29.507" endtime="20200406 14:38:29.597"></status>
</kw>
<kw name="Current Frame Should Contain" library="Selenium2Library">
<doc>Verifies that current frame contains ``text``.</doc>
<arguments>
<arg>LOGIN Panel</arg>
</arguments>
<msg timestamp="20200406 14:38:29.603" level="INFO">Current frame contains text 'LOGIN Panel'.</msg>
<status status="PASS" starttime="20200406 14:38:29.597" endtime="20200406 14:38:29.603"></status>
</kw>
<status status="PASS" starttime="20200406 14:38:22.904" endtime="20200406 14:38:29.603"></status>
</kw>
<kw name="closebrowser_application">
<kw name="Sleep" library="BuiltIn">
<doc>Pauses the test executed for the given time.</doc>
<arguments>
<arg>5seconds</arg>
</arguments>
<msg timestamp="20200406 14:38:34.604" level="INFO">Slept 5 seconds</msg>
<status status="PASS" starttime="20200406 14:38:29.603" endtime="20200406 14:38:34.604"></status>
</kw>
<kw name="Close All Browsers" library="Selenium2Library">
<doc>Closes all open browsers and resets the browser cache.</doc>
<status status="PASS" starttime="20200406 14:38:34.605" endtime="20200406 14:38:38.338"></status>
</kw>
<status status="PASS" starttime="20200406 14:38:29.603" endtime="20200406 14:38:38.339"></status>
</kw>
<status status="PASS" starttime="20200406 14:38:03.462" endtime="20200406 14:38:38.340" critical="yes"></status>
</test>
<doc>Input Boxes performance</doc>
<status status="PASS" starttime="20200406 14:38:03.348" endtime="20200406 14:38:38.343"></status>
</suite>
<statistics>
<total>
<stat pass="1" fail="0">Critical Tests</stat>
<stat pass="1" fail="0">All Tests</stat>
</total>
<tag>
</tag>
<suite>
<stat pass="1" fail="0" id="s1" name="Capture Elemen">Capture Elemen</stat>
</suite>
</statistics>
<errors>
</errors>
</robot>
