<?xml version="1.0" encoding="UTF-8"?>
<robot generator="Robot 3.1.2 (Python 3.6.9 on linux)" generated="20200403 23:16:58.911" rpa="false">
<suite id="s1" name="Tc1" source="/home/elsys/Desktop/Teste/robot_frame/TestCase/Tc1.robot">
<test id="s1-t1" name="LoginTest">
<kw name="openbrowserpathapplication">
<kw name="Evaluate" library="BuiltIn">
<doc>Evaluates the given expression in Python and returns the results.</doc>
<arguments>
<arg>sys.modules['selenium.webdriver'].common.desired_capabilities.DesiredCapabilities.FIREFOX</arg>
<arg>sys,selenium.webdriver</arg>
</arguments>
<assign>
<var>${ff default caps}</var>
</assign>
<msg timestamp="20200403 23:16:59.027" level="INFO">${ff default caps} = {'browserName': 'firefox', 'marionette': True, 'acceptInsecureCerts': True}</msg>
<status status="PASS" starttime="20200403 23:16:59.026" endtime="20200403 23:16:59.027"></status>
</kw>
<kw name="Set To Dictionary" library="Collections">
<doc>Adds the given ``key_value_pairs`` and ``items`` to the ``dictionary``.</doc>
<arguments>
<arg>${ff default caps}</arg>
<arg>marionette=${True}</arg>
</arguments>
<status status="PASS" starttime="20200403 23:16:59.027" endtime="20200403 23:16:59.027"></status>
</kw>
<kw name="Create Webdriver" library="Selenium2Library">
<doc>Creates an instance of Selenium WebDriver.</doc>
<arguments>
<arg>Firefox</arg>
<arg>executable_path=/home/elsys/PycharmProjects/robot_frame/TestCases/geckodriver</arg>
</arguments>
<msg timestamp="20200403 23:16:59.027" level="INFO">Creating an instance of the Firefox WebDriver.</msg>
<status status="PASS" starttime="20200403 23:16:59.027" endtime="20200403 23:17:00.901"></status>
</kw>
<kw name="Maximize Browser Window" library="Selenium2Library">
<doc>Maximizes current browser window.</doc>
<status status="PASS" starttime="20200403 23:17:00.902" endtime="20200403 23:17:01.183"></status>
</kw>
<status status="PASS" starttime="20200403 23:16:59.026" endtime="20200403 23:17:01.184"></status>
</kw>
<kw name="Go To" library="Selenium2Library">
<doc>Navigates the active browser instance to the provided ``url``.</doc>
<arguments>
<arg>${url}</arg>
</arguments>
<msg timestamp="20200403 23:17:01.186" level="INFO">Opening url 'https://demo.nopcommerce.com/'</msg>
<status status="PASS" starttime="20200403 23:17:01.185" endtime="20200403 23:17:04.881"></status>
</kw>
<kw name="Sleep" library="BuiltIn">
<doc>Pauses the test executed for the given time.</doc>
<arguments>
<arg>5s</arg>
</arguments>
<msg timestamp="20200403 23:17:09.882" level="INFO">Slept 5 seconds</msg>
<status status="PASS" starttime="20200403 23:17:04.881" endtime="20200403 23:17:09.883"></status>
</kw>
<kw name="userandpasswordapplication">
<kw name="Click Link" library="Selenium2Library">
<doc>Clicks a link identified by ``locator``.</doc>
<arguments>
<arg>xpath://a[@class='ico-login']</arg>
</arguments>
<msg timestamp="20200403 23:17:09.885" level="INFO">Clicking link 'xpath://a[@class='ico-login']'.</msg>
<status status="PASS" starttime="20200403 23:17:09.885" endtime="20200403 23:17:12.208"></status>
</kw>
<kw name="Input Text" library="Selenium2Library">
<doc>Types the given ``text`` into text field identified by ``locator``.</doc>
<arguments>
<arg>id:Email</arg>
<arg>vinicius.mpinho@gmail.com</arg>
</arguments>
<msg timestamp="20200403 23:17:12.208" level="INFO">Typing text 'vinicius.mpinho@gmail.com' into text field 'id:Email'.</msg>
<status status="PASS" starttime="20200403 23:17:12.208" endtime="20200403 23:17:12.258"></status>
</kw>
<kw name="Sleep" library="BuiltIn">
<doc>Pauses the test executed for the given time.</doc>
<arguments>
<arg>3s</arg>
</arguments>
<msg timestamp="20200403 23:17:15.258" level="INFO">Slept 3 seconds</msg>
<status status="PASS" starttime="20200403 23:17:12.258" endtime="20200403 23:17:15.259"></status>
</kw>
<kw name="Input Password" library="Selenium2Library">
<doc>Types the given password into text field identified by ``locator``.</doc>
<arguments>
<arg>id:Password</arg>
<arg>Test@123</arg>
</arguments>
<msg timestamp="20200403 23:17:15.260" level="INFO">Typing password into text field 'id:Password'.</msg>
<status status="PASS" starttime="20200403 23:17:15.259" endtime="20200403 23:17:15.341"></status>
</kw>
<kw name="Click Element" library="Selenium2Library">
<doc>Click element identified by ``locator``.</doc>
<arguments>
<arg>xpath://input[@class='button-1 login-button']</arg>
</arguments>
<msg timestamp="20200403 23:17:15.342" level="INFO">Clicking element 'xpath://input[@class='button-1 login-button']'.</msg>
<status status="PASS" starttime="20200403 23:17:15.342" endtime="20200403 23:17:19.523"></status>
</kw>
<kw name="Sleep" library="BuiltIn">
<doc>Pauses the test executed for the given time.</doc>
<arguments>
<arg>3s</arg>
</arguments>
<msg timestamp="20200403 23:17:22.524" level="INFO">Slept 3 seconds</msg>
<status status="PASS" starttime="20200403 23:17:19.524" endtime="20200403 23:17:22.525"></status>
</kw>
<kw name="Click Link" library="Selenium2Library">
<doc>Clicks a link identified by ``locator``.</doc>
<arguments>
<arg>xpath://a[@class='ico-account']</arg>
</arguments>
<msg timestamp="20200403 23:17:22.526" level="INFO">Clicking link 'xpath://a[@class='ico-account']'.</msg>
<status status="PASS" starttime="20200403 23:17:22.525" endtime="20200403 23:17:23.325"></status>
</kw>
<kw name="Sleep" library="BuiltIn">
<doc>Pauses the test executed for the given time.</doc>
<arguments>
<arg>3s</arg>
</arguments>
<msg timestamp="20200403 23:17:26.326" level="INFO">Slept 3 seconds</msg>
<status status="PASS" starttime="20200403 23:17:23.325" endtime="20200403 23:17:26.326"></status>
</kw>
<kw name="Close Browser" library="Selenium2Library">
<doc>Closes the current browser.</doc>
<status status="PASS" starttime="20200403 23:17:26.327" endtime="20200403 23:17:29.037"></status>
</kw>
<status status="PASS" starttime="20200403 23:17:09.883" endtime="20200403 23:17:29.037"></status>
</kw>
<status status="PASS" starttime="20200403 23:16:59.025" endtime="20200403 23:17:29.037" critical="yes"></status>
</test>
<doc>Open a Web Page using Lenovo new</doc>
<status status="PASS" starttime="20200403 23:16:58.912" endtime="20200403 23:17:29.038"></status>
</suite>
<statistics>
<total>
<stat pass="1" fail="0">Critical Tests</stat>
<stat pass="1" fail="0">All Tests</stat>
</total>
<tag>
</tag>
<suite>
<stat pass="1" fail="0" id="s1" name="Tc1">Tc1</stat>
</suite>
</statistics>
<errors>
</errors>
</robot>
