<?xml version="1.0" encoding="UTF-8"?>
<robot generator="Robot 3.1.2 (Python 3.6.9 on linux)" generated="20200404 21:11:22.090" rpa="false">
<suite id="s1" name="drop downL list" source="/home/elsys/Desktop/Teste/robot_frame/TestCase_03/drop_downL_list.robot">
<test id="s1-t1" name="LoginTest">
<kw name="openbrowserpathapplication">
<kw name="Evaluate" library="BuiltIn">
<doc>Evaluates the given expression in Python and returns the results.</doc>
<arguments>
<arg>sys.modules['selenium.webdriver'].common.desired_capabilities.DesiredCapabilities.FIREFOX</arg>
<arg>sys, selenium.webdriver</arg>
</arguments>
<assign>
<var>${ff default caps}</var>
</assign>
<msg timestamp="20200404 21:11:22.205" level="INFO">${ff default caps} = {'browserName': 'firefox', 'marionette': True, 'acceptInsecureCerts': True}</msg>
<status status="PASS" starttime="20200404 21:11:22.205" endtime="20200404 21:11:22.205"></status>
</kw>
<kw name="Set To Dictionary" library="Collections">
<doc>Adds the given ``key_value_pairs`` and ``items`` to the ``dictionary``.</doc>
<arguments>
<arg>${ff default caps}</arg>
<arg>marionette =${True}</arg>
</arguments>
<status status="PASS" starttime="20200404 21:11:22.206" endtime="20200404 21:11:22.206"></status>
</kw>
<kw name="Create Webdriver" library="Selenium2Library">
<doc>Creates an instance of Selenium WebDriver.</doc>
<arguments>
<arg>Firefox</arg>
<arg>executable_path=/home/elsys/PycharmProjects/robot_frame/TestCases/geckodriver</arg>
</arguments>
<msg timestamp="20200404 21:11:22.206" level="INFO">Creating an instance of the Firefox WebDriver.</msg>
<status status="PASS" starttime="20200404 21:11:22.206" endtime="20200404 21:11:24.255"></status>
</kw>
<kw name="Maximize Browser Window" library="Selenium2Library">
<doc>Maximizes current browser window.</doc>
<status status="PASS" starttime="20200404 21:11:24.255" endtime="20200404 21:11:24.548"></status>
</kw>
<kw name="Set Selenium Speed" library="Selenium2Library">
<doc>Sets the delay that is waited after each Selenium command.</doc>
<arguments>
<arg>1seconds</arg>
</arguments>
<status status="PASS" starttime="20200404 21:11:24.548" endtime="20200404 21:11:24.549"></status>
</kw>
<status status="PASS" starttime="20200404 21:11:22.205" endtime="20200404 21:11:24.549"></status>
</kw>
<kw name="Go To" library="Selenium2Library">
<doc>Navigates the active browser instance to the provided ``url``.</doc>
<arguments>
<arg>${url}</arg>
</arguments>
<msg timestamp="20200404 21:11:24.551" level="INFO">Opening url 'https://practiceselenium.com/practice-form.html'</msg>
<status status="PASS" starttime="20200404 21:11:24.550" endtime="20200404 21:11:38.143"></status>
</kw>
<kw name="Sleep" library="BuiltIn">
<doc>Pauses the test executed for the given time.</doc>
<arguments>
<arg>5s</arg>
</arguments>
<msg timestamp="20200404 21:11:43.145" level="INFO">Slept 5 seconds</msg>
<status status="PASS" starttime="20200404 21:11:38.143" endtime="20200404 21:11:43.145"></status>
</kw>
<kw name="userandpasswordapplication">
<kw name="Input Text" library="Selenium2Library">
<doc>Types the given ``text`` into text field identified by ``locator``.</doc>
<arguments>
<arg>name=firstname</arg>
<arg>Vinicius Miranda</arg>
</arguments>
<msg timestamp="20200404 21:11:43.148" level="INFO">Typing text 'Vinicius Miranda' into text field 'name=firstname'.</msg>
<status status="PASS" starttime="20200404 21:11:43.147" endtime="20200404 21:11:46.266"></status>
</kw>
<kw name="Input Text" library="Selenium2Library">
<doc>Types the given ``text`` into text field identified by ``locator``.</doc>
<arguments>
<arg>name=lastname</arg>
<arg>Pinho</arg>
</arguments>
<msg timestamp="20200404 21:11:46.267" level="INFO">Typing text 'Pinho' into text field 'name=lastname'.</msg>
<status status="PASS" starttime="20200404 21:11:46.266" endtime="20200404 21:11:49.329"></status>
</kw>
<kw name="Select Radio Button" library="Selenium2Library">
<doc>Sets radio button group ``group_name`` to ``value``.</doc>
<arguments>
<arg>sex</arg>
<arg>Female</arg>
</arguments>
<msg timestamp="20200404 21:11:49.330" level="INFO">Selecting 'Female' from radio button 'sex'.</msg>
<status status="PASS" starttime="20200404 21:11:49.329" endtime="20200404 21:11:52.598"></status>
</kw>
<kw name="Select Radio Button" library="Selenium2Library">
<doc>Sets radio button group ``group_name`` to ``value``.</doc>
<arguments>
<arg>exp</arg>
<arg>5</arg>
</arguments>
<msg timestamp="20200404 21:11:52.599" level="INFO">Selecting '5' from radio button 'exp'.</msg>
<status status="PASS" starttime="20200404 21:11:52.598" endtime="20200404 21:11:55.855"></status>
</kw>
<kw name="Select Checkbox" library="Selenium2Library">
<doc>Selects checkbox identified by ``locator``.</doc>
<arguments>
<arg>BlackTea</arg>
</arguments>
<msg timestamp="20200404 21:11:55.856" level="INFO">Selecting checkbox 'BlackTea'.</msg>
<status status="PASS" starttime="20200404 21:11:55.855" endtime="20200404 21:12:00.109"></status>
</kw>
<kw name="Unselect Checkbox" library="Selenium2Library">
<doc>Removes selection of checkbox identified by ``locator``.</doc>
<arguments>
<arg>BlackTea</arg>
</arguments>
<msg timestamp="20200404 21:12:00.110" level="INFO">Unselecting checkbox 'BlackTea'.</msg>
<status status="PASS" starttime="20200404 21:12:00.109" endtime="20200404 21:12:04.366"></status>
</kw>
<kw name="Select Checkbox" library="Selenium2Library">
<doc>Selects checkbox identified by ``locator``.</doc>
<arguments>
<arg>BlackTea</arg>
</arguments>
<msg timestamp="20200404 21:12:04.367" level="INFO">Selecting checkbox 'BlackTea'.</msg>
<status status="PASS" starttime="20200404 21:12:04.367" endtime="20200404 21:12:08.598"></status>
</kw>
<kw name="Select Checkbox" library="Selenium2Library">
<doc>Selects checkbox identified by ``locator``.</doc>
<arguments>
<arg>RedTea</arg>
</arguments>
<msg timestamp="20200404 21:12:08.599" level="INFO">Selecting checkbox 'RedTea'.</msg>
<status status="PASS" starttime="20200404 21:12:08.598" endtime="20200404 21:12:12.858"></status>
</kw>
<kw name="Select From List By Label" library="Selenium2Library">
<doc>Selects options from selection list ``locator`` by ``labels``.</doc>
<arguments>
<arg>continents</arg>
<arg>Asia</arg>
</arguments>
<msg timestamp="20200404 21:12:12.859" level="INFO">Selecting options from selection list 'continents' by label Asia.</msg>
<status status="PASS" starttime="20200404 21:12:12.858" endtime="20200404 21:12:19.145"></status>
</kw>
<kw name="Sleep" library="BuiltIn">
<doc>Pauses the test executed for the given time.</doc>
<arguments>
<arg>4</arg>
</arguments>
<msg timestamp="20200404 21:12:23.148" level="INFO">Slept 4 seconds</msg>
<status status="PASS" starttime="20200404 21:12:19.146" endtime="20200404 21:12:23.148"></status>
</kw>
<kw name="Select From List By Index" library="Selenium2Library">
<doc>Selects options from selection list ``locator`` by ``indexes``.</doc>
<arguments>
<arg>continents</arg>
<arg>5</arg>
</arguments>
<msg timestamp="20200404 21:12:23.150" level="INFO">Selecting options from selection list 'continents' by index 5.</msg>
<status status="PASS" starttime="20200404 21:12:23.149" endtime="20200404 21:12:35.588"></status>
</kw>
<kw name="Select From List By Label" library="Selenium2Library">
<doc>Selects options from selection list ``locator`` by ``labels``.</doc>
<arguments>
<arg>selenium_commands</arg>
<arg>Switch Commands</arg>
</arguments>
<msg timestamp="20200404 21:12:35.589" level="INFO">Selecting options from selection list 'selenium_commands' by label Switch Commands.</msg>
<status status="PASS" starttime="20200404 21:12:35.589" endtime="20200404 21:12:41.898"></status>
</kw>
<kw name="Select From List By Label" library="Selenium2Library">
<doc>Selects options from selection list ``locator`` by ``labels``.</doc>
<arguments>
<arg>selenium_commands</arg>
<arg>Browser Commands</arg>
</arguments>
<msg timestamp="20200404 21:12:41.898" level="INFO">Selecting options from selection list 'selenium_commands' by label Browser Commands.</msg>
<status status="PASS" starttime="20200404 21:12:41.898" endtime="20200404 21:12:48.217"></status>
</kw>
<kw name="Unselect From List By Label" library="Selenium2Library">
<doc>Unselects options from selection list ``locator`` by ``labels``.</doc>
<arguments>
<arg>selenium_commands</arg>
<arg>Switch Commands</arg>
</arguments>
<msg timestamp="20200404 21:12:48.218" level="INFO">Un-selecting options from selection list 'selenium_commands' by label Switch Commands.</msg>
<status status="PASS" starttime="20200404 21:12:48.217" endtime="20200404 21:12:54.499"></status>
</kw>
<kw name="Sleep" library="BuiltIn">
<doc>Pauses the test executed for the given time.</doc>
<arguments>
<arg>1second</arg>
</arguments>
<msg timestamp="20200404 21:12:55.500" level="INFO">Slept 1 second</msg>
<status status="PASS" starttime="20200404 21:12:54.499" endtime="20200404 21:12:55.501"></status>
</kw>
<kw name="Close Browser" library="Selenium2Library">
<doc>Closes the current browser.</doc>
<status status="PASS" starttime="20200404 21:12:55.501" endtime="20200404 21:12:57.007"></status>
</kw>
<status status="PASS" starttime="20200404 21:11:43.146" endtime="20200404 21:12:57.008"></status>
</kw>
<status status="PASS" starttime="20200404 21:11:22.204" endtime="20200404 21:12:57.008" critical="yes"></status>
</test>
<doc>Input Boxes performance</doc>
<status status="PASS" starttime="20200404 21:11:22.091" endtime="20200404 21:12:57.012"></status>
</suite>
<statistics>
<total>
<stat pass="1" fail="0">Critical Tests</stat>
<stat pass="1" fail="0">All Tests</stat>
</total>
<tag>
</tag>
<suite>
<stat pass="1" fail="0" id="s1" name="drop downL list">drop downL list</stat>
</suite>
</statistics>
<errors>
</errors>
</robot>
