<?xml version="1.0" encoding="UTF-8"?>
<robot generator="Robot 3.1.2 (Python 3.6.9 on linux)" generated="20200406 15:11:41.758" rpa="false">
<suite id="s1" name="Mouse Double Click" source="/home/elsys/Documents/vscode_robot_git/robot_frame_SDET/TestCase_014/mouse_double_click.robot">
<test id="s1-t1" name="LoginTest">
<kw name="openbrowserpath_application">
<kw name="Evaluate" library="BuiltIn">
<doc>Evaluates the given expression in Python and returns the results.</doc>
<arguments>
<arg>sys.modules['selenium.webdriver'].common.desired_capabilities.DesiredCapabilities.FIREFOX</arg>
<arg>sys, selenium.webdriver</arg>
</arguments>
<assign>
<var>${ff default caps}</var>
</assign>
<msg timestamp="20200406 15:11:41.872" level="INFO">${ff default caps} = {'browserName': 'firefox', 'marionette': True, 'acceptInsecureCerts': True}</msg>
<status status="PASS" starttime="20200406 15:11:41.871" endtime="20200406 15:11:41.872"></status>
</kw>
<kw name="Set To Dictionary" library="Collections">
<doc>Adds the given ``key_value_pairs`` and ``items`` to the ``dictionary``.</doc>
<arguments>
<arg>${ff default caps}</arg>
<arg>marionette =${True}</arg>
</arguments>
<status status="PASS" starttime="20200406 15:11:41.872" endtime="20200406 15:11:41.872"></status>
</kw>
<kw name="Create Webdriver" library="Selenium2Library">
<doc>Creates an instance of Selenium WebDriver.</doc>
<arguments>
<arg>Firefox</arg>
<arg>executable_path=/home/elsys/PycharmProjects/robot_frame/TestCases/geckodriver</arg>
</arguments>
<msg timestamp="20200406 15:11:41.872" level="INFO">Creating an instance of the Firefox WebDriver.</msg>
<status status="PASS" starttime="20200406 15:11:41.872" endtime="20200406 15:11:43.713"></status>
</kw>
<kw name="Maximize Browser Window" library="Selenium2Library">
<doc>Maximizes current browser window.</doc>
<status status="PASS" starttime="20200406 15:11:43.713" endtime="20200406 15:11:44.002"></status>
</kw>
<kw name="Sleep" library="BuiltIn">
<doc>Pauses the test executed for the given time.</doc>
<arguments>
<arg>3seconds</arg>
</arguments>
<msg timestamp="20200406 15:11:47.003" level="INFO">Slept 3 seconds</msg>
<status status="PASS" starttime="20200406 15:11:44.003" endtime="20200406 15:11:47.004"></status>
</kw>
<status status="PASS" starttime="20200406 15:11:41.871" endtime="20200406 15:11:47.005"></status>
</kw>
<kw name="Go To" library="Selenium2Library">
<doc>Navigates the active browser instance to the provided ``url``.</doc>
<arguments>
<arg>${url}</arg>
</arguments>
<msg timestamp="20200406 15:11:47.006" level="INFO">Opening url 'http://swisnl.github.io/jQuery-contextMenu/demo.html'</msg>
<status status="PASS" starttime="20200406 15:11:47.005" endtime="20200406 15:11:51.537"></status>
</kw>
<kw name="Sleep" library="BuiltIn">
<doc>Pauses the test executed for the given time.</doc>
<arguments>
<arg>2</arg>
</arguments>
<msg timestamp="20200406 15:11:53.538" level="INFO">Slept 2 seconds</msg>
<status status="PASS" starttime="20200406 15:11:51.537" endtime="20200406 15:11:53.538"></status>
</kw>
<kw name="Get Location" library="Selenium2Library">
<doc>Returns the current browser URL.</doc>
<assign>
<var>${locat}</var>
</assign>
<msg timestamp="20200406 15:11:53.547" level="INFO">${locat} = http://swisnl.github.io/jQuery-contextMenu/demo.html</msg>
<status status="PASS" starttime="20200406 15:11:53.539" endtime="20200406 15:11:53.548"></status>
</kw>
<kw name="Log To Console" library="BuiltIn">
<doc>Logs the given message to the console.</doc>
<arguments>
<arg>${locat}</arg>
</arguments>
<status status="PASS" starttime="20200406 15:11:53.548" endtime="20200406 15:11:53.549"></status>
</kw>
<kw name="Log" library="BuiltIn">
<doc>Logs the given message with the given level.</doc>
<arguments>
<arg>${locat}</arg>
</arguments>
<msg timestamp="20200406 15:11:53.551" level="INFO">http://swisnl.github.io/jQuery-contextMenu/demo.html</msg>
<status status="PASS" starttime="20200406 15:11:53.550" endtime="20200406 15:11:53.551"></status>
</kw>
<kw name="userandpassword_application">
<kw name="Open Context Menu" library="Selenium2Library">
<doc>Opens context menu on element identified by ``locator``.</doc>
<arguments>
<arg>xpath://span[@class='context-menu-one btn btn-neutral']</arg>
</arguments>
<status status="PASS" starttime="20200406 15:11:53.553" endtime="20200406 15:11:53.905"></status>
</kw>
<kw name="Sleep" library="BuiltIn">
<doc>Pauses the test executed for the given time.</doc>
<arguments>
<arg>3</arg>
</arguments>
<msg timestamp="20200406 15:11:56.905" level="INFO">Slept 3 seconds</msg>
<status status="PASS" starttime="20200406 15:11:53.905" endtime="20200406 15:11:56.905"></status>
</kw>
<status status="PASS" starttime="20200406 15:11:53.552" endtime="20200406 15:11:56.906"></status>
</kw>
<kw name="closebrowser_application">
<kw name="Sleep" library="BuiltIn">
<doc>Pauses the test executed for the given time.</doc>
<arguments>
<arg>5seconds</arg>
</arguments>
<msg timestamp="20200406 15:12:01.906" level="INFO">Slept 5 seconds</msg>
<status status="PASS" starttime="20200406 15:11:56.906" endtime="20200406 15:12:01.907"></status>
</kw>
<kw name="Close All Browsers" library="Selenium2Library">
<doc>Closes all open browsers and resets the browser cache.</doc>
<status status="PASS" starttime="20200406 15:12:01.907" endtime="20200406 15:12:05.621"></status>
</kw>
<status status="PASS" starttime="20200406 15:11:56.906" endtime="20200406 15:12:05.621"></status>
</kw>
<status status="PASS" starttime="20200406 15:11:41.871" endtime="20200406 15:12:05.621" critical="yes"></status>
</test>
<doc>Input Boxes performance</doc>
<status status="PASS" starttime="20200406 15:11:41.758" endtime="20200406 15:12:05.622"></status>
</suite>
<statistics>
<total>
<stat pass="1" fail="0">Critical Tests</stat>
<stat pass="1" fail="0">All Tests</stat>
</total>
<tag>
</tag>
<suite>
<stat pass="1" fail="0" id="s1" name="Mouse Double Click">Mouse Double Click</stat>
</suite>
</statistics>
<errors>
</errors>
</robot>
