<?xml version="1.0" encoding="UTF-8"?>
<robot generator="Robot 3.1.2 (Python 3.6.9 on linux)" generated="20200406 13:12:54.133" rpa="false">
<suite id="s1" name="Muilt Browser" source="/home/elsys/Documents/vscode_robot_git/robot_frame_SDET/TestCase_011/muilt_browser.robot">
<test id="s1-t1" name="LoginTest">
<kw name="openbrowserpath_application">
<kw name="Evaluate" library="BuiltIn">
<doc>Evaluates the given expression in Python and returns the results.</doc>
<arguments>
<arg>sys.modules['selenium.webdriver'].common.desired_capabilities.DesiredCapabilities.FIREFOX</arg>
<arg>sys, selenium.webdriver</arg>
</arguments>
<assign>
<var>${ff default caps}</var>
</assign>
<msg timestamp="20200406 13:12:54.252" level="INFO">${ff default caps} = {'browserName': 'firefox', 'marionette': True, 'acceptInsecureCerts': True}</msg>
<status status="PASS" starttime="20200406 13:12:54.251" endtime="20200406 13:12:54.252"></status>
</kw>
<kw name="Set To Dictionary" library="Collections">
<doc>Adds the given ``key_value_pairs`` and ``items`` to the ``dictionary``.</doc>
<arguments>
<arg>${ff default caps}</arg>
<arg>marionette =${True}</arg>
</arguments>
<status status="PASS" starttime="20200406 13:12:54.252" endtime="20200406 13:12:54.252"></status>
</kw>
<kw name="Create Webdriver" library="Selenium2Library">
<doc>Creates an instance of Selenium WebDriver.</doc>
<arguments>
<arg>Firefox</arg>
<arg>executable_path=/home/elsys/PycharmProjects/robot_frame/TestCases/geckodriver</arg>
</arguments>
<msg timestamp="20200406 13:12:54.252" level="INFO">Creating an instance of the Firefox WebDriver.</msg>
<status status="PASS" starttime="20200406 13:12:54.252" endtime="20200406 13:12:56.311"></status>
</kw>
<kw name="Maximize Browser Window" library="Selenium2Library">
<doc>Maximizes current browser window.</doc>
<status status="PASS" starttime="20200406 13:12:56.311" endtime="20200406 13:12:56.623"></status>
</kw>
<kw name="Sleep" library="BuiltIn">
<doc>Pauses the test executed for the given time.</doc>
<arguments>
<arg>3seconds</arg>
</arguments>
<msg timestamp="20200406 13:12:59.625" level="INFO">Slept 3 seconds</msg>
<status status="PASS" starttime="20200406 13:12:56.623" endtime="20200406 13:12:59.625"></status>
</kw>
<status status="PASS" starttime="20200406 13:12:54.251" endtime="20200406 13:12:59.626"></status>
</kw>
<kw name="Go To" library="Selenium2Library">
<doc>Navigates the active browser instance to the provided ``url``.</doc>
<arguments>
<arg>${url}</arg>
</arguments>
<msg timestamp="20200406 13:12:59.627" level="INFO">Opening url 'http://demo.automationtesting.in/Windows.html'</msg>
<status status="PASS" starttime="20200406 13:12:59.626" endtime="20200406 13:13:07.066"></status>
</kw>
<kw name="Sleep" library="BuiltIn">
<doc>Pauses the test executed for the given time.</doc>
<arguments>
<arg>2</arg>
</arguments>
<msg timestamp="20200406 13:13:09.067" level="INFO">Slept 2 seconds</msg>
<status status="PASS" starttime="20200406 13:13:07.066" endtime="20200406 13:13:09.067"></status>
</kw>
<kw name="openbrowserpath_application">
<kw name="Evaluate" library="BuiltIn">
<doc>Evaluates the given expression in Python and returns the results.</doc>
<arguments>
<arg>sys.modules['selenium.webdriver'].common.desired_capabilities.DesiredCapabilities.FIREFOX</arg>
<arg>sys, selenium.webdriver</arg>
</arguments>
<assign>
<var>${ff default caps}</var>
</assign>
<msg timestamp="20200406 13:13:09.069" level="INFO">${ff default caps} = {'browserName': 'firefox', 'marionette': True, 'acceptInsecureCerts': True, 'marionette ': True}</msg>
<status status="PASS" starttime="20200406 13:13:09.069" endtime="20200406 13:13:09.069"></status>
</kw>
<kw name="Set To Dictionary" library="Collections">
<doc>Adds the given ``key_value_pairs`` and ``items`` to the ``dictionary``.</doc>
<arguments>
<arg>${ff default caps}</arg>
<arg>marionette =${True}</arg>
</arguments>
<status status="PASS" starttime="20200406 13:13:09.070" endtime="20200406 13:13:09.070"></status>
</kw>
<kw name="Create Webdriver" library="Selenium2Library">
<doc>Creates an instance of Selenium WebDriver.</doc>
<arguments>
<arg>Firefox</arg>
<arg>executable_path=/home/elsys/PycharmProjects/robot_frame/TestCases/geckodriver</arg>
</arguments>
<msg timestamp="20200406 13:13:09.071" level="INFO">Creating an instance of the Firefox WebDriver.</msg>
<status status="PASS" starttime="20200406 13:13:09.070" endtime="20200406 13:13:11.061"></status>
</kw>
<kw name="Maximize Browser Window" library="Selenium2Library">
<doc>Maximizes current browser window.</doc>
<status status="PASS" starttime="20200406 13:13:11.062" endtime="20200406 13:13:11.370"></status>
</kw>
<kw name="Sleep" library="BuiltIn">
<doc>Pauses the test executed for the given time.</doc>
<arguments>
<arg>3seconds</arg>
</arguments>
<msg timestamp="20200406 13:13:14.371" level="INFO">Slept 3 seconds</msg>
<status status="PASS" starttime="20200406 13:13:11.370" endtime="20200406 13:13:14.371"></status>
</kw>
<status status="PASS" starttime="20200406 13:13:09.068" endtime="20200406 13:13:14.372"></status>
</kw>
<kw name="Go To" library="Selenium2Library">
<doc>Navigates the active browser instance to the provided ``url``.</doc>
<arguments>
<arg>${url2}</arg>
</arguments>
<msg timestamp="20200406 13:13:14.373" level="INFO">Opening url 'https://www.bing.com'</msg>
<status status="PASS" starttime="20200406 13:13:14.372" endtime="20200406 13:13:15.963"></status>
</kw>
<kw name="Sleep" library="BuiltIn">
<doc>Pauses the test executed for the given time.</doc>
<arguments>
<arg>2</arg>
</arguments>
<msg timestamp="20200406 13:13:17.965" level="INFO">Slept 2 seconds</msg>
<status status="PASS" starttime="20200406 13:13:15.964" endtime="20200406 13:13:17.966"></status>
</kw>
<kw name="Switch Browser" library="Selenium2Library">
<doc>Switches between active browsers using ``index_or_alias``.</doc>
<arguments>
<arg>1</arg>
</arguments>
<status status="PASS" starttime="20200406 13:13:17.966" endtime="20200406 13:13:17.968"></status>
</kw>
<kw name="Get Title" library="Selenium2Library">
<doc>Returns the title of current page.</doc>
<assign>
<var>${title}</var>
</assign>
<msg timestamp="20200406 13:13:17.977" level="INFO">${title} = Frames &amp; windows</msg>
<status status="PASS" starttime="20200406 13:13:17.968" endtime="20200406 13:13:17.978"></status>
</kw>
<kw name="Log To Console" library="BuiltIn">
<doc>Logs the given message to the console.</doc>
<arguments>
<arg>${title}</arg>
</arguments>
<status status="PASS" starttime="20200406 13:13:17.978" endtime="20200406 13:13:17.979"></status>
</kw>
<kw name="Switch Browser" library="Selenium2Library">
<doc>Switches between active browsers using ``index_or_alias``.</doc>
<arguments>
<arg>2</arg>
</arguments>
<status status="PASS" starttime="20200406 13:13:17.980" endtime="20200406 13:13:17.981"></status>
</kw>
<kw name="Get Title" library="Selenium2Library">
<doc>Returns the title of current page.</doc>
<assign>
<var>${title2}</var>
</assign>
<msg timestamp="20200406 13:13:17.987" level="INFO">${title2} = Bing</msg>
<status status="PASS" starttime="20200406 13:13:17.981" endtime="20200406 13:13:17.987"></status>
</kw>
<kw name="Log To Console" library="BuiltIn">
<doc>Logs the given message to the console.</doc>
<arguments>
<arg>${title2}</arg>
</arguments>
<status status="PASS" starttime="20200406 13:13:17.988" endtime="20200406 13:13:17.988"></status>
</kw>
<kw name="closebrowser_application">
<kw name="Sleep" library="BuiltIn">
<doc>Pauses the test executed for the given time.</doc>
<arguments>
<arg>5seconds</arg>
</arguments>
<msg timestamp="20200406 13:13:22.990" level="INFO">Slept 5 seconds</msg>
<status status="PASS" starttime="20200406 13:13:17.989" endtime="20200406 13:13:22.991"></status>
</kw>
<kw name="Close All Browsers" library="Selenium2Library">
<doc>Closes all open browsers and resets the browser cache.</doc>
<status status="PASS" starttime="20200406 13:13:22.991" endtime="20200406 13:13:30.778"></status>
</kw>
<status status="PASS" starttime="20200406 13:13:17.989" endtime="20200406 13:13:30.778"></status>
</kw>
<status status="PASS" starttime="20200406 13:12:54.251" endtime="20200406 13:13:30.779" critical="yes"></status>
</test>
<doc>Input Boxes performance</doc>
<status status="PASS" starttime="20200406 13:12:54.133" endtime="20200406 13:13:30.782"></status>
</suite>
<statistics>
<total>
<stat pass="1" fail="0">Critical Tests</stat>
<stat pass="1" fail="0">All Tests</stat>
</total>
<tag>
</tag>
<suite>
<stat pass="1" fail="0" id="s1" name="Muilt Browser">Muilt Browser</stat>
</suite>
</statistics>
<errors>
</errors>
</robot>
