<?xml version="1.0" encoding="UTF-8"?>
<robot generator="Robot 3.1.2 (Python 3.6.9 on linux)" generated="20200410 19:53:28.593" rpa="false">
<suite id="s1" name="DDT2 excel" source="/home/elsys/Documents/vscode_robot_git/robot_frame_SDET/Datadriver_examp_01/DDT2_excel.robot">
<kw name="Open Browser" library="login_resources" type="setup">
<kw name="openbrowserpath_application" library="login_resources">
<arguments>
<arg>${browser}</arg>
<arg>${url}</arg>
</arguments>
<assign>
<var>${page_title_main}</var>
</assign>
<kw name="Evaluate" library="BuiltIn">
<doc>Evaluates the given expression in Python and returns the results.</doc>
<arguments>
<arg>sys.modules['selenium.webdriver'].common.desired_capabilities.DesiredCapabilities.FIREFOX</arg>
<arg>sys, selenium.webdriver</arg>
</arguments>
<assign>
<var>${ff default caps}</var>
</assign>
<msg timestamp="20200410 19:53:28.978" level="INFO">${ff default caps} = {'browserName': 'firefox', 'marionette': True, 'acceptInsecureCerts': True}</msg>
<status status="PASS" starttime="20200410 19:53:28.977" endtime="20200410 19:53:28.978"></status>
</kw>
<kw name="Set To Dictionary" library="Collections">
<doc>Adds the given ``key_value_pairs`` and ``items`` to the ``dictionary``.</doc>
<arguments>
<arg>${ff default caps}</arg>
<arg>marionette =${True}</arg>
</arguments>
<status status="PASS" starttime="20200410 19:53:28.978" endtime="20200410 19:53:28.978"></status>
</kw>
<kw name="Create Webdriver" library="Selenium2Library">
<doc>Creates an instance of Selenium WebDriver.</doc>
<arguments>
<arg>${app_browser}</arg>
<arg>executable_path=/home/elsys/PycharmProjects/robot_frame/TestCases/geckodriver</arg>
</arguments>
<msg timestamp="20200410 19:53:28.978" level="INFO">Creating an instance of the Firefox WebDriver.</msg>
<status status="PASS" starttime="20200410 19:53:28.978" endtime="20200410 19:53:31.153"></status>
</kw>
<kw name="Maximize Browser Window" library="Selenium2Library">
<doc>Maximizes current browser window.</doc>
<status status="PASS" starttime="20200410 19:53:31.153" endtime="20200410 19:53:31.444"></status>
</kw>
<kw name="Sleep" library="BuiltIn">
<doc>Pauses the test executed for the given time.</doc>
<arguments>
<arg>3seconds</arg>
</arguments>
<msg timestamp="20200410 19:53:34.446" level="INFO">Slept 3 seconds</msg>
<status status="PASS" starttime="20200410 19:53:31.444" endtime="20200410 19:53:34.446"></status>
</kw>
<kw name="Go To" library="Selenium2Library">
<doc>Navigates the active browser instance to the provided ``url``.</doc>
<arguments>
<arg>${app_url}</arg>
</arguments>
<msg timestamp="20200410 19:53:34.448" level="INFO">Opening url 'https://admin-demo.nopcommerce.com'</msg>
<status status="PASS" starttime="20200410 19:53:34.447" endtime="20200410 19:53:38.843"></status>
</kw>
<kw name="Sleep" library="BuiltIn">
<doc>Pauses the test executed for the given time.</doc>
<arguments>
<arg>2</arg>
</arguments>
<msg timestamp="20200410 19:53:40.843" level="INFO">Slept 2 seconds</msg>
<status status="PASS" starttime="20200410 19:53:38.843" endtime="20200410 19:53:40.844"></status>
</kw>
<kw name="Set Selenium Speed" library="Selenium2Library">
<doc>Sets the delay that is waited after each Selenium command.</doc>
<arguments>
<arg>0.1</arg>
</arguments>
<status status="PASS" starttime="20200410 19:53:40.845" endtime="20200410 19:53:40.845"></status>
</kw>
<kw name="Get Location" library="Selenium2Library">
<doc>Returns the current browser URL.</doc>
<assign>
<var>${locat}</var>
</assign>
<msg timestamp="20200410 19:53:40.954" level="INFO">${locat} = https://admin-demo.nopcommerce.com/login?ReturnUrl=%2Fadmin%2F</msg>
<status status="PASS" starttime="20200410 19:53:40.846" endtime="20200410 19:53:40.955"></status>
</kw>
<kw name="Log" library="BuiltIn">
<doc>Logs the given message with the given level.</doc>
<arguments>
<arg>${locat}</arg>
</arguments>
<msg timestamp="20200410 19:53:40.956" level="INFO">https://admin-demo.nopcommerce.com/login?ReturnUrl=%2Fadmin%2F</msg>
<status status="PASS" starttime="20200410 19:53:40.955" endtime="20200410 19:53:40.956"></status>
</kw>
<kw name="Get Title" library="Selenium2Library">
<doc>Returns the title of current page.</doc>
<assign>
<var>${title_page}</var>
</assign>
<msg timestamp="20200410 19:53:41.065" level="INFO">${title_page} = Your store. Login</msg>
<status status="PASS" starttime="20200410 19:53:40.957" endtime="20200410 19:53:41.065"></status>
</kw>
<kw name="Log" library="BuiltIn">
<doc>Logs the given message with the given level.</doc>
<arguments>
<arg>${title_page}</arg>
</arguments>
<msg timestamp="20200410 19:53:41.067" level="INFO">Your store. Login</msg>
<status status="PASS" starttime="20200410 19:53:41.066" endtime="20200410 19:53:41.067"></status>
</kw>
<msg timestamp="20200410 19:53:41.069" level="INFO">${page_title_main} = Your store. Login</msg>
<status status="PASS" starttime="20200410 19:53:28.977" endtime="20200410 19:53:41.069"></status>
</kw>
<kw name="Log" library="BuiltIn">
<doc>Logs the given message with the given level.</doc>
<arguments>
<arg>${page_title_main}</arg>
</arguments>
<msg timestamp="20200410 19:53:41.070" level="INFO">Your store. Login</msg>
<status status="PASS" starttime="20200410 19:53:41.069" endtime="20200410 19:53:41.070"></status>
</kw>
<status status="PASS" starttime="20200410 19:53:28.977" endtime="20200410 19:53:41.071"></status>
</kw>
<test id="s1-t1" name="LoginTestwithExcel using admin@yourstore.com adm222">
<kw name="Invalid login">
<arguments>
<arg>admin@yourstore.com</arg>
<arg>adm222</arg>
</arguments>
<kw name="input_username_application" library="login_resources">
<arguments>
<arg>${username}</arg>
</arguments>
<kw name="Input Text" library="Selenium2Library">
<doc>Types the given ``text`` into text field identified by ``locator``.</doc>
<arguments>
<arg>id:Email</arg>
<arg>${username}</arg>
</arguments>
<msg timestamp="20200410 19:53:41.078" level="INFO">Typing text 'admin@yourstore.com' into text field 'id:Email'.</msg>
<status status="PASS" starttime="20200410 19:53:41.077" endtime="20200410 19:53:41.497"></status>
</kw>
<status status="PASS" starttime="20200410 19:53:41.076" endtime="20200410 19:53:41.497"></status>
</kw>
<kw name="input_password_application" library="login_resources">
<arguments>
<arg>${password}</arg>
</arguments>
<kw name="Input Text" library="Selenium2Library">
<doc>Types the given ``text`` into text field identified by ``locator``.</doc>
<arguments>
<arg>id:Password</arg>
<arg>${password}</arg>
</arguments>
<msg timestamp="20200410 19:53:41.498" level="INFO">Typing text 'adm222' into text field 'id:Password'.</msg>
<status status="PASS" starttime="20200410 19:53:41.498" endtime="20200410 19:53:41.878"></status>
</kw>
<status status="PASS" starttime="20200410 19:53:41.497" endtime="20200410 19:53:41.879"></status>
</kw>
<kw name="click_login_application" library="login_resources">
<kw name="Click Element" library="Selenium2Library">
<doc>Click element identified by ``locator``.</doc>
<arguments>
<arg>xpath://input[@class='button-1 login-button']</arg>
</arguments>
<msg timestamp="20200410 19:53:41.881" level="INFO">Clicking element 'xpath://input[@class='button-1 login-button']'.</msg>
<status status="PASS" starttime="20200410 19:53:41.880" endtime="20200410 19:53:43.101"></status>
</kw>
<status status="PASS" starttime="20200410 19:53:41.879" endtime="20200410 19:53:43.102"></status>
</kw>
<kw name="Error_message_login_application" library="login_resources">
<kw name="Page Should Contain" library="Selenium2Library">
<doc>Verifies that current page contains ``text``.</doc>
<arguments>
<arg>Login was unsuccessful</arg>
</arguments>
<msg timestamp="20200410 19:53:43.340" level="INFO">Current page contains text 'Login was unsuccessful'.</msg>
<status status="PASS" starttime="20200410 19:53:43.103" endtime="20200410 19:53:43.341"></status>
</kw>
<status status="PASS" starttime="20200410 19:53:43.102" endtime="20200410 19:53:43.341"></status>
</kw>
<status status="PASS" starttime="20200410 19:53:41.074" endtime="20200410 19:53:43.342"></status>
</kw>
<status status="PASS" starttime="20200410 19:53:41.071" endtime="20200410 19:53:43.342" critical="yes"></status>
</test>
<test id="s1-t2" name="LoginTestwithExcel using admin123@yourstore1.com admin4444">
<kw name="Invalid login">
<arguments>
<arg>admin123@yourstore1.com</arg>
<arg>admin4444</arg>
</arguments>
<kw name="input_username_application" library="login_resources">
<arguments>
<arg>${username}</arg>
</arguments>
<kw name="Input Text" library="Selenium2Library">
<doc>Types the given ``text`` into text field identified by ``locator``.</doc>
<arguments>
<arg>id:Email</arg>
<arg>${username}</arg>
</arguments>
<msg timestamp="20200410 19:53:43.351" level="INFO">Typing text 'admin123@yourstore1.com' into text field 'id:Email'.</msg>
<status status="PASS" starttime="20200410 19:53:43.350" endtime="20200410 19:53:43.783"></status>
</kw>
<status status="PASS" starttime="20200410 19:53:43.349" endtime="20200410 19:53:43.784"></status>
</kw>
<kw name="input_password_application" library="login_resources">
<arguments>
<arg>${password}</arg>
</arguments>
<kw name="Input Text" library="Selenium2Library">
<doc>Types the given ``text`` into text field identified by ``locator``.</doc>
<arguments>
<arg>id:Password</arg>
<arg>${password}</arg>
</arguments>
<msg timestamp="20200410 19:53:43.786" level="INFO">Typing text 'admin4444' into text field 'id:Password'.</msg>
<status status="PASS" starttime="20200410 19:53:43.785" endtime="20200410 19:53:44.163"></status>
</kw>
<status status="PASS" starttime="20200410 19:53:43.784" endtime="20200410 19:53:44.163"></status>
</kw>
<kw name="click_login_application" library="login_resources">
<kw name="Click Element" library="Selenium2Library">
<doc>Click element identified by ``locator``.</doc>
<arguments>
<arg>xpath://input[@class='button-1 login-button']</arg>
</arguments>
<msg timestamp="20200410 19:53:44.165" level="INFO">Clicking element 'xpath://input[@class='button-1 login-button']'.</msg>
<status status="PASS" starttime="20200410 19:53:44.165" endtime="20200410 19:53:45.434"></status>
</kw>
<status status="PASS" starttime="20200410 19:53:44.164" endtime="20200410 19:53:45.435"></status>
</kw>
<kw name="Error_message_login_application" library="login_resources">
<kw name="Page Should Contain" library="Selenium2Library">
<doc>Verifies that current page contains ``text``.</doc>
<arguments>
<arg>Login was unsuccessful</arg>
</arguments>
<msg timestamp="20200410 19:53:45.656" level="INFO">Current page contains text 'Login was unsuccessful'.</msg>
<status status="PASS" starttime="20200410 19:53:45.436" endtime="20200410 19:53:45.656"></status>
</kw>
<status status="PASS" starttime="20200410 19:53:45.435" endtime="20200410 19:53:45.657"></status>
</kw>
<status status="PASS" starttime="20200410 19:53:43.347" endtime="20200410 19:53:45.657"></status>
</kw>
<status status="PASS" starttime="20200410 19:53:43.345" endtime="20200410 19:53:45.657" critical="yes"></status>
</test>
<test id="s1-t3" name="LoginTestwithExcel using admin55888@yourstore1.com adm1">
<kw name="Invalid login">
<arguments>
<arg>admin55888@yourstore1.com</arg>
<arg>adm1</arg>
</arguments>
<kw name="input_username_application" library="login_resources">
<arguments>
<arg>${username}</arg>
</arguments>
<kw name="Input Text" library="Selenium2Library">
<doc>Types the given ``text`` into text field identified by ``locator``.</doc>
<arguments>
<arg>id:Email</arg>
<arg>${username}</arg>
</arguments>
<msg timestamp="20200410 19:53:45.664" level="INFO">Typing text 'admin55888@yourstore1.com' into text field 'id:Email'.</msg>
<status status="PASS" starttime="20200410 19:53:45.663" endtime="20200410 19:53:46.060"></status>
</kw>
<status status="PASS" starttime="20200410 19:53:45.662" endtime="20200410 19:53:46.061"></status>
</kw>
<kw name="input_password_application" library="login_resources">
<arguments>
<arg>${password}</arg>
</arguments>
<kw name="Input Text" library="Selenium2Library">
<doc>Types the given ``text`` into text field identified by ``locator``.</doc>
<arguments>
<arg>id:Password</arg>
<arg>${password}</arg>
</arguments>
<msg timestamp="20200410 19:53:46.064" level="INFO">Typing text 'adm1' into text field 'id:Password'.</msg>
<status status="PASS" starttime="20200410 19:53:46.063" endtime="20200410 19:53:46.443"></status>
</kw>
<status status="PASS" starttime="20200410 19:53:46.062" endtime="20200410 19:53:46.443"></status>
</kw>
<kw name="click_login_application" library="login_resources">
<kw name="Click Element" library="Selenium2Library">
<doc>Click element identified by ``locator``.</doc>
<arguments>
<arg>xpath://input[@class='button-1 login-button']</arg>
</arguments>
<msg timestamp="20200410 19:53:46.446" level="INFO">Clicking element 'xpath://input[@class='button-1 login-button']'.</msg>
<status status="PASS" starttime="20200410 19:53:46.445" endtime="20200410 19:53:47.673"></status>
</kw>
<status status="PASS" starttime="20200410 19:53:46.444" endtime="20200410 19:53:47.674"></status>
</kw>
<kw name="Error_message_login_application" library="login_resources">
<kw name="Page Should Contain" library="Selenium2Library">
<doc>Verifies that current page contains ``text``.</doc>
<arguments>
<arg>Login was unsuccessful</arg>
</arguments>
<msg timestamp="20200410 19:53:47.927" level="INFO">Current page contains text 'Login was unsuccessful'.</msg>
<status status="PASS" starttime="20200410 19:53:47.675" endtime="20200410 19:53:47.928"></status>
</kw>
<status status="PASS" starttime="20200410 19:53:47.674" endtime="20200410 19:53:47.929"></status>
</kw>
<status status="PASS" starttime="20200410 19:53:45.660" endtime="20200410 19:53:47.929"></status>
</kw>
<status status="PASS" starttime="20200410 19:53:45.659" endtime="20200410 19:53:47.930" critical="yes"></status>
</test>
<test id="s1-t4" name="LoginTestwithExcel using admin6666@yourstore1.com adm26666">
<kw name="Invalid login">
<arguments>
<arg>admin6666@yourstore1.com</arg>
<arg>adm26666</arg>
</arguments>
<kw name="input_username_application" library="login_resources">
<arguments>
<arg>${username}</arg>
</arguments>
<kw name="Input Text" library="Selenium2Library">
<doc>Types the given ``text`` into text field identified by ``locator``.</doc>
<arguments>
<arg>id:Email</arg>
<arg>${username}</arg>
</arguments>
<msg timestamp="20200410 19:53:47.939" level="INFO">Typing text 'admin6666@yourstore1.com' into text field 'id:Email'.</msg>
<status status="PASS" starttime="20200410 19:53:47.937" endtime="20200410 19:53:48.344"></status>
</kw>
<status status="PASS" starttime="20200410 19:53:47.936" endtime="20200410 19:53:48.344"></status>
</kw>
<kw name="input_password_application" library="login_resources">
<arguments>
<arg>${password}</arg>
</arguments>
<kw name="Input Text" library="Selenium2Library">
<doc>Types the given ``text`` into text field identified by ``locator``.</doc>
<arguments>
<arg>id:Password</arg>
<arg>${password}</arg>
</arguments>
<msg timestamp="20200410 19:53:48.347" level="INFO">Typing text 'adm26666' into text field 'id:Password'.</msg>
<status status="PASS" starttime="20200410 19:53:48.346" endtime="20200410 19:53:48.730"></status>
</kw>
<status status="PASS" starttime="20200410 19:53:48.345" endtime="20200410 19:53:48.730"></status>
</kw>
<kw name="click_login_application" library="login_resources">
<kw name="Click Element" library="Selenium2Library">
<doc>Click element identified by ``locator``.</doc>
<arguments>
<arg>xpath://input[@class='button-1 login-button']</arg>
</arguments>
<msg timestamp="20200410 19:53:48.733" level="INFO">Clicking element 'xpath://input[@class='button-1 login-button']'.</msg>
<status status="PASS" starttime="20200410 19:53:48.732" endtime="20200410 19:53:50.126"></status>
</kw>
<status status="PASS" starttime="20200410 19:53:48.731" endtime="20200410 19:53:50.127"></status>
</kw>
<kw name="Error_message_login_application" library="login_resources">
<kw name="Page Should Contain" library="Selenium2Library">
<doc>Verifies that current page contains ``text``.</doc>
<arguments>
<arg>Login was unsuccessful</arg>
</arguments>
<msg timestamp="20200410 19:53:50.361" level="INFO">Current page contains text 'Login was unsuccessful'.</msg>
<status status="PASS" starttime="20200410 19:53:50.128" endtime="20200410 19:53:50.361"></status>
</kw>
<status status="PASS" starttime="20200410 19:53:50.127" endtime="20200410 19:53:50.361"></status>
</kw>
<status status="PASS" starttime="20200410 19:53:47.934" endtime="20200410 19:53:50.362"></status>
</kw>
<status status="PASS" starttime="20200410 19:53:47.931" endtime="20200410 19:53:50.363" critical="yes"></status>
</test>
<kw name="close_browser_application" library="login_resources" type="teardown">
<kw name="Sleep" library="BuiltIn">
<doc>Pauses the test executed for the given time.</doc>
<arguments>
<arg>3</arg>
</arguments>
<msg timestamp="20200410 19:53:53.368" level="INFO">Slept 3 seconds</msg>
<status status="PASS" starttime="20200410 19:53:50.367" endtime="20200410 19:53:53.368"></status>
</kw>
<kw name="Close All Browsers" library="Selenium2Library">
<doc>Closes all open browsers and resets the browser cache.</doc>
<status status="PASS" starttime="20200410 19:53:53.369" endtime="20200410 19:53:56.248"></status>
</kw>
<status status="PASS" starttime="20200410 19:53:50.366" endtime="20200410 19:53:56.249"></status>
</kw>
<doc>Resources Files and Keywords</doc>
<status status="PASS" starttime="20200410 19:53:28.594" endtime="20200410 19:53:56.249"></status>
</suite>
<statistics>
<total>
<stat pass="4" fail="0">Critical Tests</stat>
<stat pass="4" fail="0">All Tests</stat>
</total>
<tag>
</tag>
<suite>
<stat pass="4" fail="0" id="s1" name="DDT2 excel">DDT2 excel</stat>
</suite>
</statistics>
<errors>
</errors>
</robot>
