<?xml version="1.0" encoding="UTF-8"?>
<robot generator="Robot 3.1.2 (Python 3.6.9 on linux)" generated="20200404 23:53:11.558" rpa="false">
<suite id="s1" name="timeOuttest" source="/home/elsys/Desktop/Teste/robot_frame/TestCase_05/timeOuttest.robot">
<test id="s1-t1" name="LoginTest">
<kw name="openbrowserpathapplication">
<kw name="Evaluate" library="BuiltIn">
<doc>Evaluates the given expression in Python and returns the results.</doc>
<arguments>
<arg>sys.modules['selenium.webdriver'].common.desired_capabilities.DesiredCapabilities.FIREFOX</arg>
<arg>sys, selenium.webdriver</arg>
</arguments>
<assign>
<var>${ff default caps}</var>
</assign>
<msg timestamp="20200404 23:53:11.711" level="INFO">${ff default caps} = {'browserName': 'firefox', 'marionette': True, 'acceptInsecureCerts': True}</msg>
<status status="PASS" starttime="20200404 23:53:11.711" endtime="20200404 23:53:11.711"></status>
</kw>
<kw name="Set To Dictionary" library="Collections">
<doc>Adds the given ``key_value_pairs`` and ``items`` to the ``dictionary``.</doc>
<arguments>
<arg>${ff default caps}</arg>
<arg>marionette =${True}</arg>
</arguments>
<status status="PASS" starttime="20200404 23:53:11.711" endtime="20200404 23:53:11.712"></status>
</kw>
<kw name="Create Webdriver" library="Selenium2Library">
<doc>Creates an instance of Selenium WebDriver.</doc>
<arguments>
<arg>Firefox</arg>
<arg>executable_path=/home/elsys/PycharmProjects/robot_frame/TestCases/geckodriver</arg>
</arguments>
<msg timestamp="20200404 23:53:11.712" level="INFO">Creating an instance of the Firefox WebDriver.</msg>
<status status="PASS" starttime="20200404 23:53:11.712" endtime="20200404 23:53:14.817"></status>
</kw>
<kw name="Maximize Browser Window" library="Selenium2Library">
<doc>Maximizes current browser window.</doc>
<status status="PASS" starttime="20200404 23:53:14.817" endtime="20200404 23:53:15.113"></status>
</kw>
<kw name="Sleep" library="BuiltIn">
<doc>Pauses the test executed for the given time.</doc>
<arguments>
<arg>3seconds</arg>
</arguments>
<msg timestamp="20200404 23:53:18.115" level="INFO">Slept 3 seconds</msg>
<status status="PASS" starttime="20200404 23:53:15.113" endtime="20200404 23:53:18.115"></status>
</kw>
<status status="PASS" starttime="20200404 23:53:11.711" endtime="20200404 23:53:18.116"></status>
</kw>
<kw name="Go To" library="Selenium2Library">
<doc>Navigates the active browser instance to the provided ``url``.</doc>
<arguments>
<arg>${url}</arg>
</arguments>
<msg timestamp="20200404 23:53:18.117" level="INFO">Opening url 'http://demowebshop.tricentis.com/register'</msg>
<status status="PASS" starttime="20200404 23:53:18.116" endtime="20200404 23:53:21.154"></status>
</kw>
<kw name="Sleep" library="BuiltIn">
<doc>Pauses the test executed for the given time.</doc>
<arguments>
<arg>2</arg>
</arguments>
<msg timestamp="20200404 23:53:23.156" level="INFO">Slept 2 seconds</msg>
<status status="PASS" starttime="20200404 23:53:21.155" endtime="20200404 23:53:23.156"></status>
</kw>
<kw name="userandpasswordapplication">
<kw name="Set Selenium Timeout" library="Selenium2Library">
<doc>Sets the timeout that is used by various keywords.</doc>
<arguments>
<arg>15seconds</arg>
</arguments>
<status status="PASS" starttime="20200404 23:53:23.157" endtime="20200404 23:53:23.161"></status>
</kw>
<kw name="Wait Until Page Contains" library="Selenium2Library">
<doc>Waits until ``text`` appears on current page.</doc>
<arguments>
<arg>Register</arg>
</arguments>
<status status="PASS" starttime="20200404 23:53:23.161" endtime="20200404 23:53:23.172"></status>
</kw>
<kw name="Select Radio Button" library="Selenium2Library">
<doc>Sets radio button group ``group_name`` to ``value``.</doc>
<arguments>
<arg>Gender</arg>
<arg>M</arg>
</arguments>
<msg timestamp="20200404 23:53:23.173" level="INFO">Selecting 'M' from radio button 'Gender'.</msg>
<status status="PASS" starttime="20200404 23:53:23.172" endtime="20200404 23:53:23.403"></status>
</kw>
<kw name="Input Text" library="Selenium2Library">
<doc>Types the given ``text`` into text field identified by ``locator``.</doc>
<arguments>
<arg>name:FirstName</arg>
<arg>Vinicius Miranda de</arg>
</arguments>
<msg timestamp="20200404 23:53:23.404" level="INFO">Typing text 'Vinicius Miranda de' into text field 'name:FirstName'.</msg>
<status status="PASS" starttime="20200404 23:53:23.403" endtime="20200404 23:53:23.499"></status>
</kw>
<kw name="Input Text" library="Selenium2Library">
<doc>Types the given ``text`` into text field identified by ``locator``.</doc>
<arguments>
<arg>name:LastName</arg>
<arg>Pinho</arg>
</arguments>
<msg timestamp="20200404 23:53:23.500" level="INFO">Typing text 'Pinho' into text field 'name:LastName'.</msg>
<status status="PASS" starttime="20200404 23:53:23.499" endtime="20200404 23:53:23.523"></status>
</kw>
<kw name="Input Text" library="Selenium2Library">
<doc>Types the given ``text`` into text field identified by ``locator``.</doc>
<arguments>
<arg>name:Email</arg>
<arg>vinicius.mpinho@gmail.com</arg>
</arguments>
<msg timestamp="20200404 23:53:23.523" level="INFO">Typing text 'vinicius.mpinho@gmail.com' into text field 'name:Email'.</msg>
<status status="PASS" starttime="20200404 23:53:23.523" endtime="20200404 23:53:23.551"></status>
</kw>
<kw name="Input Text" library="Selenium2Library">
<doc>Types the given ``text`` into text field identified by ``locator``.</doc>
<arguments>
<arg>name:Password</arg>
<arg>123mudar</arg>
</arguments>
<msg timestamp="20200404 23:53:23.551" level="INFO">Typing text '123mudar' into text field 'name:Password'.</msg>
<status status="PASS" starttime="20200404 23:53:23.551" endtime="20200404 23:53:23.574"></status>
</kw>
<kw name="Input Text" library="Selenium2Library">
<doc>Types the given ``text`` into text field identified by ``locator``.</doc>
<arguments>
<arg>name:ConfirmPassword</arg>
<arg>123mudar</arg>
</arguments>
<msg timestamp="20200404 23:53:23.574" level="INFO">Typing text '123mudar' into text field 'name:ConfirmPassword'.</msg>
<status status="PASS" starttime="20200404 23:53:23.574" endtime="20200404 23:53:23.594"></status>
</kw>
<kw name="Log" library="BuiltIn">
<doc>Logs the given message with the given level.</doc>
<arguments>
<arg>${magic}</arg>
</arguments>
<msg timestamp="20200404 23:53:23.594" level="INFO">Lenovo New report LOG test</msg>
<status status="PASS" starttime="20200404 23:53:23.594" endtime="20200404 23:53:23.594"></status>
</kw>
<kw name="Get Selenium Timeout" library="Selenium2Library">
<doc>Gets the timeout that is used by various keywords.</doc>
<assign>
<var>${timeout_selenium_variable_Register}</var>
</assign>
<msg timestamp="20200404 23:53:23.594" level="INFO">${timeout_selenium_variable_Register} = 15 seconds</msg>
<status status="PASS" starttime="20200404 23:53:23.594" endtime="20200404 23:53:23.594"></status>
</kw>
<kw name="Log To Console" library="BuiltIn">
<doc>Logs the given message to the console.</doc>
<arguments>
<arg>${timeout_selenium_variable_Register}</arg>
</arguments>
<status status="PASS" starttime="20200404 23:53:23.594" endtime="20200404 23:53:23.595"></status>
</kw>
<kw name="Log" library="BuiltIn">
<doc>Logs the given message with the given level.</doc>
<arguments>
<arg>${timeout_selenium_variable_Register}</arg>
</arguments>
<msg timestamp="20200404 23:53:23.595" level="INFO">15 seconds</msg>
<status status="PASS" starttime="20200404 23:53:23.595" endtime="20200404 23:53:23.595"></status>
</kw>
<kw name="Sleep" library="BuiltIn">
<doc>Pauses the test executed for the given time.</doc>
<arguments>
<arg>2second</arg>
</arguments>
<msg timestamp="20200404 23:53:25.596" level="INFO">Slept 2 seconds</msg>
<status status="PASS" starttime="20200404 23:53:23.595" endtime="20200404 23:53:25.596"></status>
</kw>
<kw name="Close Browser" library="Selenium2Library">
<doc>Closes the current browser.</doc>
<status status="PASS" starttime="20200404 23:53:25.597" endtime="20200404 23:53:27.338"></status>
</kw>
<status status="PASS" starttime="20200404 23:53:23.156" endtime="20200404 23:53:27.338"></status>
</kw>
<status status="PASS" starttime="20200404 23:53:11.710" endtime="20200404 23:53:27.339" critical="yes"></status>
</test>
<doc>Input Boxes performance</doc>
<status status="PASS" starttime="20200404 23:53:11.558" endtime="20200404 23:53:27.342"></status>
</suite>
<statistics>
<total>
<stat pass="1" fail="0">Critical Tests</stat>
<stat pass="1" fail="0">All Tests</stat>
</total>
<tag>
</tag>
<suite>
<stat pass="1" fail="0" id="s1" name="timeOuttest">timeOuttest</stat>
</suite>
</statistics>
<errors>
</errors>
</robot>
