<?xml version="1.0" encoding="UTF-8"?>
<robot generator="Robot 3.1.2 (Python 3.6.9 on linux)" generated="20200407 22:03:44.260" rpa="false">
<suite id="s1" name="Resources Child" source="/home/elsys/Documents/vscode_robot_git/robot_frame_SDET/TestCase_017/resources_child.robot">
<test id="s1-t1" name="Open Browser">
<kw name="openbrowserpath_application">
<arguments>
<arg>${browser}</arg>
<arg>${url}</arg>
</arguments>
<assign>
<var>${page_title_main}</var>
</assign>
<kw name="Evaluate" library="BuiltIn">
<doc>Evaluates the given expression in Python and returns the results.</doc>
<arguments>
<arg>sys.modules['selenium.webdriver'].common.desired_capabilities.DesiredCapabilities.FIREFOX</arg>
<arg>sys, selenium.webdriver</arg>
</arguments>
<assign>
<var>${ff default caps}</var>
</assign>
<msg timestamp="20200407 22:03:44.373" level="INFO">${ff default caps} = {'browserName': 'firefox', 'marionette': True, 'acceptInsecureCerts': True}</msg>
<status status="PASS" starttime="20200407 22:03:44.373" endtime="20200407 22:03:44.374"></status>
</kw>
<kw name="Set To Dictionary" library="Collections">
<doc>Adds the given ``key_value_pairs`` and ``items`` to the ``dictionary``.</doc>
<arguments>
<arg>${ff default caps}</arg>
<arg>marionette =${True}</arg>
</arguments>
<status status="PASS" starttime="20200407 22:03:44.374" endtime="20200407 22:03:44.374"></status>
</kw>
<kw name="Create Webdriver" library="Selenium2Library">
<doc>Creates an instance of Selenium WebDriver.</doc>
<arguments>
<arg>${app_browser}</arg>
<arg>executable_path=/home/elsys/PycharmProjects/robot_frame/TestCases/geckodriver</arg>
</arguments>
<msg timestamp="20200407 22:03:44.374" level="INFO">Creating an instance of the Firefox WebDriver.</msg>
<status status="PASS" starttime="20200407 22:03:44.374" endtime="20200407 22:03:46.519"></status>
</kw>
<kw name="Maximize Browser Window" library="Selenium2Library">
<doc>Maximizes current browser window.</doc>
<status status="PASS" starttime="20200407 22:03:46.519" endtime="20200407 22:03:46.817"></status>
</kw>
<kw name="Sleep" library="BuiltIn">
<doc>Pauses the test executed for the given time.</doc>
<arguments>
<arg>3seconds</arg>
</arguments>
<msg timestamp="20200407 22:03:49.819" level="INFO">Slept 3 seconds</msg>
<status status="PASS" starttime="20200407 22:03:46.818" endtime="20200407 22:03:49.819"></status>
</kw>
<kw name="Go To" library="Selenium2Library">
<doc>Navigates the active browser instance to the provided ``url``.</doc>
<arguments>
<arg>${app_url}</arg>
</arguments>
<msg timestamp="20200407 22:03:49.821" level="INFO">Opening url 'http://www.newtours.demoaut.com/'</msg>
<status status="PASS" starttime="20200407 22:03:49.820" endtime="20200407 22:03:52.013"></status>
</kw>
<kw name="Sleep" library="BuiltIn">
<doc>Pauses the test executed for the given time.</doc>
<arguments>
<arg>2</arg>
</arguments>
<msg timestamp="20200407 22:03:54.014" level="INFO">Slept 2 seconds</msg>
<status status="PASS" starttime="20200407 22:03:52.013" endtime="20200407 22:03:54.015"></status>
</kw>
<kw name="Get Location" library="Selenium2Library">
<doc>Returns the current browser URL.</doc>
<assign>
<var>${locat}</var>
</assign>
<msg timestamp="20200407 22:03:54.022" level="INFO">${locat} = http://www.newtours.demoaut.com/</msg>
<status status="PASS" starttime="20200407 22:03:54.015" endtime="20200407 22:03:54.022"></status>
</kw>
<kw name="Log" library="BuiltIn">
<doc>Logs the given message with the given level.</doc>
<arguments>
<arg>${locat}</arg>
</arguments>
<msg timestamp="20200407 22:03:54.024" level="INFO">http://www.newtours.demoaut.com/</msg>
<status status="PASS" starttime="20200407 22:03:54.023" endtime="20200407 22:03:54.024"></status>
</kw>
<kw name="Get Title" library="Selenium2Library">
<doc>Returns the title of current page.</doc>
<assign>
<var>${title_page}</var>
</assign>
<msg timestamp="20200407 22:03:54.031" level="INFO">${title_page} = Welcome: Mercury Tours</msg>
<status status="PASS" starttime="20200407 22:03:54.024" endtime="20200407 22:03:54.031"></status>
</kw>
<kw name="Log" library="BuiltIn">
<doc>Logs the given message with the given level.</doc>
<arguments>
<arg>${title_page}</arg>
</arguments>
<msg timestamp="20200407 22:03:54.032" level="INFO">Welcome: Mercury Tours</msg>
<status status="PASS" starttime="20200407 22:03:54.031" endtime="20200407 22:03:54.032"></status>
</kw>
<msg timestamp="20200407 22:03:54.033" level="INFO">${page_title_main} = Welcome: Mercury Tours</msg>
<status status="PASS" starttime="20200407 22:03:44.373" endtime="20200407 22:03:54.033"></status>
</kw>
<kw name="Log" library="BuiltIn">
<doc>Logs the given message with the given level.</doc>
<arguments>
<arg>${page_title_main}</arg>
</arguments>
<msg timestamp="20200407 22:03:54.035" level="INFO">Welcome: Mercury Tours</msg>
<status status="PASS" starttime="20200407 22:03:54.034" endtime="20200407 22:03:54.035"></status>
</kw>
<status status="PASS" starttime="20200407 22:03:44.372" endtime="20200407 22:03:54.036" critical="yes"></status>
</test>
<test id="s1-t2" name="Commands inside the browser">
<kw name="userandpassword_application">
<kw name="Input Text" library="Selenium2Library">
<doc>Types the given ``text`` into text field identified by ``locator``.</doc>
<arguments>
<arg>xpath://input[@name='userName']</arg>
<arg>mercury</arg>
</arguments>
<msg timestamp="20200407 22:03:54.045" level="INFO">Typing text 'mercury' into text field 'xpath://input[@name='userName']'.</msg>
<status status="PASS" starttime="20200407 22:03:54.044" endtime="20200407 22:03:54.106"></status>
</kw>
<kw name="Input Text" library="Selenium2Library">
<doc>Types the given ``text`` into text field identified by ``locator``.</doc>
<arguments>
<arg>xpath://input[@name='password']</arg>
<arg>mercury</arg>
</arguments>
<msg timestamp="20200407 22:03:54.106" level="INFO">Typing text 'mercury' into text field 'xpath://input[@name='password']'.</msg>
<status status="PASS" starttime="20200407 22:03:54.106" endtime="20200407 22:03:54.124"></status>
</kw>
<status status="PASS" starttime="20200407 22:03:54.042" endtime="20200407 22:03:54.125"></status>
</kw>
<status status="PASS" starttime="20200407 22:03:54.040" endtime="20200407 22:03:54.125" critical="yes"></status>
</test>
<test id="s1-t3" name="Close all navigator">
<kw name="closebrowser_application">
<kw name="Sleep" library="BuiltIn">
<doc>Pauses the test executed for the given time.</doc>
<arguments>
<arg>5seconds</arg>
</arguments>
<msg timestamp="20200407 22:03:59.126" level="INFO">Slept 5 seconds</msg>
<status status="PASS" starttime="20200407 22:03:54.126" endtime="20200407 22:03:59.127"></status>
</kw>
<kw name="Close All Browsers" library="Selenium2Library">
<doc>Closes all open browsers and resets the browser cache.</doc>
<status status="PASS" starttime="20200407 22:03:59.127" endtime="20200407 22:04:01.876"></status>
</kw>
<status status="PASS" starttime="20200407 22:03:54.125" endtime="20200407 22:04:01.877"></status>
</kw>
<status status="PASS" starttime="20200407 22:03:54.125" endtime="20200407 22:04:01.877" critical="yes"></status>
</test>
<doc>Resources Files and Keywords</doc>
<status status="PASS" starttime="20200407 22:03:44.261" endtime="20200407 22:04:01.879"></status>
</suite>
<statistics>
<total>
<stat pass="3" fail="0">Critical Tests</stat>
<stat pass="3" fail="0">All Tests</stat>
</total>
<tag>
</tag>
<suite>
<stat pass="3" fail="0" id="s1" name="Resources Child">Resources Child</stat>
</suite>
</statistics>
<errors>
</errors>
</robot>
