<?xml version="1.0" encoding="UTF-8"?>
<robot generator="Robot 3.1.2 (Python 3.6.9 on linux)" generated="20200406 11:14:59.941" rpa="false">
<suite id="s1" name="Radiobuttons" source="/home/elsys/Documents/vscode_robot_git/robot_frame_SDET/TestCase_02/radiobuttons.robot">
<test id="s1-t1" name="LoginTest">
<kw name="openbrowserpathapplication">
<kw name="Evaluate" library="BuiltIn">
<doc>Evaluates the given expression in Python and returns the results.</doc>
<arguments>
<arg>sys.modules['selenium.webdriver'].common.desired_capabilities.DesiredCapabilities.FIREFOX</arg>
<arg>sys, selenium.webdriver</arg>
</arguments>
<assign>
<var>${ff default caps}</var>
</assign>
<msg timestamp="20200406 11:15:00.055" level="INFO">${ff default caps} = {'browserName': 'firefox', 'marionette': True, 'acceptInsecureCerts': True}</msg>
<status status="PASS" starttime="20200406 11:15:00.055" endtime="20200406 11:15:00.055"></status>
</kw>
<kw name="Set To Dictionary" library="Collections">
<doc>Adds the given ``key_value_pairs`` and ``items`` to the ``dictionary``.</doc>
<arguments>
<arg>${ff default caps}</arg>
<arg>marionette =${True}</arg>
</arguments>
<status status="PASS" starttime="20200406 11:15:00.056" endtime="20200406 11:15:00.056"></status>
</kw>
<kw name="Create Webdriver" library="Selenium2Library">
<doc>Creates an instance of Selenium WebDriver.</doc>
<arguments>
<arg>Firefox</arg>
<arg>executable_path=/home/elsys/PycharmProjects/robot_frame/TestCases/geckodriver</arg>
</arguments>
<msg timestamp="20200406 11:15:00.056" level="INFO">Creating an instance of the Firefox WebDriver.</msg>
<status status="PASS" starttime="20200406 11:15:00.056" endtime="20200406 11:15:01.805"></status>
</kw>
<kw name="Maximize Browser Window" library="Selenium2Library">
<doc>Maximizes current browser window.</doc>
<status status="PASS" starttime="20200406 11:15:01.806" endtime="20200406 11:15:02.100"></status>
</kw>
<kw name="Set Selenium Speed" library="Selenium2Library">
<doc>Sets the delay that is waited after each Selenium command.</doc>
<arguments>
<arg>1seconds</arg>
</arguments>
<status status="PASS" starttime="20200406 11:15:02.100" endtime="20200406 11:15:02.100"></status>
</kw>
<status status="PASS" starttime="20200406 11:15:00.055" endtime="20200406 11:15:02.100"></status>
</kw>
<kw name="Go To" library="Selenium2Library">
<doc>Navigates the active browser instance to the provided ``url``.</doc>
<arguments>
<arg>${url}</arg>
</arguments>
<msg timestamp="20200406 11:15:02.101" level="INFO">Opening url 'https://practiceselenium.com/practice-form.html'</msg>
<status status="PASS" starttime="20200406 11:15:02.101" endtime="20200406 11:15:15.453"></status>
</kw>
<kw name="Sleep" library="BuiltIn">
<doc>Pauses the test executed for the given time.</doc>
<arguments>
<arg>3s</arg>
</arguments>
<msg timestamp="20200406 11:15:18.455" level="INFO">Slept 3 seconds</msg>
<status status="PASS" starttime="20200406 11:15:15.453" endtime="20200406 11:15:18.455"></status>
</kw>
<kw name="userandpasswordapplication">
<kw name="Select Radio Button" library="Selenium2Library">
<doc>Sets radio button group ``group_name`` to ``value``.</doc>
<arguments>
<arg>sex</arg>
<arg>Female</arg>
</arguments>
<msg timestamp="20200406 11:15:18.458" level="INFO">Selecting 'Female' from radio button 'sex'.</msg>
<status status="PASS" starttime="20200406 11:15:18.457" endtime="20200406 11:15:21.745"></status>
</kw>
<kw name="Select Radio Button" library="Selenium2Library">
<doc>Sets radio button group ``group_name`` to ``value``.</doc>
<arguments>
<arg>exp</arg>
<arg>5</arg>
</arguments>
<msg timestamp="20200406 11:15:21.746" level="INFO">Selecting '5' from radio button 'exp'.</msg>
<status status="PASS" starttime="20200406 11:15:21.746" endtime="20200406 11:15:25.496"></status>
</kw>
<kw name="Select Checkbox" library="Selenium2Library">
<doc>Selects checkbox identified by ``locator``.</doc>
<arguments>
<arg>BlackTea</arg>
</arguments>
<msg timestamp="20200406 11:15:25.497" level="INFO">Selecting checkbox 'BlackTea'.</msg>
<status status="PASS" starttime="20200406 11:15:25.497" endtime="20200406 11:15:30.261"></status>
</kw>
<kw name="Unselect Checkbox" library="Selenium2Library">
<doc>Removes selection of checkbox identified by ``locator``.</doc>
<arguments>
<arg>BlackTea</arg>
</arguments>
<msg timestamp="20200406 11:15:30.262" level="INFO">Unselecting checkbox 'BlackTea'.</msg>
<status status="PASS" starttime="20200406 11:15:30.262" endtime="20200406 11:15:35.011"></status>
</kw>
<kw name="Select Checkbox" library="Selenium2Library">
<doc>Selects checkbox identified by ``locator``.</doc>
<arguments>
<arg>BlackTea</arg>
</arguments>
<msg timestamp="20200406 11:15:35.012" level="INFO">Selecting checkbox 'BlackTea'.</msg>
<status status="PASS" starttime="20200406 11:15:35.011" endtime="20200406 11:15:39.767"></status>
</kw>
<kw name="Select Checkbox" library="Selenium2Library">
<doc>Selects checkbox identified by ``locator``.</doc>
<arguments>
<arg>RedTea</arg>
</arguments>
<msg timestamp="20200406 11:15:39.768" level="INFO">Selecting checkbox 'RedTea'.</msg>
<status status="PASS" starttime="20200406 11:15:39.767" endtime="20200406 11:15:44.514"></status>
</kw>
<kw name="Sleep" library="BuiltIn">
<doc>Pauses the test executed for the given time.</doc>
<arguments>
<arg>1second</arg>
</arguments>
<msg timestamp="20200406 11:15:45.515" level="INFO">Slept 1 second</msg>
<status status="PASS" starttime="20200406 11:15:44.514" endtime="20200406 11:15:45.516"></status>
</kw>
<kw name="Close Browser" library="Selenium2Library">
<doc>Closes the current browser.</doc>
<status status="PASS" starttime="20200406 11:15:45.516" endtime="20200406 11:15:47.126"></status>
</kw>
<status status="PASS" starttime="20200406 11:15:18.456" endtime="20200406 11:15:47.126"></status>
</kw>
<status status="PASS" starttime="20200406 11:15:00.054" endtime="20200406 11:15:47.127" critical="yes"></status>
</test>
<doc>Input Boxes performance</doc>
<status status="PASS" starttime="20200406 11:14:59.942" endtime="20200406 11:15:47.130"></status>
</suite>
<statistics>
<total>
<stat pass="1" fail="0">Critical Tests</stat>
<stat pass="1" fail="0">All Tests</stat>
</total>
<tag>
</tag>
<suite>
<stat pass="1" fail="0" id="s1" name="Radiobuttons">Radiobuttons</stat>
</suite>
</statistics>
<errors>
</errors>
</robot>
