<?xml version="1.0" encoding="UTF-8"?>
<robot generator="Robot 3.1.2 (Python 3.6.9 on linux)" generated="20200406 10:54:33.077" rpa="false">
<suite id="s1" name="Radiobuttons" source="/home/elsys/Documents/vscode_robot_git/robot_frame_SDET/TestCase_02/radiobuttons.robot">
<test id="s1-t1" name="LoginTest">
<kw name="openbrowserpathapplication">
<kw name="Evaluate" library="BuiltIn">
<doc>Evaluates the given expression in Python and returns the results.</doc>
<arguments>
<arg>sys.modules['selenium.webdriver'].common.desired_capabilities.DesiredCapabilities.FIREFOX</arg>
<arg>sys, selenium.webdriver</arg>
</arguments>
<assign>
<var>${ff default caps}</var>
</assign>
<msg timestamp="20200406 10:54:33.192" level="INFO">${ff default caps} = {'browserName': 'firefox', 'marionette': True, 'acceptInsecureCerts': True}</msg>
<status status="PASS" starttime="20200406 10:54:33.191" endtime="20200406 10:54:33.192"></status>
</kw>
<kw name="Set To Dictionary" library="Collections">
<doc>Adds the given ``key_value_pairs`` and ``items`` to the ``dictionary``.</doc>
<arguments>
<arg>${ff default caps}</arg>
<arg>marionette =${True}</arg>
</arguments>
<status status="PASS" starttime="20200406 10:54:33.192" endtime="20200406 10:54:33.192"></status>
</kw>
<kw name="Create Webdriver" library="Selenium2Library">
<doc>Creates an instance of Selenium WebDriver.</doc>
<arguments>
<arg>Firefox</arg>
<arg>executable_path=/home/elsys/PycharmProjects/robot_frame/TestCases/geckodriver</arg>
</arguments>
<msg timestamp="20200406 10:54:33.192" level="INFO">Creating an instance of the Firefox WebDriver.</msg>
<status status="PASS" starttime="20200406 10:54:33.192" endtime="20200406 10:54:35.166"></status>
</kw>
<kw name="Maximize Browser Window" library="Selenium2Library">
<doc>Maximizes current browser window.</doc>
<status status="PASS" starttime="20200406 10:54:35.167" endtime="20200406 10:54:35.462"></status>
</kw>
<kw name="Set Selenium Speed" library="Selenium2Library">
<doc>Sets the delay that is waited after each Selenium command.</doc>
<arguments>
<arg>1seconds</arg>
</arguments>
<status status="PASS" starttime="20200406 10:54:35.462" endtime="20200406 10:54:35.462"></status>
</kw>
<status status="PASS" starttime="20200406 10:54:33.191" endtime="20200406 10:54:35.462"></status>
</kw>
<kw name="Go To" library="Selenium2Library">
<doc>Navigates the active browser instance to the provided ``url``.</doc>
<arguments>
<arg>${url}</arg>
</arguments>
<msg timestamp="20200406 10:54:35.463" level="INFO">Opening url 'https://practiceselenium.com/practice-form.html'</msg>
<status status="PASS" starttime="20200406 10:54:35.463" endtime="20200406 10:54:50.020"></status>
</kw>
<kw name="Sleep" library="BuiltIn">
<doc>Pauses the test executed for the given time.</doc>
<arguments>
<arg>3s</arg>
</arguments>
<msg timestamp="20200406 10:54:53.021" level="INFO">Slept 3 seconds</msg>
<status status="PASS" starttime="20200406 10:54:50.020" endtime="20200406 10:54:53.021"></status>
</kw>
<kw name="userandpasswordapplication">
<kw name="Select Radio Button" library="Selenium2Library">
<doc>Sets radio button group ``group_name`` to ``value``.</doc>
<arguments>
<arg>sex</arg>
<arg>Female</arg>
</arguments>
<msg timestamp="20200406 10:54:53.023" level="INFO">Selecting 'Female' from radio button 'sex'.</msg>
<status status="PASS" starttime="20200406 10:54:53.022" endtime="20200406 10:54:56.281"></status>
</kw>
<kw name="Select Radio Button" library="Selenium2Library">
<doc>Sets radio button group ``group_name`` to ``value``.</doc>
<arguments>
<arg>exp</arg>
<arg>5</arg>
</arguments>
<msg timestamp="20200406 10:54:56.282" level="INFO">Selecting '5' from radio button 'exp'.</msg>
<status status="PASS" starttime="20200406 10:54:56.282" endtime="20200406 10:54:59.538"></status>
</kw>
<kw name="Select Checkbox" library="Selenium2Library">
<doc>Selects checkbox identified by ``locator``.</doc>
<arguments>
<arg>BlackTea</arg>
</arguments>
<msg timestamp="20200406 10:54:59.539" level="INFO">Selecting checkbox 'BlackTea'.</msg>
<status status="PASS" starttime="20200406 10:54:59.538" endtime="20200406 10:55:03.805"></status>
</kw>
<kw name="Unselect Checkbox" library="Selenium2Library">
<doc>Removes selection of checkbox identified by ``locator``.</doc>
<arguments>
<arg>BlackTea</arg>
</arguments>
<msg timestamp="20200406 10:55:03.806" level="INFO">Unselecting checkbox 'BlackTea'.</msg>
<status status="PASS" starttime="20200406 10:55:03.806" endtime="20200406 10:55:08.052"></status>
</kw>
<kw name="Select Checkbox" library="Selenium2Library">
<doc>Selects checkbox identified by ``locator``.</doc>
<arguments>
<arg>BlackTea</arg>
</arguments>
<msg timestamp="20200406 10:55:08.053" level="INFO">Selecting checkbox 'BlackTea'.</msg>
<status status="PASS" starttime="20200406 10:55:08.053" endtime="20200406 10:55:12.306"></status>
</kw>
<kw name="Select Checkbox" library="Selenium2Library">
<doc>Selects checkbox identified by ``locator``.</doc>
<arguments>
<arg>RedTea</arg>
</arguments>
<msg timestamp="20200406 10:55:12.307" level="INFO">Selecting checkbox 'RedTea'.</msg>
<status status="PASS" starttime="20200406 10:55:12.306" endtime="20200406 10:55:16.567"></status>
</kw>
<kw name="Sleep" library="BuiltIn">
<doc>Pauses the test executed for the given time.</doc>
<arguments>
<arg>1second</arg>
</arguments>
<msg timestamp="20200406 10:55:17.569" level="INFO">Slept 1 second</msg>
<status status="PASS" starttime="20200406 10:55:16.567" endtime="20200406 10:55:17.569"></status>
</kw>
<kw name="Close Browser" library="Selenium2Library">
<doc>Closes the current browser.</doc>
<status status="PASS" starttime="20200406 10:55:17.569" endtime="20200406 10:55:19.194"></status>
</kw>
<status status="PASS" starttime="20200406 10:54:53.022" endtime="20200406 10:55:19.194"></status>
</kw>
<status status="PASS" starttime="20200406 10:54:33.190" endtime="20200406 10:55:19.195" critical="yes"></status>
</test>
<doc>Input Boxes performance</doc>
<status status="PASS" starttime="20200406 10:54:33.078" endtime="20200406 10:55:19.199"></status>
</suite>
<statistics>
<total>
<stat pass="1" fail="0">Critical Tests</stat>
<stat pass="1" fail="0">All Tests</stat>
</total>
<tag>
</tag>
<suite>
<stat pass="1" fail="0" id="s1" name="Radiobuttons">Radiobuttons</stat>
</suite>
</statistics>
<errors>
</errors>
</robot>
