<?xml version="1.0" encoding="UTF-8"?>
<robot generator="Robot 3.1.2 (Python 3.6.9 on linux)" generated="20200403 23:20:40.117" rpa="false">
<suite id="s1" name="Tc0" source="/home/elsys/Desktop/Teste/robot_frame/TestCase_0/Tc0.robot">
<test id="s1-t1" name="LoginTestCase">
<kw name="openbrowserpathapplication">
<kw name="Evaluate" library="BuiltIn">
<doc>Evaluates the given expression in Python and returns the results.</doc>
<arguments>
<arg>sys.modules['selenium.webdriver'].common.desired_capabilities.DesiredCapabilities.FIREFOX</arg>
<arg>sys,selenium.webdriver</arg>
</arguments>
<assign>
<var>${ff default caps}</var>
</assign>
<msg timestamp="20200403 23:20:40.236" level="INFO">${ff default caps} = {'browserName': 'firefox', 'marionette': True, 'acceptInsecureCerts': True}</msg>
<status status="PASS" starttime="20200403 23:20:40.235" endtime="20200403 23:20:40.236"></status>
</kw>
<kw name="Set To Dictionary" library="Collections">
<doc>Adds the given ``key_value_pairs`` and ``items`` to the ``dictionary``.</doc>
<arguments>
<arg>${ff default caps}</arg>
<arg>marionette=${True}</arg>
</arguments>
<status status="PASS" starttime="20200403 23:20:40.236" endtime="20200403 23:20:40.236"></status>
</kw>
<kw name="Create Webdriver" library="Selenium2Library">
<doc>Creates an instance of Selenium WebDriver.</doc>
<arguments>
<arg>Firefox</arg>
<arg>executable_path=/home/elsys/PycharmProjects/robot_frame/TestCases/geckodriver</arg>
</arguments>
<msg timestamp="20200403 23:20:40.236" level="INFO">Creating an instance of the Firefox WebDriver.</msg>
<status status="PASS" starttime="20200403 23:20:40.236" endtime="20200403 23:20:42.283"></status>
</kw>
<kw name="Maximize Browser Window" library="Selenium2Library">
<doc>Maximizes current browser window.</doc>
<status status="PASS" starttime="20200403 23:20:42.283" endtime="20200403 23:20:42.568"></status>
</kw>
<status status="PASS" starttime="20200403 23:20:40.235" endtime="20200403 23:20:42.568"></status>
</kw>
<kw name="Go To" library="Selenium2Library">
<doc>Navigates the active browser instance to the provided ``url``.</doc>
<arguments>
<arg>${url}</arg>
</arguments>
<msg timestamp="20200403 23:20:42.569" level="INFO">Opening url 'https://demo.nopcommerce.com/'</msg>
<status status="PASS" starttime="20200403 23:20:42.569" endtime="20200403 23:20:46.030"></status>
</kw>
<kw name="Sleep" library="BuiltIn">
<doc>Pauses the test executed for the given time.</doc>
<arguments>
<arg>5s</arg>
</arguments>
<msg timestamp="20200403 23:20:51.032" level="INFO">Slept 5 seconds</msg>
<status status="PASS" starttime="20200403 23:20:46.031" endtime="20200403 23:20:51.032"></status>
</kw>
<kw name="Close Browser" library="Selenium2Library">
<doc>Closes the current browser.</doc>
<status status="PASS" starttime="20200403 23:20:51.033" endtime="20200403 23:20:53.751"></status>
</kw>
<status status="PASS" starttime="20200403 23:20:40.235" endtime="20200403 23:20:53.751" critical="yes"></status>
</test>
<doc>Open a Web Page using Lenovo VSCODE</doc>
<status status="PASS" starttime="20200403 23:20:40.118" endtime="20200403 23:20:53.753"></status>
</suite>
<statistics>
<total>
<stat pass="1" fail="0">Critical Tests</stat>
<stat pass="1" fail="0">All Tests</stat>
</total>
<tag>
</tag>
<suite>
<stat pass="1" fail="0" id="s1" name="Tc0">Tc0</stat>
</suite>
</statistics>
<errors>
</errors>
</robot>
