<?xml version="1.0" encoding="UTF-8"?>
<robot generator="Robot 3.1.2 (Python 3.6.9 on linux)" generated="20200405 18:11:35.330" rpa="false">
<suite id="s1" name="frames RF" source="/home/elsys/Desktop/Teste/robot_frame/TestCase_09/frames_RF.robot">
<test id="s1-t1" name="LoginTest">
<kw name="openbrowserpath_application">
<kw name="Evaluate" library="BuiltIn">
<doc>Evaluates the given expression in Python and returns the results.</doc>
<arguments>
<arg>sys.modules['selenium.webdriver'].common.desired_capabilities.DesiredCapabilities.FIREFOX</arg>
<arg>sys, selenium.webdriver</arg>
</arguments>
<assign>
<var>${ff default caps}</var>
</assign>
<msg timestamp="20200405 18:11:35.448" level="INFO">${ff default caps} = {'browserName': 'firefox', 'marionette': True, 'acceptInsecureCerts': True}</msg>
<status status="PASS" starttime="20200405 18:11:35.447" endtime="20200405 18:11:35.448"></status>
</kw>
<kw name="Set To Dictionary" library="Collections">
<doc>Adds the given ``key_value_pairs`` and ``items`` to the ``dictionary``.</doc>
<arguments>
<arg>${ff default caps}</arg>
<arg>marionette =${True}</arg>
</arguments>
<status status="PASS" starttime="20200405 18:11:35.448" endtime="20200405 18:11:35.448"></status>
</kw>
<kw name="Create Webdriver" library="Selenium2Library">
<doc>Creates an instance of Selenium WebDriver.</doc>
<arguments>
<arg>Firefox</arg>
<arg>executable_path=/home/elsys/PycharmProjects/robot_frame/TestCases/geckodriver</arg>
</arguments>
<msg timestamp="20200405 18:11:35.448" level="INFO">Creating an instance of the Firefox WebDriver.</msg>
<status status="PASS" starttime="20200405 18:11:35.448" endtime="20200405 18:11:37.390"></status>
</kw>
<kw name="Maximize Browser Window" library="Selenium2Library">
<doc>Maximizes current browser window.</doc>
<status status="PASS" starttime="20200405 18:11:37.390" endtime="20200405 18:11:37.680"></status>
</kw>
<kw name="Sleep" library="BuiltIn">
<doc>Pauses the test executed for the given time.</doc>
<arguments>
<arg>3seconds</arg>
</arguments>
<msg timestamp="20200405 18:11:40.680" level="INFO">Slept 3 seconds</msg>
<status status="PASS" starttime="20200405 18:11:37.680" endtime="20200405 18:11:40.681"></status>
</kw>
<status status="PASS" starttime="20200405 18:11:35.447" endtime="20200405 18:11:40.681"></status>
</kw>
<kw name="Go To" library="Selenium2Library">
<doc>Navigates the active browser instance to the provided ``url``.</doc>
<arguments>
<arg>${url}</arg>
</arguments>
<msg timestamp="20200405 18:11:40.683" level="INFO">Opening url 'https://www.selenium.dev/selenium/docs/api/java/index'</msg>
<status status="PASS" starttime="20200405 18:11:40.682" endtime="20200405 18:11:45.173"></status>
</kw>
<kw name="Sleep" library="BuiltIn">
<doc>Pauses the test executed for the given time.</doc>
<arguments>
<arg>2</arg>
</arguments>
<msg timestamp="20200405 18:11:47.174" level="INFO">Slept 2 seconds</msg>
<status status="PASS" starttime="20200405 18:11:45.174" endtime="20200405 18:11:47.175"></status>
</kw>
<kw name="userandpassword_application">
<kw name="Select Frame" library="Selenium2Library">
<doc>Sets frame identified by ``locator`` as the current frame.</doc>
<arguments>
<arg>xpath://frame[@name='packageListFrame']</arg>
</arguments>
<msg timestamp="20200405 18:11:47.177" level="INFO">Selecting frame 'xpath://frame[@name='packageListFrame']'.</msg>
<status status="PASS" starttime="20200405 18:11:47.177" endtime="20200405 18:11:47.216"></status>
</kw>
<kw name="Click Link" library="Selenium2Library">
<doc>Clicks a link identified by ``locator``.</doc>
<arguments>
<arg>xpath://li[5]//a[1]</arg>
</arguments>
<msg timestamp="20200405 18:11:47.217" level="INFO">Clicking link 'xpath://li[5]//a[1]'.</msg>
<status status="PASS" starttime="20200405 18:11:47.216" endtime="20200405 18:11:47.455"></status>
</kw>
<kw name="Unselect Frame" library="Selenium2Library">
<doc>Sets the main frame as the current frame.</doc>
<status status="PASS" starttime="20200405 18:11:47.455" endtime="20200405 18:11:47.458"></status>
</kw>
<kw name="Sleep" library="BuiltIn">
<doc>Pauses the test executed for the given time.</doc>
<arguments>
<arg>2</arg>
</arguments>
<msg timestamp="20200405 18:11:49.459" level="INFO">Slept 2 seconds</msg>
<status status="PASS" starttime="20200405 18:11:47.458" endtime="20200405 18:11:49.459"></status>
</kw>
<kw name="Select Frame" library="Selenium2Library">
<doc>Sets frame identified by ``locator`` as the current frame.</doc>
<arguments>
<arg>packageFrame</arg>
</arguments>
<msg timestamp="20200405 18:11:49.461" level="INFO">Selecting frame 'packageFrame'.</msg>
<status status="PASS" starttime="20200405 18:11:49.460" endtime="20200405 18:11:49.488"></status>
</kw>
<kw name="Click Link" library="Selenium2Library">
<doc>Clicks a link identified by ``locator``.</doc>
<arguments>
<arg>WebDriver</arg>
</arguments>
<msg timestamp="20200405 18:11:49.490" level="INFO">Clicking link 'WebDriver'.</msg>
<status status="PASS" starttime="20200405 18:11:49.489" endtime="20200405 18:11:49.744"></status>
</kw>
<kw name="Unselect Frame" library="Selenium2Library">
<doc>Sets the main frame as the current frame.</doc>
<status status="PASS" starttime="20200405 18:11:49.745" endtime="20200405 18:11:49.754"></status>
</kw>
<kw name="Sleep" library="BuiltIn">
<doc>Pauses the test executed for the given time.</doc>
<arguments>
<arg>2</arg>
</arguments>
<msg timestamp="20200405 18:11:51.755" level="INFO">Slept 2 seconds</msg>
<status status="PASS" starttime="20200405 18:11:49.754" endtime="20200405 18:11:51.756"></status>
</kw>
<kw name="Select Frame" library="Selenium2Library">
<doc>Sets frame identified by ``locator`` as the current frame.</doc>
<arguments>
<arg>classFrame</arg>
</arguments>
<msg timestamp="20200405 18:11:51.757" level="INFO">Selecting frame 'classFrame'.</msg>
<status status="PASS" starttime="20200405 18:11:51.756" endtime="20200405 18:11:51.783"></status>
</kw>
<kw name="Click Link" library="Selenium2Library">
<doc>Clicks a link identified by ``locator``.</doc>
<arguments>
<arg>Index</arg>
</arguments>
<msg timestamp="20200405 18:11:51.784" level="INFO">Clicking link 'Index'.</msg>
<status status="PASS" starttime="20200405 18:11:51.784" endtime="20200405 18:11:52.875"></status>
</kw>
<kw name="Unselect Frame" library="Selenium2Library">
<doc>Sets the main frame as the current frame.</doc>
<status status="PASS" starttime="20200405 18:11:52.875" endtime="20200405 18:11:52.923"></status>
</kw>
<kw name="Sleep" library="BuiltIn">
<doc>Pauses the test executed for the given time.</doc>
<arguments>
<arg>2</arg>
</arguments>
<msg timestamp="20200405 18:11:54.924" level="INFO">Slept 2 seconds</msg>
<status status="PASS" starttime="20200405 18:11:52.923" endtime="20200405 18:11:54.925"></status>
</kw>
<status status="PASS" starttime="20200405 18:11:47.175" endtime="20200405 18:11:54.925"></status>
</kw>
<kw name="closebrowser_application">
<kw name="Sleep" library="BuiltIn">
<doc>Pauses the test executed for the given time.</doc>
<arguments>
<arg>3seconds</arg>
</arguments>
<msg timestamp="20200405 18:11:57.928" level="INFO">Slept 3 seconds</msg>
<status status="PASS" starttime="20200405 18:11:54.927" endtime="20200405 18:11:57.928"></status>
</kw>
<kw name="Close All Browsers" library="Selenium2Library">
<doc>Closes all open browsers and resets the browser cache.</doc>
<status status="PASS" starttime="20200405 18:11:57.929" endtime="20200405 18:12:01.662"></status>
</kw>
<status status="PASS" starttime="20200405 18:11:54.926" endtime="20200405 18:12:01.662"></status>
</kw>
<status status="PASS" starttime="20200405 18:11:35.447" endtime="20200405 18:12:01.663" critical="yes"></status>
</test>
<doc>Input Boxes performance</doc>
<status status="PASS" starttime="20200405 18:11:35.331" endtime="20200405 18:12:01.665"></status>
</suite>
<statistics>
<total>
<stat pass="1" fail="0">Critical Tests</stat>
<stat pass="1" fail="0">All Tests</stat>
</total>
<tag>
</tag>
<suite>
<stat pass="1" fail="0" id="s1" name="frames RF">frames RF</stat>
</suite>
</statistics>
<errors>
</errors>
</robot>
