<?xml version="1.0" encoding="UTF-8"?>
<robot generator="Robot 3.1.2 (Python 3.6.9 on linux)" generated="20200405 09:56:39.644" rpa="false">
<suite id="s1" name="Close All" source="/home/elsys/Desktop/Teste/robot_frame/TestCase_07/close_all.robot">
<test id="s1-t1" name="LoginTest">
<kw name="openbrowserpath_application">
<kw name="Evaluate" library="BuiltIn">
<doc>Evaluates the given expression in Python and returns the results.</doc>
<arguments>
<arg>sys.modules['selenium.webdriver'].common.desired_capabilities.DesiredCapabilities.FIREFOX</arg>
<arg>sys, selenium.webdriver</arg>
</arguments>
<assign>
<var>${ff default caps}</var>
</assign>
<msg timestamp="20200405 09:56:39.762" level="INFO">${ff default caps} = {'browserName': 'firefox', 'marionette': True, 'acceptInsecureCerts': True}</msg>
<status status="PASS" starttime="20200405 09:56:39.762" endtime="20200405 09:56:39.762"></status>
</kw>
<kw name="Set To Dictionary" library="Collections">
<doc>Adds the given ``key_value_pairs`` and ``items`` to the ``dictionary``.</doc>
<arguments>
<arg>${ff default caps}</arg>
<arg>marionette =${True}</arg>
</arguments>
<status status="PASS" starttime="20200405 09:56:39.762" endtime="20200405 09:56:39.763"></status>
</kw>
<kw name="Create Webdriver" library="Selenium2Library">
<doc>Creates an instance of Selenium WebDriver.</doc>
<arguments>
<arg>Firefox</arg>
<arg>executable_path=/home/elsys/PycharmProjects/robot_frame/TestCases/geckodriver</arg>
</arguments>
<msg timestamp="20200405 09:56:39.763" level="INFO">Creating an instance of the Firefox WebDriver.</msg>
<status status="PASS" starttime="20200405 09:56:39.763" endtime="20200405 09:56:41.751"></status>
</kw>
<kw name="Maximize Browser Window" library="Selenium2Library">
<doc>Maximizes current browser window.</doc>
<status status="PASS" starttime="20200405 09:56:41.751" endtime="20200405 09:56:42.031"></status>
</kw>
<kw name="Sleep" library="BuiltIn">
<doc>Pauses the test executed for the given time.</doc>
<arguments>
<arg>3seconds</arg>
</arguments>
<msg timestamp="20200405 09:56:45.032" level="INFO">Slept 3 seconds</msg>
<status status="PASS" starttime="20200405 09:56:42.031" endtime="20200405 09:56:45.032"></status>
</kw>
<status status="PASS" starttime="20200405 09:56:39.761" endtime="20200405 09:56:45.033"></status>
</kw>
<kw name="Go To" library="Selenium2Library">
<doc>Navigates the active browser instance to the provided ``url``.</doc>
<arguments>
<arg>${url}</arg>
</arguments>
<msg timestamp="20200405 09:56:45.035" level="INFO">Opening url 'http://demowebshop.tricentis.com/register'</msg>
<status status="PASS" starttime="20200405 09:56:45.033" endtime="20200405 09:56:49.754"></status>
</kw>
<kw name="Sleep" library="BuiltIn">
<doc>Pauses the test executed for the given time.</doc>
<arguments>
<arg>2</arg>
</arguments>
<msg timestamp="20200405 09:56:51.756" level="INFO">Slept 2 seconds</msg>
<status status="PASS" starttime="20200405 09:56:49.755" endtime="20200405 09:56:51.756"></status>
</kw>
<kw name="openbrowserpath_application">
<kw name="Evaluate" library="BuiltIn">
<doc>Evaluates the given expression in Python and returns the results.</doc>
<arguments>
<arg>sys.modules['selenium.webdriver'].common.desired_capabilities.DesiredCapabilities.FIREFOX</arg>
<arg>sys, selenium.webdriver</arg>
</arguments>
<assign>
<var>${ff default caps}</var>
</assign>
<msg timestamp="20200405 09:56:51.757" level="INFO">${ff default caps} = {'browserName': 'firefox', 'marionette': True, 'acceptInsecureCerts': True, 'marionette ': True}</msg>
<status status="PASS" starttime="20200405 09:56:51.757" endtime="20200405 09:56:51.757"></status>
</kw>
<kw name="Set To Dictionary" library="Collections">
<doc>Adds the given ``key_value_pairs`` and ``items`` to the ``dictionary``.</doc>
<arguments>
<arg>${ff default caps}</arg>
<arg>marionette =${True}</arg>
</arguments>
<status status="PASS" starttime="20200405 09:56:51.757" endtime="20200405 09:56:51.758"></status>
</kw>
<kw name="Create Webdriver" library="Selenium2Library">
<doc>Creates an instance of Selenium WebDriver.</doc>
<arguments>
<arg>Firefox</arg>
<arg>executable_path=/home/elsys/PycharmProjects/robot_frame/TestCases/geckodriver</arg>
</arguments>
<msg timestamp="20200405 09:56:51.758" level="INFO">Creating an instance of the Firefox WebDriver.</msg>
<status status="PASS" starttime="20200405 09:56:51.758" endtime="20200405 09:56:53.598"></status>
</kw>
<kw name="Maximize Browser Window" library="Selenium2Library">
<doc>Maximizes current browser window.</doc>
<status status="PASS" starttime="20200405 09:56:53.598" endtime="20200405 09:56:53.877"></status>
</kw>
<kw name="Sleep" library="BuiltIn">
<doc>Pauses the test executed for the given time.</doc>
<arguments>
<arg>3seconds</arg>
</arguments>
<msg timestamp="20200405 09:56:56.878" level="INFO">Slept 3 seconds</msg>
<status status="PASS" starttime="20200405 09:56:53.877" endtime="20200405 09:56:56.878"></status>
</kw>
<status status="PASS" starttime="20200405 09:56:51.756" endtime="20200405 09:56:56.879"></status>
</kw>
<kw name="Go To" library="Selenium2Library">
<doc>Navigates the active browser instance to the provided ``url``.</doc>
<arguments>
<arg>${url2}</arg>
</arguments>
<msg timestamp="20200405 09:56:56.880" level="INFO">Opening url 'https://google.com'</msg>
<status status="PASS" starttime="20200405 09:56:56.880" endtime="20200405 09:57:01.238"></status>
</kw>
<kw name="Sleep" library="BuiltIn">
<doc>Pauses the test executed for the given time.</doc>
<arguments>
<arg>2</arg>
</arguments>
<msg timestamp="20200405 09:57:03.239" level="INFO">Slept 2 seconds</msg>
<status status="PASS" starttime="20200405 09:57:01.239" endtime="20200405 09:57:03.240"></status>
</kw>
<kw name="closebrowser_application">
<kw name="Sleep" library="BuiltIn">
<doc>Pauses the test executed for the given time.</doc>
<arguments>
<arg>2second</arg>
</arguments>
<msg timestamp="20200405 09:57:05.243" level="INFO">Slept 2 seconds</msg>
<status status="PASS" starttime="20200405 09:57:03.242" endtime="20200405 09:57:05.243"></status>
</kw>
<kw name="Close All Browsers" library="Selenium2Library">
<doc>Closes all open browsers and resets the browser cache.</doc>
<status status="PASS" starttime="20200405 09:57:05.244" endtime="20200405 09:57:09.555"></status>
</kw>
<status status="PASS" starttime="20200405 09:57:03.241" endtime="20200405 09:57:09.555"></status>
</kw>
<status status="PASS" starttime="20200405 09:56:39.761" endtime="20200405 09:57:09.555" critical="yes"></status>
</test>
<doc>Input Boxes performance</doc>
<status status="PASS" starttime="20200405 09:56:39.645" endtime="20200405 09:57:09.556"></status>
</suite>
<statistics>
<total>
<stat pass="1" fail="0">Critical Tests</stat>
<stat pass="1" fail="0">All Tests</stat>
</total>
<tag>
</tag>
<suite>
<stat pass="1" fail="0" id="s1" name="Close All">Close All</stat>
</suite>
</statistics>
<errors>
</errors>
</robot>
